[ 2015-05-06T13:37:55+08:00 ] ::1 /movie/i_movie/index.php/Admin/Adminuser/showdminuser
ERR: 模板不存在:F:/wamp/www/movie/i_movie/Admin/View/Adminuser/showdminuser.html

[ 2015-05-06T13:38:18+08:00 ] ::1 /movie/i_movie/index.php/Admin/Adminuser/showdminuser
ERR: 模板不存在:F:/wamp/www/movie/i_movie/Admin/View/Adminuser/showdminuser.html

[ 2015-05-06T13:38:28+08:00 ] ::1 /movie/i_movie/index.php/Admin/Adminer/showadminuser
ERR: 模板不存在:F:/wamp/www/movie/i_movie/Admin/View/Adminer/showadminuser.html

[ 2015-05-06T13:40:19+08:00 ] ::1 /movie/i_movie/index.php/Admin/Manager/logi
ERR: 模板不存在:F:/wamp/www/movie/i_movie/Admin/View/Manager/logi.html

[ 2015-05-06T14:15:03+08:00 ] ::1 /movie/i_movie/index.php/Admin/Manager/fale
ERR: Syntax Error in template "F:/wamp/www/movie/i_movie/Admin/View\Manager\fale.html"  on line 7 "*{margin:0;padding:0;outline:none;font-family:\5FAE\8F6F\96C5\9ED1,宋体;-webkit-user-select:none;-moz-user-select:none;-ms-user-select:none;-khtml-user-select:none;user-select:none;cursor:default;font-weight:lighter;}"  - Unexpected ":", expected one of: "}" , " "

[ 2015-05-06T14:16:11+08:00 ] ::1 /movie/i_movie/index.php/Admin/Manager/fale
ERR: Syntax Error in template "F:/wamp/www/movie/i_movie/Admin/View\Manager\fale.html"  on line 8 ".center{margin:0 auto;}"  - Unexpected ":", expected one of: "}" , " "

[ 2015-05-06T14:20:01+08:00 ] ::1 /movie/i_movie/index.php/Admin/Manager/lk
ERR: 模板不存在:F:/wamp/www/movie/i_movie/Admin/View/Manager/lk.html

[ 2015-05-06T14:20:47+08:00 ] ::1 /movie/i_movie/index.php/Admin/Maner/lk
ERR: 模板不存在:F:/wamp/www/movie/i_movie/Admin/View/Maner/fale.html

[ 2015-05-06T14:27:56+08:00 ] ::1 /movie/i_movie/index.php/Admin/Mager/login
ERR: 模板不存在:F:/wamp/www/movie/i_movie/Admin/View/Mager/fale.html

[ 2015-05-06T16:07:33+08:00 ] ::1 /movie/i_movie/index.php/Home/Manager/login
ERR: 模板不存在:F:/wamp/www/movie/i_movie/Home/View/Manager/login.html

[ 2015-05-06T17:28:17+08:00 ] ::1 /movie/i_movie/index.php/Home/Manager/login
ERR: Think\Model:filed方法不存在！

[ 2015-05-06T20:19:27+08:00 ] ::1 /movie/i_movie/index.php/Home/Index/alllist
ERR: Syntax Error in template "F:/wamp/www/movie/i_movie/Home/View\Index\alllist.html"  on line 95 "&lt;input type=&quot;text&quot; value=&quot;Search...&quot; onfocus=&quot;this.value='';&quot; onblur=&quot;if (this.value == '') {this.value ='';}&quot;&gt;"  - Unexpected ".", expected one of: "}" , " "

[ 2015-05-06T20:46:17+08:00 ] ::1 /movie/i_movie/index.php/Home/Index/alllist
ERR: Syntax Error in template "F:/wamp/www/movie/i_movie/Home/View\Index\alllist.html"  on line 16 "$('html,body').animate({scrollTop:$(this.hash).offset().top},1200);"  - Unexpected ":", expected one of: "}" , " "

[ 2015-05-06T21:07:30+08:00 ] ::1 /movie/i_movie/index.php/Home/Index/alllist
ERR: Syntax Error in template "F:/wamp/www/movie/i_movie/Home/View\Index\alllist.html"  on line 831 "onfocus=&quot;if(this.value==&amp;#39;请在这里搜索！&amp;#39;){this.value=&amp;#39;&amp;#39;;}&quot;"  - Unexpected ".", expected one of: "}" , " "

[ 2015-05-06T21:08:15+08:00 ] ::1 /movie/i_movie/index.php/Home/Index/alllist
ERR: Syntax Error in template "F:/wamp/www/movie/i_movie/Home/View\Index\alllist.html"  on line 1071 "onclick=&quot;if(confirm(window.bShare.iL8n.confirmClose)){var date=new Date();date.setTime(date.getTime()+1800000);document.cookie=&amp;#39;bshare_off=true;expires=&amp;#39;+date.toGMTString()+&amp;#39;;path=/&amp;#39;;document.getElementById(&amp;#39;bshareF&amp;#39;).style.display=&amp;#39;none&amp;#39;;}return false;&quot;&gt;X&lt;/a&gt;"  - Unexpected ";", expected one of: "}" , " "

[ 2015-05-06T21:30:53+08:00 ] ::1 /movie/i_movie/index.php/Home/Index/alllist
ERR: 参数错误或者未定义:arr

[ 2015-05-06T21:35:41+08:00 ] ::1 /movie/i_movie/index.php/Home/Index/search
ERR: 模板不存在:F:/wamp/www/movie/i_movie/Home/View/Index/search.html

[ 2015-05-06T21:45:04+08:00 ] ::1 /movie/i_movie/index.php/public/
ERR: 无法加载控制器:Index

[ 2015-05-06T21:45:04+08:00 ] ::1 /movie/i_movie/index.php/public/
ERR: 无法加载控制器:Index

