[ 2016-02-26T13:10:17+08:00 ] 127.0.0.1 //index.php/Home/index/index
ERR: Syntax Error in template "E:\myweb/Home/View\index\index.html"  on line 54 "data: {text:a},"  - Unexpected ":", expected one of: "}" , " "

[ 2016-02-26T13:13:55+08:00 ] 127.0.0.1 //index.php/Home/index/index
ERR: Syntax Error in template "E:\myweb/Home/View\index\index.html"  on line 57 "success:function(){alert('邮件发送成功') ;" unknown function "alert"

[ 2016-02-26T13:13:56+08:00 ] 127.0.0.1 //index.php/Home/index/index
ERR: Syntax Error in template "E:\myweb/Home/View\index\index.html"  on line 57 "success:function(){alert('邮件发送成功') ;" unknown function "alert"

[ 2016-02-26T13:13:57+08:00 ] 127.0.0.1 //index.php/Home/index/index
ERR: Syntax Error in template "E:\myweb/Home/View\index\index.html"  on line 57 "success:function(){alert('邮件发送成功') ;" unknown function "alert"

[ 2016-02-26T13:13:57+08:00 ] 127.0.0.1 //index.php/Home/index/index
ERR: Syntax Error in template "E:\myweb/Home/View\index\index.html"  on line 57 "success:function(){alert('邮件发送成功') ;" unknown function "alert"

[ 2016-02-26T13:13:57+08:00 ] 127.0.0.1 //index.php/Home/index/index
ERR: Syntax Error in template "E:\myweb/Home/View\index\index.html"  on line 57 "success:function(){alert('邮件发送成功') ;" unknown function "alert"

[ 2016-02-26T13:13:58+08:00 ] 127.0.0.1 //index.php/Home/index/index
ERR: Syntax Error in template "E:\myweb/Home/View\index\index.html"  on line 57 "success:function(){alert('邮件发送成功') ;" unknown function "alert"

[ 2016-02-26T13:13:58+08:00 ] 127.0.0.1 //index.php/Home/index/index
ERR: Syntax Error in template "E:\myweb/Home/View\index\index.html"  on line 57 "success:function(){alert('邮件发送成功') ;" unknown function "alert"

[ 2016-02-26T13:13:58+08:00 ] 127.0.0.1 //index.php/Home/index/index
ERR: Syntax Error in template "E:\myweb/Home/View\index\index.html"  on line 57 "success:function(){alert('邮件发送成功') ;" unknown function "alert"

[ 2016-02-26T13:13:58+08:00 ] 127.0.0.1 //index.php/Home/index/index
ERR: Syntax Error in template "E:\myweb/Home/View\index\index.html"  on line 57 "success:function(){alert('邮件发送成功') ;" unknown function "alert"

[ 2016-02-26T13:13:59+08:00 ] 127.0.0.1 //index.php/Home/index/index
ERR: Syntax Error in template "E:\myweb/Home/View\index\index.html"  on line 57 "success:function(){alert('邮件发送成功') ;" unknown function "alert"

[ 2016-02-26T13:13:59+08:00 ] 127.0.0.1 //index.php/Home/index/index
ERR: Syntax Error in template "E:\myweb/Home/View\index\index.html"  on line 57 "success:function(){alert('邮件发送成功') ;" unknown function "alert"

[ 2016-02-26T13:14:00+08:00 ] 127.0.0.1 //index.php/Home/index/index
ERR: Syntax Error in template "E:\myweb/Home/View\index\index.html"  on line 57 "success:function(){alert('邮件发送成功') ;" unknown function "alert"

[ 2016-02-26T13:14:01+08:00 ] 127.0.0.1 //index.php/Home/index/index
ERR: Syntax Error in template "E:\myweb/Home/View\index\index.html"  on line 57 "success:function(){alert('邮件发送成功') ;" unknown function "alert"

[ 2016-02-26T13:14:01+08:00 ] 127.0.0.1 //index.php/Home/index/index
ERR: Syntax Error in template "E:\myweb/Home/View\index\index.html"  on line 57 "success:function(){alert('邮件发送成功') ;" unknown function "alert"

[ 2016-02-26T13:14:01+08:00 ] 127.0.0.1 //index.php/Home/index/index
ERR: Syntax Error in template "E:\myweb/Home/View\index\index.html"  on line 57 "success:function(){alert('邮件发送成功') ;" unknown function "alert"

[ 2016-02-26T13:14:01+08:00 ] 127.0.0.1 //index.php/Home/index/index
ERR: Syntax Error in template "E:\myweb/Home/View\index\index.html"  on line 57 "success:function(){alert('邮件发送成功') ;" unknown function "alert"

[ 2016-02-26T13:14:02+08:00 ] 127.0.0.1 //index.php/Home/index/index
ERR: Syntax Error in template "E:\myweb/Home/View\index\index.html"  on line 57 "success:function(){alert('邮件发送成功') ;" unknown function "alert"

[ 2016-02-26T13:14:02+08:00 ] 127.0.0.1 //index.php/Home/index/index
ERR: Syntax Error in template "E:\myweb/Home/View\index\index.html"  on line 57 "success:function(){alert('邮件发送成功') ;" unknown function "alert"

[ 2016-02-26T13:14:03+08:00 ] 127.0.0.1 //index.php/Home/index/index
ERR: Syntax Error in template "E:\myweb/Home/View\index\index.html"  on line 57 "success:function(){alert('邮件发送成功') ;" unknown function "alert"

[ 2016-02-26T13:14:03+08:00 ] 127.0.0.1 //index.php/Home/index/index
ERR: Syntax Error in template "E:\myweb/Home/View\index\index.html"  on line 57 "success:function(){alert('邮件发送成功') ;" unknown function "alert"

[ 2016-02-26T13:14:03+08:00 ] 127.0.0.1 //index.php/Home/index/index
ERR: Syntax Error in template "E:\myweb/Home/View\index\index.html"  on line 57 "success:function(){alert('邮件发送成功') ;" unknown function "alert"

[ 2016-02-26T13:14:03+08:00 ] 127.0.0.1 //index.php/Home/index/index
ERR: Syntax Error in template "E:\myweb/Home/View\index\index.html"  on line 57 "success:function(){alert('邮件发送成功') ;" unknown function "alert"

[ 2016-02-26T13:19:28+08:00 ] 127.0.0.1 /index.php/Home/index/send_email
INFO: [ app_begin ] --START--
INFO: Run Behavior\ReadHtmlCache [ RunTime:0.000000s ]
INFO: [ app_begin ] --END-- [ RunTime:0.000000s ]
INFO: [ action_begin ] --START--
INFO: [ action_begin ] --END-- [ RunTime:0.000000s ]
INFO: [ app_end ] --START--
INFO: Run Behavior\ShowPageTrace [ RunTime:0.000000s ]
INFO: [ app_end ] --END-- [ RunTime:0.000000s ]

[ 2016-02-26T13:19:30+08:00 ] 127.0.0.1 /index.php/Home/index/send_email
INFO: [ app_begin ] --START--
INFO: Run Behavior\ReadHtmlCache [ RunTime:0.000000s ]
INFO: [ app_begin ] --END-- [ RunTime:0.000000s ]
INFO: [ action_begin ] --START--
INFO: [ action_begin ] --END-- [ RunTime:0.000000s ]
INFO: [ app_end ] --START--
INFO: Run Behavior\ShowPageTrace [ RunTime:0.000000s ]
INFO: [ app_end ] --END-- [ RunTime:0.000000s ]

[ 2016-02-26T13:19:34+08:00 ] 127.0.0.1 /index.php/Home/index/send_email
INFO: [ app_begin ] --START--
INFO: Run Behavior\ReadHtmlCache [ RunTime:0.000000s ]
INFO: [ app_begin ] --END-- [ RunTime:0.000000s ]
INFO: [ action_begin ] --START--
INFO: [ action_begin ] --END-- [ RunTime:0.000000s ]
INFO: [ app_end ] --START--
INFO: Run Behavior\ShowPageTrace [ RunTime:0.000000s ]
INFO: [ app_end ] --END-- [ RunTime:0.000000s ]

[ 2016-02-26T13:19:36+08:00 ] 127.0.0.1 /index.php/Home/index/send_email
INFO: [ app_begin ] --START--
INFO: Run Behavior\ReadHtmlCache [ RunTime:0.000000s ]
INFO: [ app_begin ] --END-- [ RunTime:0.000000s ]
INFO: [ action_begin ] --START--
INFO: [ action_begin ] --END-- [ RunTime:0.000000s ]
INFO: [ app_end ] --START--
INFO: Run Behavior\ShowPageTrace [ RunTime:0.000000s ]
INFO: [ app_end ] --END-- [ RunTime:0.000000s ]

[ 2016-02-26T13:19:54+08:00 ] 127.0.0.1 /index.php/Home/index/send_email
INFO: [ app_begin ] --START--
INFO: Run Behavior\ReadHtmlCache [ RunTime:0.000000s ]
INFO: [ app_begin ] --END-- [ RunTime:0.000000s ]
INFO: [ action_begin ] --START--
INFO: [ action_begin ] --END-- [ RunTime:0.000000s ]

[ 2016-02-26T13:22:18+08:00 ] 127.0.0.1 /index.php/Home/index/send_email
INFO: [ app_begin ] --START--
INFO: Run Behavior\ReadHtmlCache [ RunTime:0.000000s ]
INFO: [ app_begin ] --END-- [ RunTime:0.000000s ]
INFO: [ action_begin ] --START--
INFO: [ action_begin ] --END-- [ RunTime:0.000000s ]

[ 2016-02-26T13:22:20+08:00 ] 127.0.0.1 /index.php/Home/index/send_email
INFO: [ app_begin ] --START--
INFO: Run Behavior\ReadHtmlCache [ RunTime:0.000000s ]
INFO: [ app_begin ] --END-- [ RunTime:0.000000s ]
INFO: [ action_begin ] --START--
INFO: [ action_begin ] --END-- [ RunTime:0.000000s ]

[ 2016-02-26T13:29:16+08:00 ] 127.0.0.1 /index.php/Home/index/send_email
INFO: [ app_begin ] --START--
INFO: Run Behavior\ReadHtmlCache [ RunTime:0.000000s ]
INFO: [ app_begin ] --END-- [ RunTime:0.000000s ]
INFO: [ action_begin ] --START--
INFO: [ action_begin ] --END-- [ RunTime:0.000000s ]
NOTIC: [8] Undefined index: data E:\myweb\Home\Controller\IndexController.class.php 第 16 行.

[ 2016-02-26T13:30:34+08:00 ] 127.0.0.1 /index.php/Home/index/send_email
INFO: [ app_begin ] --START--
INFO: Run Behavior\ReadHtmlCache [ RunTime:0.000000s ]
INFO: [ app_begin ] --END-- [ RunTime:0.000000s ]
INFO: [ action_begin ] --START--
INFO: [ action_begin ] --END-- [ RunTime:0.000000s ]
NOTIC: [8] Undefined index: data E:\myweb\Home\Controller\IndexController.class.php 第 16 行.

[ 2016-02-26T13:30:39+08:00 ] 127.0.0.1 /index.php/Home/index/send_email
INFO: [ app_begin ] --START--
INFO: Run Behavior\ReadHtmlCache [ RunTime:0.000000s ]
INFO: [ app_begin ] --END-- [ RunTime:0.001000s ]
INFO: [ action_begin ] --START--
INFO: [ action_begin ] --END-- [ RunTime:0.000000s ]
NOTIC: [8] Undefined index: data E:\myweb\Home\Controller\IndexController.class.php 第 16 行.

[ 2016-02-26T13:30:50+08:00 ] 127.0.0.1 /index.php/Home/index/send_email
INFO: [ app_begin ] --START--
INFO: Run Behavior\ReadHtmlCache [ RunTime:0.000000s ]
INFO: [ app_begin ] --END-- [ RunTime:0.001000s ]
INFO: [ action_begin ] --START--
INFO: [ action_begin ] --END-- [ RunTime:0.000000s ]
NOTIC: [8] Undefined index: data E:\myweb\Home\Controller\IndexController.class.php 第 16 行.

[ 2016-02-26T13:31:48+08:00 ] 127.0.0.1 /index.php/Home/index/send_email
INFO: [ app_begin ] --START--
INFO: Run Behavior\ReadHtmlCache [ RunTime:0.000000s ]
INFO: [ app_begin ] --END-- [ RunTime:0.000000s ]
INFO: [ action_begin ] --START--
INFO: [ action_begin ] --END-- [ RunTime:0.000000s ]
NOTIC: [8] Undefined index: data E:\myweb\Home\Controller\IndexController.class.php 第 16 行.

[ 2016-02-26T13:31:50+08:00 ] 127.0.0.1 /index.php/Home/index/send_email
INFO: [ app_begin ] --START--
INFO: Run Behavior\ReadHtmlCache [ RunTime:0.000000s ]
INFO: [ app_begin ] --END-- [ RunTime:0.000000s ]
INFO: [ action_begin ] --START--
INFO: [ action_begin ] --END-- [ RunTime:0.000000s ]
NOTIC: [8] Undefined index: data E:\myweb\Home\Controller\IndexController.class.php 第 16 行.

[ 2016-02-26T13:32:11+08:00 ] 127.0.0.1 /index.php/Home/index/send_email
INFO: [ app_begin ] --START--
INFO: Run Behavior\ReadHtmlCache [ RunTime:0.000000s ]
INFO: [ app_begin ] --END-- [ RunTime:0.001000s ]
INFO: [ action_begin ] --START--
INFO: [ action_begin ] --END-- [ RunTime:0.000000s ]
NOTIC: [8] Undefined index: data E:\myweb\Home\Controller\IndexController.class.php 第 16 行.
INFO: [ app_end ] --START--
INFO: Run Behavior\ShowPageTrace [ RunTime:0.000000s ]
INFO: [ app_end ] --END-- [ RunTime:0.000000s ]

[ 2016-02-26T13:32:16+08:00 ] 127.0.0.1 /index.php/Home/index/send_email
INFO: [ app_begin ] --START--
INFO: Run Behavior\ReadHtmlCache [ RunTime:0.000000s ]
INFO: [ app_begin ] --END-- [ RunTime:0.001000s ]
INFO: [ action_begin ] --START--
INFO: [ action_begin ] --END-- [ RunTime:0.000000s ]
NOTIC: [8] Undefined index: data E:\myweb\Home\Controller\IndexController.class.php 第 16 行.
INFO: [ app_end ] --START--
INFO: Run Behavior\ShowPageTrace [ RunTime:0.000000s ]
INFO: [ app_end ] --END-- [ RunTime:0.000000s ]

[ 2016-02-26T13:33:24+08:00 ] 127.0.0.1 /index.php/Home/index/send_email
INFO: [ app_begin ] --START--
INFO: Run Behavior\ReadHtmlCache [ RunTime:0.000000s ]
INFO: [ app_begin ] --END-- [ RunTime:0.001000s ]
INFO: [ action_begin ] --START--
INFO: [ action_begin ] --END-- [ RunTime:0.000000s ]
NOTIC: [8] Undefined index: data E:\myweb\Home\Controller\IndexController.class.php 第 16 行.
INFO: [ app_end ] --START--
INFO: Run Behavior\ShowPageTrace [ RunTime:0.001000s ]
INFO: [ app_end ] --END-- [ RunTime:0.001000s ]

[ 2016-02-26T13:33:27+08:00 ] 127.0.0.1 /index.php/Home/index/send_email
INFO: [ app_begin ] --START--
INFO: Run Behavior\ReadHtmlCache [ RunTime:0.000000s ]
INFO: [ app_begin ] --END-- [ RunTime:0.001000s ]
INFO: [ action_begin ] --START--
INFO: [ action_begin ] --END-- [ RunTime:0.000000s ]
NOTIC: [8] Undefined index: data E:\myweb\Home\Controller\IndexController.class.php 第 16 行.
INFO: [ app_end ] --START--
INFO: Run Behavior\ShowPageTrace [ RunTime:0.000000s ]
INFO: [ app_end ] --END-- [ RunTime:0.000000s ]

[ 2016-02-26T13:39:11+08:00 ] 127.0.0.1 /index.php/Home/index/send_email
INFO: [ app_begin ] --START--
INFO: Run Behavior\ReadHtmlCache [ RunTime:0.000000s ]
INFO: [ app_begin ] --END-- [ RunTime:0.000000s ]
INFO: [ action_begin ] --START--
INFO: [ action_begin ] --END-- [ RunTime:0.000000s ]
NOTIC: [8] Undefined index: data E:\myweb\Home\Controller\IndexController.class.php 第 16 行.
INFO: [ app_end ] --START--
INFO: Run Behavior\ShowPageTrace [ RunTime:0.000000s ]
INFO: [ app_end ] --END-- [ RunTime:0.000000s ]

[ 2016-02-26T13:40:09+08:00 ] 127.0.0.1 /index.php/Home/index/send_email
INFO: [ app_begin ] --START--
INFO: Run Behavior\ReadHtmlCache [ RunTime:0.000000s ]
INFO: [ app_begin ] --END-- [ RunTime:0.001000s ]
INFO: [ action_begin ] --START--
INFO: [ action_begin ] --END-- [ RunTime:0.000000s ]
NOTIC: [8] Undefined index: data E:\myweb\Home\Controller\IndexController.class.php 第 16 行.
INFO: [ app_end ] --START--
INFO: Run Behavior\ShowPageTrace [ RunTime:0.000000s ]
INFO: [ app_end ] --END-- [ RunTime:0.000000s ]

[ 2016-02-26T13:40:59+08:00 ] 127.0.0.1 /index.php/Home/index/send_email
INFO: [ app_begin ] --START--
INFO: Run Behavior\ReadHtmlCache [ RunTime:0.000000s ]
INFO: [ app_begin ] --END-- [ RunTime:0.000000s ]
INFO: [ action_begin ] --START--
INFO: [ action_begin ] --END-- [ RunTime:0.000000s ]
NOTIC: [8] Undefined index: data E:\myweb\Home\Controller\IndexController.class.php 第 16 行.
INFO: [ app_end ] --START--
INFO: Run Behavior\ShowPageTrace [ RunTime:0.000000s ]
INFO: [ app_end ] --END-- [ RunTime:0.000000s ]

[ 2016-02-26T13:41:03+08:00 ] 127.0.0.1 /index.php/Home/index/send_email
INFO: [ app_begin ] --START--
INFO: Run Behavior\ReadHtmlCache [ RunTime:0.000000s ]
INFO: [ app_begin ] --END-- [ RunTime:0.000000s ]
INFO: [ action_begin ] --START--
INFO: [ action_begin ] --END-- [ RunTime:0.000000s ]
NOTIC: [8] Undefined index: data E:\myweb\Home\Controller\IndexController.class.php 第 16 行.
INFO: [ app_end ] --START--
INFO: Run Behavior\ShowPageTrace [ RunTime:0.000000s ]
INFO: [ app_end ] --END-- [ RunTime:0.000000s ]

[ 2016-02-26T13:41:16+08:00 ] 127.0.0.1 /index.php/Home/index/send_email
INFO: [ app_begin ] --START--
INFO: Run Behavior\ReadHtmlCache [ RunTime:0.000000s ]
INFO: [ app_begin ] --END-- [ RunTime:0.001000s ]
INFO: [ action_begin ] --START--
INFO: [ action_begin ] --END-- [ RunTime:0.000000s ]
NOTIC: [8] Undefined index: data E:\myweb\Home\Controller\IndexController.class.php 第 16 行.
INFO: [ app_end ] --START--
INFO: Run Behavior\ShowPageTrace [ RunTime:0.000000s ]
INFO: [ app_end ] --END-- [ RunTime:0.000000s ]

[ 2016-02-26T13:53:01+08:00 ] 127.0.0.1 /index.php/Home/index/send_email
INFO: [ app_begin ] --START--
INFO: Run Behavior\ReadHtmlCache [ RunTime:0.000000s ]
INFO: [ app_begin ] --END-- [ RunTime:0.000000s ]
INFO: [ action_begin ] --START--
INFO: [ action_begin ] --END-- [ RunTime:0.000000s ]
NOTIC: [8] Undefined index: data E:\myweb\Home\Controller\IndexController.class.php 第 16 行.
INFO: [ app_end ] --START--
INFO: Run Behavior\ShowPageTrace [ RunTime:0.000000s ]
INFO: [ app_end ] --END-- [ RunTime:0.000000s ]

[ 2016-02-26T13:53:07+08:00 ] 127.0.0.1 /index.php/Home/index/send_email
INFO: [ app_begin ] --START--
INFO: Run Behavior\ReadHtmlCache [ RunTime:0.000000s ]
INFO: [ app_begin ] --END-- [ RunTime:0.000000s ]
INFO: [ action_begin ] --START--
INFO: [ action_begin ] --END-- [ RunTime:0.000000s ]
NOTIC: [8] Undefined index: data E:\myweb\Home\Controller\IndexController.class.php 第 16 行.
INFO: [ app_end ] --START--
INFO: Run Behavior\ShowPageTrace [ RunTime:0.000000s ]
INFO: [ app_end ] --END-- [ RunTime:0.001000s ]

[ 2016-02-26T14:05:43+08:00 ] 127.0.0.1 /index.php/Home/index/send_email
INFO: [ app_begin ] --START--
INFO: Run Behavior\ReadHtmlCache [ RunTime:0.000000s ]
INFO: [ app_begin ] --END-- [ RunTime:0.000000s ]
INFO: [ action_begin ] --START--
INFO: [ action_begin ] --END-- [ RunTime:0.001000s ]
NOTIC: [8] Undefined index: data E:\myweb\Home\Controller\IndexController.class.php 第 17 行.
INFO: [ app_end ] --START--
INFO: Run Behavior\ShowPageTrace [ RunTime:0.000000s ]
INFO: [ app_end ] --END-- [ RunTime:0.000000s ]

[ 2016-02-26T14:09:26+08:00 ] 127.0.0.1 /index.php/Home/index/send_email
INFO: [ app_begin ] --START--
INFO: Run Behavior\ReadHtmlCache [ RunTime:0.000000s ]
INFO: [ app_begin ] --END-- [ RunTime:0.000000s ]
INFO: [ action_begin ] --START--
INFO: [ action_begin ] --END-- [ RunTime:0.000000s ]

[ 2016-02-26T14:21:53+08:00 ] 127.0.0.1 /index.php/Home/index/send_email
INFO: [ app_begin ] --START--
INFO: Run Behavior\ReadHtmlCache [ RunTime:0.001000s ]
INFO: [ app_begin ] --END-- [ RunTime:0.001000s ]
INFO: [ action_begin ] --START--
INFO: [ action_begin ] --END-- [ RunTime:0.000000s ]

[ 2016-02-26T14:28:00+08:00 ] 127.0.0.1 /index.php/Home/index/send_email
INFO: [ app_begin ] --START--
INFO: Run Behavior\ReadHtmlCache [ RunTime:0.000000s ]
INFO: [ app_begin ] --END-- [ RunTime:0.000000s ]
INFO: [ action_begin ] --START--
INFO: [ action_begin ] --END-- [ RunTime:0.000000s ]
NOTIC: [8] Undefined index: data E:\myweb\Home\Controller\IndexController.class.php 第 17 行.

[ 2016-02-26T14:28:45+08:00 ] 127.0.0.1 /index.php/Home/index/send_email
INFO: [ app_begin ] --START--
INFO: Run Behavior\ReadHtmlCache [ RunTime:0.000000s ]
INFO: [ app_begin ] --END-- [ RunTime:0.001000s ]
INFO: [ action_begin ] --START--
INFO: [ action_begin ] --END-- [ RunTime:0.000000s ]
NOTIC: [8] Undefined index: data E:\myweb\Home\Controller\IndexController.class.php 第 17 行.

[ 2016-02-26T14:29:31+08:00 ] 127.0.0.1 /index.php/Home/index/send_email
INFO: [ app_begin ] --START--
INFO: Run Behavior\ReadHtmlCache [ RunTime:0.000000s ]
INFO: [ app_begin ] --END-- [ RunTime:0.001000s ]
INFO: [ action_begin ] --START--
INFO: [ action_begin ] --END-- [ RunTime:0.000000s ]
NOTIC: [8] Undefined index: data E:\myweb\Home\Controller\IndexController.class.php 第 17 行.

[ 2016-02-26T14:30:01+08:00 ] 127.0.0.1 /index.php/Home/index/send_email
INFO: [ app_begin ] --START--
INFO: Run Behavior\ReadHtmlCache [ RunTime:0.000000s ]
INFO: [ app_begin ] --END-- [ RunTime:0.001000s ]
INFO: [ action_begin ] --START--
INFO: [ action_begin ] --END-- [ RunTime:0.000000s ]
NOTIC: [8] Undefined index: data E:\myweb\Home\Controller\IndexController.class.php 第 17 行.

[ 2016-02-26T14:30:26+08:00 ] 127.0.0.1 /index.php/Home/index/send_email
INFO: [ app_begin ] --START--
INFO: Run Behavior\ReadHtmlCache [ RunTime:0.000000s ]
INFO: [ app_begin ] --END-- [ RunTime:0.000000s ]
INFO: [ action_begin ] --START--
INFO: [ action_begin ] --END-- [ RunTime:0.000000s ]

[ 2016-02-26T14:31:23+08:00 ] 127.0.0.1 /index.php/Home/index/send_email
INFO: [ app_begin ] --START--
INFO: Run Behavior\ReadHtmlCache [ RunTime:0.000000s ]
INFO: [ app_begin ] --END-- [ RunTime:0.000000s ]
INFO: [ action_begin ] --START--
INFO: [ action_begin ] --END-- [ RunTime:0.000000s ]

[ 2016-02-26T14:31:57+08:00 ] 127.0.0.1 /index.php/Home/index/send_email
INFO: [ app_begin ] --START--
INFO: Run Behavior\ReadHtmlCache [ RunTime:0.000000s ]
INFO: [ app_begin ] --END-- [ RunTime:0.001000s ]
INFO: [ action_begin ] --START--
INFO: [ action_begin ] --END-- [ RunTime:0.001000s ]

[ 2016-02-26T14:33:47+08:00 ] 127.0.0.1 /index.php/Home/index/send_email
INFO: [ app_begin ] --START--
INFO: Run Behavior\ReadHtmlCache [ RunTime:0.000000s ]
INFO: [ app_begin ] --END-- [ RunTime:0.001000s ]
INFO: [ action_begin ] --START--
INFO: [ action_begin ] --END-- [ RunTime:0.000000s ]

[ 2016-02-26T14:36:02+08:00 ] 127.0.0.1 /index.php/Home/index/index?
ERR: Syntax Error in template "E:\myweb/Home/View\index\index.html"  on line 56 "data:{&quot;a&quot;:a},"  - Unexpected ":", expected one of: "}" , " "

[ 2016-02-26T14:40:22+08:00 ] 127.0.0.1 /index.php/Home/index/send_email
INFO: [ app_begin ] --START--
INFO: Run Behavior\ReadHtmlCache [ RunTime:0.000000s ]
INFO: [ app_begin ] --END-- [ RunTime:0.000000s ]
INFO: [ action_begin ] --START--
INFO: [ action_begin ] --END-- [ RunTime:0.000000s ]

[ 2016-02-26T14:41:57+08:00 ] 127.0.0.1 /index.php/Home/index/send_email
INFO: [ app_begin ] --START--
INFO: Run Behavior\ReadHtmlCache [ RunTime:0.000000s ]
INFO: [ app_begin ] --END-- [ RunTime:0.000000s ]
INFO: [ action_begin ] --START--
INFO: [ action_begin ] --END-- [ RunTime:0.000000s ]

[ 2016-02-26T14:42:28+08:00 ] 127.0.0.1 /index.php/Home/index/send_email
INFO: [ app_begin ] --START--
INFO: Run Behavior\ReadHtmlCache [ RunTime:0.000000s ]
INFO: [ app_begin ] --END-- [ RunTime:0.000000s ]
INFO: [ action_begin ] --START--
INFO: [ action_begin ] --END-- [ RunTime:0.000000s ]

[ 2016-02-26T14:43:05+08:00 ] 127.0.0.1 /index.php/Home/index/send_email
INFO: [ app_begin ] --START--
INFO: Run Behavior\ReadHtmlCache [ RunTime:0.000000s ]
INFO: [ app_begin ] --END-- [ RunTime:0.001000s ]
INFO: [ action_begin ] --START--
INFO: [ action_begin ] --END-- [ RunTime:0.000000s ]

[ 2016-02-26T14:43:38+08:00 ] 127.0.0.1 /index.php/Home/index/send_email
INFO: [ app_begin ] --START--
INFO: Run Behavior\ReadHtmlCache [ RunTime:0.000000s ]
INFO: [ app_begin ] --END-- [ RunTime:0.001000s ]
INFO: [ action_begin ] --START--
INFO: [ action_begin ] --END-- [ RunTime:0.000000s ]

[ 2016-02-26T14:44:18+08:00 ] 127.0.0.1 /index.php/Home/index/send_email
INFO: [ app_begin ] --START--
INFO: Run Behavior\ReadHtmlCache [ RunTime:0.000000s ]
INFO: [ app_begin ] --END-- [ RunTime:0.000000s ]
INFO: [ action_begin ] --START--
INFO: [ action_begin ] --END-- [ RunTime:0.000000s ]

[ 2016-02-26T14:46:44+08:00 ] 127.0.0.1 /index.php/Home/index/send_email
INFO: [ app_begin ] --START--
INFO: Run Behavior\ReadHtmlCache [ RunTime:0.000000s ]
INFO: [ app_begin ] --END-- [ RunTime:0.000000s ]
INFO: [ action_begin ] --START--
INFO: [ action_begin ] --END-- [ RunTime:0.000000s ]

[ 2016-02-26T14:47:07+08:00 ] 127.0.0.1 /index.php/Home/index/send_email
INFO: [ app_begin ] --START--
INFO: Run Behavior\ReadHtmlCache [ RunTime:0.000000s ]
INFO: [ app_begin ] --END-- [ RunTime:0.000000s ]
INFO: [ action_begin ] --START--
INFO: [ action_begin ] --END-- [ RunTime:0.000000s ]

[ 2016-02-26T14:47:26+08:00 ] 127.0.0.1 /index.php/Home/index/send_email
INFO: [ app_begin ] --START--
INFO: Run Behavior\ReadHtmlCache [ RunTime:0.000000s ]
INFO: [ app_begin ] --END-- [ RunTime:0.001000s ]
INFO: [ action_begin ] --START--
INFO: [ action_begin ] --END-- [ RunTime:0.000000s ]

[ 2016-02-26T14:47:46+08:00 ] 127.0.0.1 /index.php/Home/index/send_email
INFO: [ app_begin ] --START--
INFO: Run Behavior\ReadHtmlCache [ RunTime:0.000000s ]
INFO: [ app_begin ] --END-- [ RunTime:0.000000s ]
INFO: [ action_begin ] --START--
INFO: [ action_begin ] --END-- [ RunTime:0.000000s ]

[ 2016-02-26T14:48:22+08:00 ] 127.0.0.1 /index.php/Home/index/send_email
INFO: [ app_begin ] --START--
INFO: Run Behavior\ReadHtmlCache [ RunTime:0.000000s ]
INFO: [ app_begin ] --END-- [ RunTime:0.000000s ]
INFO: [ action_begin ] --START--
INFO: [ action_begin ] --END-- [ RunTime:0.000000s ]

[ 2016-02-26T14:49:08+08:00 ] 127.0.0.1 /index.php/Home/index/send_email
INFO: [ app_begin ] --START--
INFO: Run Behavior\ReadHtmlCache [ RunTime:0.001000s ]
INFO: [ app_begin ] --END-- [ RunTime:0.001000s ]
INFO: [ action_begin ] --START--
INFO: [ action_begin ] --END-- [ RunTime:0.000000s ]

[ 2016-02-26T14:49:18+08:00 ] 127.0.0.1 /index.php/Home/index/send_email
INFO: [ app_begin ] --START--
INFO: Run Behavior\ReadHtmlCache [ RunTime:0.001000s ]
INFO: [ app_begin ] --END-- [ RunTime:0.001000s ]
INFO: [ action_begin ] --START--
INFO: [ action_begin ] --END-- [ RunTime:0.000000s ]

[ 2016-02-26T14:57:18+08:00 ] 127.0.0.1 /index.php/Home/index/send_email
INFO: [ app_begin ] --START--
INFO: Run Behavior\ReadHtmlCache [ RunTime:0.000000s ]
INFO: [ app_begin ] --END-- [ RunTime:0.000000s ]
INFO: [ action_begin ] --START--
INFO: [ action_begin ] --END-- [ RunTime:0.000000s ]

[ 2016-02-26T15:01:32+08:00 ] 127.0.0.1 /index.php/Home/index/send_email
INFO: [ app_begin ] --START--
INFO: Run Behavior\ReadHtmlCache [ RunTime:0.000000s ]
INFO: [ app_begin ] --END-- [ RunTime:0.000000s ]
INFO: [ action_begin ] --START--
INFO: [ action_begin ] --END-- [ RunTime:0.000000s ]
NOTIC: [8] Array to string conversion E:\myweb\Home\Controller\IndexController.class.php 第 16 行.

[ 2016-02-26T15:07:37+08:00 ] 127.0.0.1 /index.php/Home/index/send_email
INFO: [ app_begin ] --START--
INFO: Run Behavior\ReadHtmlCache [ RunTime:0.000000s ]
INFO: [ app_begin ] --END-- [ RunTime:0.001000s ]
INFO: [ action_begin ] --START--
INFO: [ action_begin ] --END-- [ RunTime:0.000000s ]
NOTIC: [8] Undefined index: data E:\myweb\Home\Controller\IndexController.class.php 第 16 行.

[ 2016-02-26T15:07:53+08:00 ] 127.0.0.1 /index.php/Home/index/send_email
INFO: [ app_begin ] --START--
INFO: Run Behavior\ReadHtmlCache [ RunTime:0.000000s ]
INFO: [ app_begin ] --END-- [ RunTime:0.000000s ]
INFO: [ action_begin ] --START--
INFO: [ action_begin ] --END-- [ RunTime:0.000000s ]

[ 2016-02-26T15:08:24+08:00 ] 127.0.0.1 /index.php/Home/index/send_email
INFO: [ app_begin ] --START--
INFO: Run Behavior\ReadHtmlCache [ RunTime:0.000000s ]
INFO: [ app_begin ] --END-- [ RunTime:0.000000s ]
INFO: [ action_begin ] --START--
INFO: [ action_begin ] --END-- [ RunTime:0.000000s ]

[ 2016-02-26T15:09:46+08:00 ] 127.0.0.1 /index.php/Home/index/send_email
INFO: [ app_begin ] --START--
INFO: Run Behavior\ReadHtmlCache [ RunTime:0.000000s ]
INFO: [ app_begin ] --END-- [ RunTime:0.000000s ]
INFO: [ action_begin ] --START--
INFO: [ action_begin ] --END-- [ RunTime:0.000000s ]
INFO: [ app_end ] --START--
INFO: Run Behavior\ShowPageTrace [ RunTime:0.000000s ]
INFO: [ app_end ] --END-- [ RunTime:0.000000s ]

[ 2016-02-26T15:10:03+08:00 ] 127.0.0.1 /index.php/Home/index/send_email
INFO: [ app_begin ] --START--
INFO: Run Behavior\ReadHtmlCache [ RunTime:0.001000s ]
INFO: [ app_begin ] --END-- [ RunTime:0.001000s ]
INFO: [ action_begin ] --START--
INFO: [ action_begin ] --END-- [ RunTime:0.001000s ]
INFO: [ app_end ] --START--
INFO: Run Behavior\ShowPageTrace [ RunTime:0.000000s ]
INFO: [ app_end ] --END-- [ RunTime:0.000000s ]

[ 2016-02-26T15:10:38+08:00 ] 127.0.0.1 /index.php/Home/index/send_email
INFO: [ app_begin ] --START--
INFO: Run Behavior\ReadHtmlCache [ RunTime:0.000000s ]
INFO: [ app_begin ] --END-- [ RunTime:0.000000s ]
INFO: [ action_begin ] --START--
INFO: [ action_begin ] --END-- [ RunTime:0.000000s ]
INFO: [ app_end ] --START--
INFO: Run Behavior\ShowPageTrace [ RunTime:0.000000s ]
INFO: [ app_end ] --END-- [ RunTime:0.000000s ]

[ 2016-02-26T15:11:27+08:00 ] 127.0.0.1 /index.php/Home/index/send_email
INFO: [ app_begin ] --START--
INFO: Run Behavior\ReadHtmlCache [ RunTime:0.000000s ]
INFO: [ app_begin ] --END-- [ RunTime:0.000000s ]
INFO: [ action_begin ] --START--
INFO: [ action_begin ] --END-- [ RunTime:0.000000s ]
INFO: [ app_end ] --START--
INFO: Run Behavior\ShowPageTrace [ RunTime:0.000000s ]
INFO: [ app_end ] --END-- [ RunTime:0.000000s ]

[ 2016-02-26T15:11:28+08:00 ] 127.0.0.1 /index.php/Home/index/send_email
INFO: [ app_begin ] --START--
INFO: Run Behavior\ReadHtmlCache [ RunTime:0.000000s ]
INFO: [ app_begin ] --END-- [ RunTime:0.001000s ]
INFO: [ action_begin ] --START--
INFO: [ action_begin ] --END-- [ RunTime:0.000000s ]
INFO: [ app_end ] --START--
INFO: Run Behavior\ShowPageTrace [ RunTime:0.000000s ]
INFO: [ app_end ] --END-- [ RunTime:0.000000s ]

[ 2016-02-26T15:11:59+08:00 ] 127.0.0.1 /index.php/Home/index/send_email
INFO: [ app_begin ] --START--
INFO: Run Behavior\ReadHtmlCache [ RunTime:0.000000s ]
INFO: [ app_begin ] --END-- [ RunTime:0.000000s ]
INFO: [ action_begin ] --START--
INFO: [ action_begin ] --END-- [ RunTime:0.000000s ]

[ 2016-02-26T15:13:44+08:00 ] 127.0.0.1 /index.php/Home/index/send_email
INFO: [ app_begin ] --START--
INFO: Run Behavior\ReadHtmlCache [ RunTime:0.000000s ]
INFO: [ app_begin ] --END-- [ RunTime:0.000000s ]
INFO: [ action_begin ] --START--
INFO: [ action_begin ] --END-- [ RunTime:0.000000s ]

[ 2016-02-26T15:13:57+08:00 ] 127.0.0.1 /index.php/Home/index/send_email
INFO: [ app_begin ] --START--
INFO: Run Behavior\ReadHtmlCache [ RunTime:0.000000s ]
INFO: [ app_begin ] --END-- [ RunTime:0.001000s ]
INFO: [ action_begin ] --START--
INFO: [ action_begin ] --END-- [ RunTime:0.000000s ]

[ 2016-02-26T15:14:10+08:00 ] 127.0.0.1 /index.php/Home/index/send_email
INFO: [ app_begin ] --START--
INFO: Run Behavior\ReadHtmlCache [ RunTime:0.000000s ]
INFO: [ app_begin ] --END-- [ RunTime:0.000000s ]
INFO: [ action_begin ] --START--
INFO: [ action_begin ] --END-- [ RunTime:0.000000s ]

[ 2016-02-26T15:14:28+08:00 ] 127.0.0.1 /index.php/Home/index/send_email
INFO: [ app_begin ] --START--
INFO: Run Behavior\ReadHtmlCache [ RunTime:0.001000s ]
INFO: [ app_begin ] --END-- [ RunTime:0.001000s ]
INFO: [ action_begin ] --START--
INFO: [ action_begin ] --END-- [ RunTime:0.000000s ]
INFO: [ app_end ] --START--
INFO: Run Behavior\ShowPageTrace [ RunTime:0.000000s ]
INFO: [ app_end ] --END-- [ RunTime:0.000000s ]

[ 2016-02-26T15:14:42+08:00 ] 127.0.0.1 /index.php/Home/index/send_email
INFO: [ app_begin ] --START--
INFO: Run Behavior\ReadHtmlCache [ RunTime:0.000000s ]
INFO: [ app_begin ] --END-- [ RunTime:0.000000s ]
INFO: [ action_begin ] --START--
INFO: [ action_begin ] --END-- [ RunTime:0.000000s ]

[ 2016-02-26T15:14:56+08:00 ] 127.0.0.1 /index.php/Home/index/send_email
INFO: [ app_begin ] --START--
INFO: Run Behavior\ReadHtmlCache [ RunTime:0.000000s ]
INFO: [ app_begin ] --END-- [ RunTime:0.001000s ]
INFO: [ action_begin ] --START--
INFO: [ action_begin ] --END-- [ RunTime:0.000000s ]

[ 2016-02-26T15:15:17+08:00 ] 127.0.0.1 /index.php/Home/index/send_email
INFO: [ app_begin ] --START--
INFO: Run Behavior\ReadHtmlCache [ RunTime:0.001000s ]
INFO: [ app_begin ] --END-- [ RunTime:0.001000s ]
INFO: [ action_begin ] --START--
INFO: [ action_begin ] --END-- [ RunTime:0.000000s ]

[ 2016-02-26T15:23:36+08:00 ] 127.0.0.1 /index.php/Home/index/send_email
INFO: [ app_begin ] --START--
INFO: Run Behavior\ReadHtmlCache [ RunTime:0.000000s ]
INFO: [ app_begin ] --END-- [ RunTime:0.000000s ]
INFO: [ action_begin ] --START--
INFO: [ action_begin ] --END-- [ RunTime:0.000000s ]

[ 2016-02-26T15:24:01+08:00 ] 127.0.0.1 /index.php/Home/index/send_email
INFO: [ app_begin ] --START--
INFO: Run Behavior\ReadHtmlCache [ RunTime:0.000000s ]
INFO: [ app_begin ] --END-- [ RunTime:0.000000s ]
INFO: [ action_begin ] --START--
INFO: [ action_begin ] --END-- [ RunTime:0.000000s ]

[ 2016-02-26T15:24:14+08:00 ] 127.0.0.1 /index.php/Home/index/send_email
INFO: [ app_begin ] --START--
INFO: Run Behavior\ReadHtmlCache [ RunTime:0.000000s ]
INFO: [ app_begin ] --END-- [ RunTime:0.001000s ]
INFO: [ action_begin ] --START--
INFO: [ action_begin ] --END-- [ RunTime:0.000000s ]

[ 2016-02-26T15:24:29+08:00 ] 127.0.0.1 /index.php/Home/index/send_email
INFO: [ app_begin ] --START--
INFO: Run Behavior\ReadHtmlCache [ RunTime:0.000000s ]
INFO: [ app_begin ] --END-- [ RunTime:0.001000s ]
INFO: [ action_begin ] --START--
INFO: [ action_begin ] --END-- [ RunTime:0.001000s ]

[ 2016-02-26T15:24:41+08:00 ] 127.0.0.1 /index.php/Home/index/send_email
INFO: [ app_begin ] --START--
INFO: Run Behavior\ReadHtmlCache [ RunTime:0.000000s ]
INFO: [ app_begin ] --END-- [ RunTime:0.001000s ]
INFO: [ action_begin ] --START--
INFO: [ action_begin ] --END-- [ RunTime:0.000000s ]

[ 2016-02-26T15:31:54+08:00 ] 127.0.0.1 /index.php/Home/index/send_email
INFO: [ app_begin ] --START--
INFO: Run Behavior\ReadHtmlCache [ RunTime:0.000000s ]
INFO: [ app_begin ] --END-- [ RunTime:0.001000s ]
INFO: [ action_begin ] --START--
INFO: [ action_begin ] --END-- [ RunTime:0.000000s ]

[ 2016-02-26T15:37:48+08:00 ] 127.0.0.1 /index.php/Home/index/send_email
INFO: [ app_begin ] --START--
INFO: Run Behavior\ReadHtmlCache [ RunTime:0.000000s ]
INFO: [ app_begin ] --END-- [ RunTime:0.001000s ]
INFO: [ action_begin ] --START--
INFO: [ action_begin ] --END-- [ RunTime:0.000000s ]

[ 2016-02-26T15:38:40+08:00 ] 127.0.0.1 /index.php/Home/index/send_email
INFO: [ app_begin ] --START--
INFO: Run Behavior\ReadHtmlCache [ RunTime:0.000000s ]
INFO: [ app_begin ] --END-- [ RunTime:0.000000s ]
INFO: [ action_begin ] --START--
INFO: [ action_begin ] --END-- [ RunTime:0.000000s ]

[ 2016-02-26T15:39:54+08:00 ] 127.0.0.1 /index.php/Home/index/send_email
INFO: [ app_begin ] --START--
INFO: Run Behavior\ReadHtmlCache [ RunTime:0.000000s ]
INFO: [ app_begin ] --END-- [ RunTime:0.001000s ]
INFO: [ action_begin ] --START--
INFO: [ action_begin ] --END-- [ RunTime:0.000000s ]

[ 2016-02-26T15:40:25+08:00 ] 127.0.0.1 /index.php/Home/index/send_email
INFO: [ app_begin ] --START--
INFO: Run Behavior\ReadHtmlCache [ RunTime:0.000000s ]
INFO: [ app_begin ] --END-- [ RunTime:0.000000s ]
INFO: [ action_begin ] --START--
INFO: [ action_begin ] --END-- [ RunTime:0.000000s ]

[ 2016-02-26T15:40:28+08:00 ] 127.0.0.1 /index.php/Home/index/send_email
INFO: [ app_begin ] --START--
INFO: Run Behavior\ReadHtmlCache [ RunTime:0.000000s ]
INFO: [ app_begin ] --END-- [ RunTime:0.001000s ]
INFO: [ action_begin ] --START--
INFO: [ action_begin ] --END-- [ RunTime:0.000000s ]

[ 2016-02-26T15:40:29+08:00 ] 127.0.0.1 /index.php/Home/index/send_email
INFO: [ app_begin ] --START--
INFO: Run Behavior\ReadHtmlCache [ RunTime:0.000000s ]
INFO: [ app_begin ] --END-- [ RunTime:0.000000s ]
INFO: [ action_begin ] --START--
INFO: [ action_begin ] --END-- [ RunTime:0.000000s ]

[ 2016-02-26T15:40:29+08:00 ] 127.0.0.1 /index.php/Home/index/send_email
INFO: [ app_begin ] --START--
INFO: Run Behavior\ReadHtmlCache [ RunTime:0.000000s ]
INFO: [ app_begin ] --END-- [ RunTime:0.000000s ]
INFO: [ action_begin ] --START--
INFO: [ action_begin ] --END-- [ RunTime:0.000000s ]

[ 2016-02-26T15:40:30+08:00 ] 127.0.0.1 /index.php/Home/index/send_email
INFO: [ app_begin ] --START--
INFO: Run Behavior\ReadHtmlCache [ RunTime:0.000000s ]
INFO: [ app_begin ] --END-- [ RunTime:0.001001s ]
INFO: [ action_begin ] --START--
INFO: [ action_begin ] --END-- [ RunTime:0.000000s ]

[ 2016-02-26T15:40:30+08:00 ] 127.0.0.1 /index.php/Home/index/send_email
INFO: [ app_begin ] --START--
INFO: Run Behavior\ReadHtmlCache [ RunTime:0.000000s ]
INFO: [ app_begin ] --END-- [ RunTime:0.000000s ]
INFO: [ action_begin ] --START--
INFO: [ action_begin ] --END-- [ RunTime:0.000000s ]

[ 2016-02-26T15:41:18+08:00 ] 127.0.0.1 /index.php/Home/index/send_email
INFO: [ app_begin ] --START--
INFO: Run Behavior\ReadHtmlCache [ RunTime:0.000000s ]
INFO: [ app_begin ] --END-- [ RunTime:0.000000s ]
INFO: [ action_begin ] --START--
INFO: [ action_begin ] --END-- [ RunTime:0.000000s ]

[ 2016-02-26T15:41:39+08:00 ] 127.0.0.1 /index.php/Home/index/send_email
INFO: [ app_begin ] --START--
INFO: Run Behavior\ReadHtmlCache [ RunTime:0.000000s ]
INFO: [ app_begin ] --END-- [ RunTime:0.001000s ]
INFO: [ action_begin ] --START--
INFO: [ action_begin ] --END-- [ RunTime:0.000000s ]

[ 2016-02-26T15:44:36+08:00 ] 127.0.0.1 /index.php/Home/index/send_email
INFO: [ app_begin ] --START--
INFO: Run Behavior\ReadHtmlCache [ RunTime:0.000000s ]
INFO: [ app_begin ] --END-- [ RunTime:0.001000s ]
INFO: [ action_begin ] --START--
INFO: [ action_begin ] --END-- [ RunTime:0.000000s ]

[ 2016-02-26T15:44:52+08:00 ] 127.0.0.1 /index.php/Home/index/send_email
INFO: [ app_begin ] --START--
INFO: Run Behavior\ReadHtmlCache [ RunTime:0.000000s ]
INFO: [ app_begin ] --END-- [ RunTime:0.001000s ]
INFO: [ action_begin ] --START--
INFO: [ action_begin ] --END-- [ RunTime:0.000000s ]

[ 2016-02-26T15:45:42+08:00 ] 127.0.0.1 /index.php/Home/index/send_email
INFO: [ app_begin ] --START--
INFO: Run Behavior\ReadHtmlCache [ RunTime:0.000000s ]
INFO: [ app_begin ] --END-- [ RunTime:0.000000s ]
INFO: [ action_begin ] --START--
INFO: [ action_begin ] --END-- [ RunTime:0.000000s ]

[ 2016-02-26T15:48:04+08:00 ] 127.0.0.1 /index.php/Home/index/send_email
INFO: [ app_begin ] --START--
INFO: Run Behavior\ReadHtmlCache [ RunTime:0.000000s ]
INFO: [ app_begin ] --END-- [ RunTime:0.000000s ]
INFO: [ action_begin ] --START--
INFO: [ action_begin ] --END-- [ RunTime:0.000000s ]

[ 2016-02-26T15:48:44+08:00 ] 127.0.0.1 /index.php/Home/index/send_email
INFO: [ app_begin ] --START--
INFO: Run Behavior\ReadHtmlCache [ RunTime:0.001000s ]
INFO: [ app_begin ] --END-- [ RunTime:0.001000s ]
INFO: [ action_begin ] --START--
INFO: [ action_begin ] --END-- [ RunTime:0.000000s ]

[ 2016-02-26T15:49:14+08:00 ] 127.0.0.1 /index.php/Home/index/send_email
INFO: [ app_begin ] --START--
INFO: Run Behavior\ReadHtmlCache [ RunTime:0.000000s ]
INFO: [ app_begin ] --END-- [ RunTime:0.001000s ]
INFO: [ action_begin ] --START--
INFO: [ action_begin ] --END-- [ RunTime:0.000000s ]

[ 2016-02-26T16:13:08+08:00 ] 127.0.0.1 /index.php/Home/index/send_email
INFO: [ app_begin ] --START--
INFO: Run Behavior\ReadHtmlCache [ RunTime:0.000000s ]
INFO: [ app_begin ] --END-- [ RunTime:0.000000s ]
INFO: [ action_begin ] --START--
INFO: [ action_begin ] --END-- [ RunTime:0.000000s ]

[ 2016-02-26T16:13:54+08:00 ] 127.0.0.1 /index.php/Home/index/send_email
INFO: [ app_begin ] --START--
INFO: Run Behavior\ReadHtmlCache [ RunTime:0.000000s ]
INFO: [ app_begin ] --END-- [ RunTime:0.000000s ]
INFO: [ action_begin ] --START--
INFO: [ action_begin ] --END-- [ RunTime:0.000000s ]

[ 2016-02-26T16:14:14+08:00 ] 127.0.0.1 /index.php/Home/index/send_email
INFO: [ app_begin ] --START--
INFO: Run Behavior\ReadHtmlCache [ RunTime:0.000000s ]
INFO: [ app_begin ] --END-- [ RunTime:0.000000s ]
INFO: [ action_begin ] --START--
INFO: [ action_begin ] --END-- [ RunTime:0.000000s ]

[ 2016-02-26T16:14:37+08:00 ] 127.0.0.1 /index.php/Home/index/send_email
INFO: [ app_begin ] --START--
INFO: Run Behavior\ReadHtmlCache [ RunTime:0.000000s ]
INFO: [ app_begin ] --END-- [ RunTime:0.001000s ]
INFO: [ action_begin ] --START--
INFO: [ action_begin ] --END-- [ RunTime:0.000000s ]

[ 2016-02-26T16:14:50+08:00 ] 127.0.0.1 /index.php/Home/index/send_email
INFO: [ app_begin ] --START--
INFO: Run Behavior\ReadHtmlCache [ RunTime:0.000000s ]
INFO: [ app_begin ] --END-- [ RunTime:0.000000s ]
INFO: [ action_begin ] --START--
INFO: [ action_begin ] --END-- [ RunTime:0.000000s ]

[ 2016-02-26T16:15:08+08:00 ] 127.0.0.1 /index.php/Home/index/send_email
INFO: [ app_begin ] --START--
INFO: Run Behavior\ReadHtmlCache [ RunTime:0.000000s ]
INFO: [ app_begin ] --END-- [ RunTime:0.000000s ]
INFO: [ action_begin ] --START--
INFO: [ action_begin ] --END-- [ RunTime:0.000000s ]

[ 2016-02-26T16:15:20+08:00 ] 127.0.0.1 /index.php/Home/index/send_email
INFO: [ app_begin ] --START--
INFO: Run Behavior\ReadHtmlCache [ RunTime:0.000000s ]
INFO: [ app_begin ] --END-- [ RunTime:0.000000s ]
INFO: [ action_begin ] --START--
INFO: [ action_begin ] --END-- [ RunTime:0.000000s ]

[ 2016-02-26T16:16:39+08:00 ] 127.0.0.1 /index.php/Home/index/send_email
INFO: [ app_begin ] --START--
INFO: Run Behavior\ReadHtmlCache [ RunTime:0.000000s ]
INFO: [ app_begin ] --END-- [ RunTime:0.000000s ]
INFO: [ action_begin ] --START--
INFO: [ action_begin ] --END-- [ RunTime:0.000000s ]

[ 2016-02-26T16:16:54+08:00 ] 127.0.0.1 /index.php/Home/index/send_email
INFO: [ app_begin ] --START--
INFO: Run Behavior\ReadHtmlCache [ RunTime:0.000000s ]
INFO: [ app_begin ] --END-- [ RunTime:0.000000s ]
INFO: [ action_begin ] --START--
INFO: [ action_begin ] --END-- [ RunTime:0.000000s ]

[ 2016-02-26T16:17:01+08:00 ] 127.0.0.1 /index.php/Home/index/send_email
INFO: [ app_begin ] --START--
INFO: Run Behavior\ReadHtmlCache [ RunTime:0.000000s ]
INFO: [ app_begin ] --END-- [ RunTime:0.000000s ]
INFO: [ action_begin ] --START--
INFO: [ action_begin ] --END-- [ RunTime:0.000000s ]

[ 2016-02-26T16:27:21+08:00 ] 127.0.0.1 /index.php/Home/index/send_email
INFO: [ app_begin ] --START--
INFO: Run Behavior\ReadHtmlCache [ RunTime:0.000000s ]
INFO: [ app_begin ] --END-- [ RunTime:0.000000s ]
INFO: [ action_begin ] --START--
INFO: [ action_begin ] --END-- [ RunTime:0.000000s ]

[ 2016-02-26T16:31:21+08:00 ] 127.0.0.1 /index.php/Home/index/send_email
INFO: [ app_begin ] --START--
INFO: Run Behavior\ReadHtmlCache [ RunTime:0.000000s ]
INFO: [ app_begin ] --END-- [ RunTime:0.001000s ]
INFO: [ action_begin ] --START--
INFO: [ action_begin ] --END-- [ RunTime:0.000000s ]

[ 2016-02-26T16:31:35+08:00 ] 127.0.0.1 /index.php/Home/index/send_email
INFO: [ app_begin ] --START--
INFO: Run Behavior\ReadHtmlCache [ RunTime:0.000000s ]
INFO: [ app_begin ] --END-- [ RunTime:0.000000s ]
INFO: [ action_begin ] --START--
INFO: [ action_begin ] --END-- [ RunTime:0.000000s ]
NOTIC: [2] include_once(class.smtp.php): failed to open stream: No such file or directory E:\myweb\Home\Common\Util\PHPMailer.class.php 第 516 行.
NOTIC: [2] include_once(): Failed opening 'class.smtp.php' for inclusion (include_path='.;E:\web\app\QFrame') E:\myweb\Home\Common\Util\PHPMailer.class.php 第 516 行.
NOTIC: [8192] Function eregi() is deprecated E:\myweb\Home\Common\Util\PHPMailer.class.php 第 595 行.
INFO: [ app_end ] --START--
INFO: Run Behavior\ShowPageTrace [ RunTime:0.000000s ]
INFO: [ app_end ] --END-- [ RunTime:0.000000s ]

[ 2016-02-26T17:14:31+08:00 ] 127.0.0.1 /index.php/Home/index/send_email
INFO: [ app_begin ] --START--
INFO: Run Behavior\ReadHtmlCache [ RunTime:0.000000s ]
INFO: [ app_begin ] --END-- [ RunTime:0.001000s ]
INFO: [ action_begin ] --START--
INFO: [ action_begin ] --END-- [ RunTime:0.000000s ]
NOTIC: [2] include_once(class.smtp.php): failed to open stream: No such file or directory E:\myweb\Home\Common\Util\PHPMailer.class.php 第 516 行.
NOTIC: [2] include_once(): Failed opening 'class.smtp.php' for inclusion (include_path='.;E:\web\app\QFrame') E:\myweb\Home\Common\Util\PHPMailer.class.php 第 516 行.
NOTIC: [8192] Function eregi() is deprecated E:\myweb\Home\Common\Util\PHPMailer.class.php 第 595 行.
INFO: [ app_end ] --START--
INFO: Run Behavior\ShowPageTrace [ RunTime:0.000000s ]
INFO: [ app_end ] --END-- [ RunTime:0.000000s ]

