[ 2016-02-27T18:50:31+08:00 ] ::1 /
ERR: Syntax Error in template "C:/wamp/www/Home/View\Index\index.html"  on line 46 "alert({smarty.const.__MODULE__});"  - Unexpected ".", expected one of: "}" , " "

[ 2016-02-27T18:53:48+08:00 ] ::1 /
ERR: Syntax Error in template "C:/wamp/www/Home/View\Index\index.html"  on line 46 "alert({smarty.const.__MODULE__});"  - Unexpected ".", expected one of: "}" , " "

[ 2016-02-27T18:54:25+08:00 ] ::1 /index.php/Home/index/login
INFO: [ app_begin ] --START--
INFO: Run Behavior\ReadHtmlCache [ RunTime:0.000611s ]
INFO: [ app_begin ] --END-- [ RunTime:0.001521s ]
INFO: [ action_begin ] --START--
INFO: [ action_begin ] --END-- [ RunTime:0.000150s ]
INFO: [ app_end ] --START--
INFO: Run Behavior\ShowPageTrace [ RunTime:0.000161s ]
INFO: [ app_end ] --END-- [ RunTime:0.000437s ]

[ 2016-02-27T18:55:47+08:00 ] ::1 /index.php/Home/index/login
INFO: [ app_begin ] --START--
INFO: Run Behavior\ReadHtmlCache [ RunTime:0.000177s ]
INFO: [ app_begin ] --END-- [ RunTime:0.000754s ]
INFO: [ action_begin ] --START--
INFO: [ action_begin ] --END-- [ RunTime:0.000110s ]
INFO: [ app_end ] --START--
INFO: Run Behavior\ShowPageTrace [ RunTime:0.000181s ]
INFO: [ app_end ] --END-- [ RunTime:0.000387s ]

[ 2016-02-27T18:56:33+08:00 ] ::1 /index.php/Home/index/login
INFO: [ app_begin ] --START--
INFO: Run Behavior\ReadHtmlCache [ RunTime:0.000172s ]
INFO: [ app_begin ] --END-- [ RunTime:0.000799s ]
INFO: [ action_begin ] --START--
INFO: [ action_begin ] --END-- [ RunTime:0.000089s ]
INFO: [ app_end ] --START--
INFO: Run Behavior\ShowPageTrace [ RunTime:0.000137s ]
INFO: [ app_end ] --END-- [ RunTime:0.000307s ]

[ 2016-02-27T18:57:32+08:00 ] ::1 /index.php/Home/index/login
INFO: [ app_begin ] --START--
INFO: Run Behavior\ReadHtmlCache [ RunTime:0.000254s ]
INFO: [ app_begin ] --END-- [ RunTime:0.001038s ]
INFO: [ action_begin ] --START--
INFO: [ action_begin ] --END-- [ RunTime:0.000177s ]

[ 2016-02-27T19:31:53+08:00 ] ::1 /index.php/Home/index/login
INFO: [ app_begin ] --START--
INFO: Run Behavior\ReadHtmlCache [ RunTime:0.000172s ]
INFO: [ app_begin ] --END-- [ RunTime:0.000767s ]
INFO: [ action_begin ] --START--
INFO: [ action_begin ] --END-- [ RunTime:0.000091s ]

[ 2016-02-27T19:33:10+08:00 ] ::1 /index.php/Home/index/login
INFO: [ app_begin ] --START--
INFO: Run Behavior\ReadHtmlCache [ RunTime:0.000317s ]
INFO: [ app_begin ] --END-- [ RunTime:0.001353s ]
INFO: [ action_begin ] --START--
INFO: [ action_begin ] --END-- [ RunTime:0.000095s ]

[ 2016-02-27T19:34:43+08:00 ] ::1 /index.php/Home/index/login
INFO: [ app_begin ] --START--
INFO: Run Behavior\ReadHtmlCache [ RunTime:0.000170s ]
INFO: [ app_begin ] --END-- [ RunTime:0.000697s ]
INFO: [ action_begin ] --START--
INFO: [ action_begin ] --END-- [ RunTime:0.000112s ]

[ 2016-02-27T19:39:06+08:00 ] ::1 /index.php/Home/index/login
INFO: [ app_begin ] --START--
INFO: Run Behavior\ReadHtmlCache [ RunTime:0.000186s ]
INFO: [ app_begin ] --END-- [ RunTime:0.000763s ]
INFO: [ action_begin ] --START--
INFO: [ action_begin ] --END-- [ RunTime:0.000085s ]

[ 2016-02-27T19:42:28+08:00 ] ::1 /index.php/Home/index/login
INFO: [ app_begin ] --START--
INFO: Run Behavior\ReadHtmlCache [ RunTime:0.000173s ]
INFO: [ app_begin ] --END-- [ RunTime:0.000944s ]
INFO: [ action_begin ] --START--
INFO: [ action_begin ] --END-- [ RunTime:0.000084s ]
INFO: [ app_end ] --START--
INFO: Run Behavior\ShowPageTrace [ RunTime:0.000136s ]
INFO: [ app_end ] --END-- [ RunTime:0.000304s ]

[ 2016-02-27T19:43:08+08:00 ] ::1 /index.php/Home/index/login
INFO: [ app_begin ] --START--
INFO: Run Behavior\ReadHtmlCache [ RunTime:0.000328s ]
INFO: [ app_begin ] --END-- [ RunTime:0.001184s ]
INFO: [ action_begin ] --START--
INFO: [ action_begin ] --END-- [ RunTime:0.000094s ]
INFO: [ app_end ] --START--
INFO: Run Behavior\ShowPageTrace [ RunTime:0.000151s ]
INFO: [ app_end ] --END-- [ RunTime:0.000321s ]

[ 2016-02-27T19:43:34+08:00 ] ::1 /index.php/Home/index/login
INFO: [ app_begin ] --START--
INFO: Run Behavior\ReadHtmlCache [ RunTime:0.000171s ]
INFO: [ app_begin ] --END-- [ RunTime:0.000759s ]
INFO: [ action_begin ] --START--
INFO: [ action_begin ] --END-- [ RunTime:0.000162s ]
INFO: [ app_end ] --START--
INFO: Run Behavior\ShowPageTrace [ RunTime:0.000228s ]
INFO: [ app_end ] --END-- [ RunTime:0.000479s ]

[ 2016-02-27T19:44:01+08:00 ] ::1 /index.php/Home/index/login
INFO: [ app_begin ] --START--
INFO: Run Behavior\ReadHtmlCache [ RunTime:0.000172s ]
INFO: [ app_begin ] --END-- [ RunTime:0.000772s ]
INFO: [ action_begin ] --START--
INFO: [ action_begin ] --END-- [ RunTime:0.000091s ]
INFO: [ app_end ] --START--
INFO: Run Behavior\ShowPageTrace [ RunTime:0.000136s ]
INFO: [ app_end ] --END-- [ RunTime:0.000304s ]

[ 2016-02-27T19:48:45+08:00 ] ::1 /index.php/Home/index/login
INFO: [ app_begin ] --START--
INFO: Run Behavior\ReadHtmlCache [ RunTime:0.000147s ]
INFO: [ app_begin ] --END-- [ RunTime:0.000697s ]
INFO: [ action_begin ] --START--
INFO: [ action_begin ] --END-- [ RunTime:0.000072s ]
INFO: [ app_end ] --START--
INFO: Run Behavior\ShowPageTrace [ RunTime:0.000115s ]
INFO: [ app_end ] --END-- [ RunTime:0.000299s ]

[ 2016-02-27T19:49:13+08:00 ] ::1 /index.php/Home/index/login
INFO: [ app_begin ] --START--
INFO: Run Behavior\ReadHtmlCache [ RunTime:0.000167s ]
INFO: [ app_begin ] --END-- [ RunTime:0.000745s ]
INFO: [ action_begin ] --START--
INFO: [ action_begin ] --END-- [ RunTime:0.000103s ]
INFO: [ app_end ] --START--
INFO: Run Behavior\ShowPageTrace [ RunTime:0.000135s ]
INFO: [ app_end ] --END-- [ RunTime:0.000302s ]

[ 2016-02-27T19:49:16+08:00 ] ::1 /index.php/Home/index/login
INFO: [ app_begin ] --START--
INFO: Run Behavior\ReadHtmlCache [ RunTime:0.000167s ]
INFO: [ app_begin ] --END-- [ RunTime:0.000685s ]
INFO: [ action_begin ] --START--
INFO: [ action_begin ] --END-- [ RunTime:0.000086s ]
INFO: [ app_end ] --START--
INFO: Run Behavior\ShowPageTrace [ RunTime:0.000135s ]
INFO: [ app_end ] --END-- [ RunTime:0.000304s ]

[ 2016-02-27T19:49:18+08:00 ] ::1 /index.php/Home/index/login
INFO: [ app_begin ] --START--
INFO: Run Behavior\ReadHtmlCache [ RunTime:0.000222s ]
INFO: [ app_begin ] --END-- [ RunTime:0.000867s ]
INFO: [ action_begin ] --START--
INFO: [ action_begin ] --END-- [ RunTime:0.000153s ]
INFO: [ app_end ] --START--
INFO: Run Behavior\ShowPageTrace [ RunTime:0.000215s ]
INFO: [ app_end ] --END-- [ RunTime:0.000499s ]

[ 2016-02-27T19:49:19+08:00 ] ::1 /index.php/Home/index/login
INFO: [ app_begin ] --START--
INFO: Run Behavior\ReadHtmlCache [ RunTime:0.000269s ]
INFO: [ app_begin ] --END-- [ RunTime:0.001074s ]
INFO: [ action_begin ] --START--
INFO: [ action_begin ] --END-- [ RunTime:0.000095s ]
INFO: [ app_end ] --START--
INFO: Run Behavior\ShowPageTrace [ RunTime:0.000122s ]
INFO: [ app_end ] --END-- [ RunTime:0.000268s ]

[ 2016-02-27T19:51:26+08:00 ] ::1 /index.php/Home/index/login
INFO: [ app_begin ] --START--
INFO: Run Behavior\ReadHtmlCache [ RunTime:0.000143s ]
INFO: [ app_begin ] --END-- [ RunTime:0.000577s ]
INFO: [ action_begin ] --START--
INFO: [ action_begin ] --END-- [ RunTime:0.000159s ]
INFO: [ app_end ] --START--
INFO: Run Behavior\ShowPageTrace [ RunTime:0.000235s ]
INFO: [ app_end ] --END-- [ RunTime:0.000600s ]

[ 2016-02-27T20:11:46+08:00 ] ::1 /index.php/Home/index/login
INFO: [ app_begin ] --START--
INFO: Run Behavior\ReadHtmlCache [ RunTime:0.000273s ]
INFO: [ app_begin ] --END-- [ RunTime:0.000874s ]
INFO: [ action_begin ] --START--
INFO: [ action_begin ] --END-- [ RunTime:0.000082s ]

[ 2016-02-27T20:12:30+08:00 ] ::1 /index.php/Home/index/login
INFO: [ app_begin ] --START--
INFO: Run Behavior\ReadHtmlCache [ RunTime:0.000136s ]
INFO: [ app_begin ] --END-- [ RunTime:0.000572s ]
INFO: [ action_begin ] --START--
INFO: [ action_begin ] --END-- [ RunTime:0.000067s ]
INFO: [ app_end ] --START--
INFO: Run Behavior\ShowPageTrace [ RunTime:0.000110s ]
INFO: [ app_end ] --END-- [ RunTime:0.000242s ]

[ 2016-02-27T20:15:15+08:00 ] ::1 /index.php/Home/index/login
INFO: [ app_begin ] --START--
INFO: Run Behavior\ReadHtmlCache [ RunTime:0.000164s ]
INFO: [ app_begin ] --END-- [ RunTime:0.000678s ]
INFO: [ action_begin ] --START--
INFO: [ action_begin ] --END-- [ RunTime:0.000083s ]

[ 2016-02-27T20:15:52+08:00 ] ::1 /index.php/Home/index/login
INFO: [ app_begin ] --START--
INFO: Run Behavior\ReadHtmlCache [ RunTime:0.000267s ]
INFO: [ app_begin ] --END-- [ RunTime:0.001042s ]
INFO: [ action_begin ] --START--
INFO: [ action_begin ] --END-- [ RunTime:0.000137s ]
INFO: [ app_end ] --START--
INFO: Run Behavior\ShowPageTrace [ RunTime:0.000239s ]
INFO: [ app_end ] --END-- [ RunTime:0.000512s ]

[ 2016-02-27T20:18:54+08:00 ] ::1 /index.php/Home/index/login
INFO: [ app_begin ] --START--
INFO: Run Behavior\ReadHtmlCache [ RunTime:0.000150s ]
INFO: [ app_begin ] --END-- [ RunTime:0.000573s ]
INFO: [ action_begin ] --START--
INFO: [ action_begin ] --END-- [ RunTime:0.000078s ]
INFO: [ app_end ] --START--
INFO: Run Behavior\ShowPageTrace [ RunTime:0.000194s ]
INFO: [ app_end ] --END-- [ RunTime:0.000465s ]

[ 2016-02-27T20:19:34+08:00 ] ::1 /index.php/Home/index/login
INFO: [ app_begin ] --START--
INFO: Run Behavior\ReadHtmlCache [ RunTime:0.000196s ]
INFO: [ app_begin ] --END-- [ RunTime:0.000787s ]
INFO: [ action_begin ] --START--
INFO: [ action_begin ] --END-- [ RunTime:0.000072s ]
INFO: [ app_end ] --START--
INFO: Run Behavior\ShowPageTrace [ RunTime:0.000117s ]
INFO: [ app_end ] --END-- [ RunTime:0.000270s ]

[ 2016-02-27T20:20:11+08:00 ] ::1 /index.php/Home/index/login
INFO: [ app_begin ] --START--
INFO: Run Behavior\ReadHtmlCache [ RunTime:0.000252s ]
INFO: [ app_begin ] --END-- [ RunTime:0.001009s ]
INFO: [ action_begin ] --START--
INFO: [ action_begin ] --END-- [ RunTime:0.000090s ]
INFO: [ app_end ] --START--
INFO: Run Behavior\ShowPageTrace [ RunTime:0.000143s ]
INFO: [ app_end ] --END-- [ RunTime:0.000326s ]

[ 2016-02-27T21:42:02+08:00 ] ::1 /index.php/home/persional_homepage
ERR: 无法加载控制器:persional_homepage

[ 2016-02-27T21:42:17+08:00 ] ::1 /index.php/home/index/persional_homepage
ERR: 无法加载控制器:index

[ 2016-02-27T21:46:28+08:00 ] ::1 /index.php/Home/index/login
INFO: [ app_begin ] --START--
INFO: Run Behavior\ReadHtmlCache [ RunTime:0.000186s ]
INFO: [ app_begin ] --END-- [ RunTime:0.000734s ]
INFO: [ action_begin ] --START--
INFO: [ action_begin ] --END-- [ RunTime:0.000085s ]
INFO: [ app_end ] --START--
INFO: Run Behavior\ShowPageTrace [ RunTime:0.000227s ]
INFO: [ app_end ] --END-- [ RunTime:0.000470s ]

[ 2016-02-27T22:11:42+08:00 ] ::1 /index.php/Home/index/login
INFO: [ app_begin ] --START--
INFO: Run Behavior\ReadHtmlCache [ RunTime:0.000145s ]
INFO: [ app_begin ] --END-- [ RunTime:0.000605s ]
INFO: [ action_begin ] --START--
INFO: [ action_begin ] --END-- [ RunTime:0.000072s ]
INFO: [ view_begin ] --START--
INFO: [ view_begin ] --END-- [ RunTime:0.000067s ]
INFO: [ view_parse ] --START--
INFO: Run Behavior\ParseTemplate [ RunTime:0.010082s ]
INFO: [ view_parse ] --END-- [ RunTime:0.010247s ]
INFO: [ view_filter ] --START--
INFO: Run Behavior\WriteHtmlCache [ RunTime:0.000042s ]
INFO: [ view_filter ] --END-- [ RunTime:0.000170s ]
INFO: [ view_end ] --START--
INFO: [ view_end ] --END-- [ RunTime:0.000151s ]
INFO: [ app_end ] --START--
INFO: Run Behavior\ShowPageTrace [ RunTime:0.000239s ]
INFO: [ app_end ] --END-- [ RunTime:0.000539s ]

[ 2016-02-27T22:12:27+08:00 ] ::1 /index.php/Home/index/login
INFO: [ app_begin ] --START--
INFO: Run Behavior\ReadHtmlCache [ RunTime:0.000197s ]
INFO: [ app_begin ] --END-- [ RunTime:0.000745s ]
INFO: [ action_begin ] --START--
INFO: [ action_begin ] --END-- [ RunTime:0.000084s ]
INFO: [ view_begin ] --START--
INFO: [ view_begin ] --END-- [ RunTime:0.000077s ]
INFO: [ view_parse ] --START--
INFO: Run Behavior\ParseTemplate [ RunTime:0.011012s ]
INFO: [ view_parse ] --END-- [ RunTime:0.011222s ]
INFO: [ view_filter ] --START--
INFO: Run Behavior\WriteHtmlCache [ RunTime:0.000042s ]
INFO: [ view_filter ] --END-- [ RunTime:0.000172s ]
INFO: [ view_end ] --START--
INFO: [ view_end ] --END-- [ RunTime:0.000071s ]
INFO: [ app_end ] --START--
INFO: Run Behavior\ShowPageTrace [ RunTime:0.000125s ]
INFO: [ app_end ] --END-- [ RunTime:0.000277s ]

[ 2016-02-27T22:12:31+08:00 ] ::1 /index.php/Home/index/login
INFO: [ app_begin ] --START--
INFO: Run Behavior\ReadHtmlCache [ RunTime:0.000202s ]
INFO: [ app_begin ] --END-- [ RunTime:0.000816s ]
INFO: [ action_begin ] --START--
INFO: [ action_begin ] --END-- [ RunTime:0.000072s ]
INFO: [ view_begin ] --START--
INFO: [ view_begin ] --END-- [ RunTime:0.000068s ]
INFO: [ view_parse ] --START--
INFO: Run Behavior\ParseTemplate [ RunTime:0.009732s ]
INFO: [ view_parse ] --END-- [ RunTime:0.009997s ]
INFO: [ view_filter ] --START--
INFO: Run Behavior\WriteHtmlCache [ RunTime:0.000091s ]
INFO: [ view_filter ] --END-- [ RunTime:0.000433s ]
INFO: [ view_end ] --START--
INFO: [ view_end ] --END-- [ RunTime:0.000181s ]
INFO: [ app_end ] --START--
INFO: Run Behavior\ShowPageTrace [ RunTime:0.000261s ]
INFO: [ app_end ] --END-- [ RunTime:0.000605s ]

[ 2016-02-27T22:17:56+08:00 ] ::1 /index.php/public/css/style-xlarge.css
ERR: 无法加载控制器:css

[ 2016-02-27T22:18:40+08:00 ] ::1 /index.php/public/home/css/style-xlarge.css
ERR: 无法加载控制器:home

