[ 2016-05-09T02:54:43+08:00 ] 118.193.194.246 /
INFO: [ app_init ] --START--
INFO: [ app_init ] --END-- [ RunTime:0.000456s ]
INFO: [ app_begin ] --START--
INFO: Run Behavior\ReadHtmlCache [ RunTime:0.000061s ]
INFO: [ app_begin ] --END-- [ RunTime:0.000135s ]
NOTIC: [8] A session had already been started - ignoring session_start() D:\localuser\ftp483451\Web\Connect2.1\qqConnectAPI.php 第 2 行.
INFO: [ action_begin ] --START--
INFO: [ action_begin ] --END-- [ RunTime:0.000056s ]
INFO: [ view_begin ] --START--
INFO: [ view_begin ] --END-- [ RunTime:0.000032s ]
INFO: [ view_parse ] --START--
INFO: Run Behavior\ParseTemplate [ RunTime:0.297402s ]
INFO: [ view_parse ] --END-- [ RunTime:0.297510s ]
INFO: [ view_filter ] --START--
INFO: Run Behavior\WriteHtmlCache [ RunTime:0.000020s ]
INFO: [ view_filter ] --END-- [ RunTime:0.000077s ]
INFO: [ view_end ] --START--
INFO: [ view_end ] --END-- [ RunTime:0.000029s ]
INFO: [ app_end ] --START--
INFO: Run Behavior\ShowPageTrace [ RunTime:0.000047s ]
INFO: [ app_end ] --END-- [ RunTime:0.000106s ]

[ 2016-05-09T07:48:33+08:00 ] 118.193.198.31 /index.php/Home/Weixin/index?signature=9eea286ded0544c124ff088779e622f5847397fb&timestamp=1462751269&nonce=2044262215&encrypt_type=aes&msg_signature=5c310f3285424c0321308348660dc75c10d3b302
INFO: [ app_init ] --START--
INFO: [ app_init ] --END-- [ RunTime:0.000452s ]
INFO: [ path_info ] --START--
INFO: [ path_info ] --END-- [ RunTime:0.000035s ]
INFO: [ app_begin ] --START--
INFO: Run Behavior\ReadHtmlCache [ RunTime:0.000058s ]
INFO: [ app_begin ] --END-- [ RunTime:0.000131s ]
INFO: [ action_begin ] --START--
INFO: [ action_begin ] --END-- [ RunTime:0.000065s ]
NOTIC: [8] Undefined index: echostr D:\localuser\ftp483451\Web\Home\Controller\WeixinController.class.php 第 20 行.
NOTIC: [8192] mysql_connect(): The mysql extension is deprecated and will be removed in the future: use mysqli or PDO instead D:\localuser\ftp483451\Web\ThinkPHP\Library\Think\Db\Driver\Mysql.class.php 第 52 行.
SQL: SHOW COLUMNS FROM `weixin_user` [ RunTime:0.022335s ]
SQL: SELECT * FROM `weixin_user` WHERE ( openid='o4oRrwMttTnZXV2OiDOWS8GGgXNo' )  [ RunTime:0.000559s ]
SQL: SHOW COLUMNS FROM `weixin_action` [ RunTime:0.025205s ]
SQL: SELECT * FROM `weixin_action` WHERE ( user_id="7" and action_type<>1 ) ORDER BY time desc LIMIT 1   [ RunTime:0.001316s ]
NOTIC: [8] Undefined variable: iskeyword D:\localuser\ftp483451\Web\Home\Controller\WeixinController.class.php 第 156 行.

