[ 2016-05-12T03:04:39+08:00 ] 118.193.198.197 /
INFO: [ app_init ] --START--
INFO: [ app_init ] --END-- [ RunTime:0.011186s ]
INFO: [ app_begin ] --START--
INFO: Run Behavior\ReadHtmlCache [ RunTime:0.000065s ]
INFO: [ app_begin ] --END-- [ RunTime:0.000140s ]
NOTIC: [8] A session had already been started - ignoring session_start() D:\localuser\ftp483451\Web\Connect2.1\qqConnectAPI.php 第 2 行.
INFO: [ action_begin ] --START--
INFO: [ action_begin ] --END-- [ RunTime:0.000071s ]
INFO: [ view_begin ] --START--
INFO: [ view_begin ] --END-- [ RunTime:0.000046s ]
INFO: [ view_parse ] --START--
INFO: Run Behavior\ParseTemplate [ RunTime:0.229906s ]
INFO: [ view_parse ] --END-- [ RunTime:0.230016s ]
INFO: [ view_filter ] --START--
INFO: Run Behavior\WriteHtmlCache [ RunTime:0.000019s ]
INFO: [ view_filter ] --END-- [ RunTime:0.000078s ]
INFO: [ view_end ] --START--
INFO: [ view_end ] --END-- [ RunTime:0.000027s ]
INFO: [ app_end ] --START--
INFO: Run Behavior\ShowPageTrace [ RunTime:0.000045s ]
INFO: [ app_end ] --END-- [ RunTime:0.000102s ]

[ 2016-05-12T14:48:09+08:00 ] 118.193.208.20 /index.php/Home/Weixin/index?signature=494dff859cc7e9045181b2f0acc8353c76abe473&timestamp=1463035714&nonce=123666621&encrypt_type=aes&msg_signature=4f1d0946fcc65fba675b2abc9f5e05d44f3f7b99
INFO: [ app_init ] --START--
INFO: [ app_init ] --END-- [ RunTime:0.010312s ]
INFO: [ path_info ] --START--
INFO: [ path_info ] --END-- [ RunTime:0.000038s ]
INFO: [ app_begin ] --START--
INFO: Run Behavior\ReadHtmlCache [ RunTime:0.000062s ]
INFO: [ app_begin ] --END-- [ RunTime:0.000139s ]
INFO: [ action_begin ] --START--
INFO: [ action_begin ] --END-- [ RunTime:0.000080s ]
NOTIC: [8] Undefined index: echostr D:\localuser\ftp483451\Web\Home\Controller\WeixinController.class.php 第 20 行.
NOTIC: [8192] mysql_connect(): The mysql extension is deprecated and will be removed in the future: use mysqli or PDO instead D:\localuser\ftp483451\Web\ThinkPHP\Library\Think\Db\Driver\Mysql.class.php 第 52 行.
SQL: SHOW COLUMNS FROM `weixin_user` [ RunTime:0.029074s ]
SQL: SELECT * FROM `weixin_user` WHERE ( openid='o4oRrwJA55i-Ix7p_Bmc1k-4N_fg' )  [ RunTime:0.000414s ]
SQL: SHOW COLUMNS FROM `weixin_action` [ RunTime:0.022875s ]
SQL: SELECT * FROM `weixin_action` WHERE ( user_id="16" and action_type<>1 ) ORDER BY time desc LIMIT 1   [ RunTime:0.000889s ]
NOTIC: [8] Undefined variable: iskeyword D:\localuser\ftp483451\Web\Home\Controller\WeixinController.class.php 第 156 行.

[ 2016-05-12T14:48:21+08:00 ] 118.193.208.183 /index.php/Home/Weixin/index?signature=fd5e8a9e0b2339fe2c899d12952ca50e14113be3&timestamp=1463035726&nonce=700276119&encrypt_type=aes&msg_signature=6b53c8084660e1e26054196b4287e257cf1557c7
INFO: [ app_init ] --START--
INFO: [ app_init ] --END-- [ RunTime:0.000444s ]
INFO: [ path_info ] --START--
INFO: [ path_info ] --END-- [ RunTime:0.000034s ]
INFO: [ app_begin ] --START--
INFO: Run Behavior\ReadHtmlCache [ RunTime:0.000050s ]
INFO: [ app_begin ] --END-- [ RunTime:0.000116s ]
INFO: [ action_begin ] --START--
INFO: [ action_begin ] --END-- [ RunTime:0.000058s ]
NOTIC: [8] Undefined index: echostr D:\localuser\ftp483451\Web\Home\Controller\WeixinController.class.php 第 20 行.
NOTIC: [8192] mysql_connect(): The mysql extension is deprecated and will be removed in the future: use mysqli or PDO instead D:\localuser\ftp483451\Web\ThinkPHP\Library\Think\Db\Driver\Mysql.class.php 第 52 行.
SQL: SHOW COLUMNS FROM `weixin_user` [ RunTime:0.013674s ]
SQL: SELECT * FROM `weixin_user` WHERE ( openid='o4oRrwJA55i-Ix7p_Bmc1k-4N_fg' )  [ RunTime:0.000354s ]
SQL: SHOW COLUMNS FROM `weixin_action` [ RunTime:0.001943s ]
SQL: SELECT * FROM `weixin_action` WHERE ( user_id="16" and action_type<>1 ) ORDER BY time desc LIMIT 1   [ RunTime:0.000507s ]
NOTIC: [8] Undefined variable: iskeyword D:\localuser\ftp483451\Web\Home\Controller\WeixinController.class.php 第 156 行.

[ 2016-05-12T14:48:27+08:00 ] 118.193.208.183 /index.php/Home/Weixin/index?signature=9a296f4802b93b546c224c36ac90e4247e6a52b8&timestamp=1463035732&nonce=1736160654&encrypt_type=aes&msg_signature=9686df6c56d6613b0c363410294bc87c6d71adf2
INFO: [ app_init ] --START--
INFO: [ app_init ] --END-- [ RunTime:0.000369s ]
INFO: [ path_info ] --START--
INFO: [ path_info ] --END-- [ RunTime:0.000034s ]
INFO: [ app_begin ] --START--
INFO: Run Behavior\ReadHtmlCache [ RunTime:0.000047s ]
INFO: [ app_begin ] --END-- [ RunTime:0.000107s ]
INFO: [ action_begin ] --START--
INFO: [ action_begin ] --END-- [ RunTime:0.000056s ]
NOTIC: [8] Undefined index: echostr D:\localuser\ftp483451\Web\Home\Controller\WeixinController.class.php 第 20 行.
NOTIC: [8192] mysql_connect(): The mysql extension is deprecated and will be removed in the future: use mysqli or PDO instead D:\localuser\ftp483451\Web\ThinkPHP\Library\Think\Db\Driver\Mysql.class.php 第 52 行.
SQL: SHOW COLUMNS FROM `weixin_user` [ RunTime:0.001997s ]
SQL: SELECT * FROM `weixin_user` WHERE ( openid='o4oRrwJA55i-Ix7p_Bmc1k-4N_fg' )  [ RunTime:0.000335s ]
SQL: SHOW COLUMNS FROM `weixin_action` [ RunTime:0.001808s ]
SQL: SELECT * FROM `weixin_action` WHERE ( user_id="16" and action_type<>1 ) ORDER BY time desc LIMIT 1   [ RunTime:0.000407s ]
NOTIC: [8] Undefined variable: iskeyword D:\localuser\ftp483451\Web\Home\Controller\WeixinController.class.php 第 156 行.

[ 2016-05-12T14:48:29+08:00 ] 118.193.208.183 /index.php/Home/Weixin/index?signature=1169c21073d509bb09586a9b1ab2a5dd886a0c63&timestamp=1463035734&nonce=1623074295&encrypt_type=aes&msg_signature=e90257e7d27b751eb84b186634a8db3fc52cd833
INFO: [ app_init ] --START--
INFO: [ app_init ] --END-- [ RunTime:0.000445s ]
INFO: [ path_info ] --START--
INFO: [ path_info ] --END-- [ RunTime:0.000052s ]
INFO: [ app_begin ] --START--
INFO: Run Behavior\ReadHtmlCache [ RunTime:0.000080s ]
INFO: [ app_begin ] --END-- [ RunTime:0.000195s ]
INFO: [ action_begin ] --START--
INFO: [ action_begin ] --END-- [ RunTime:0.000081s ]
NOTIC: [8] Undefined index: echostr D:\localuser\ftp483451\Web\Home\Controller\WeixinController.class.php 第 20 行.
NOTIC: [8192] mysql_connect(): The mysql extension is deprecated and will be removed in the future: use mysqli or PDO instead D:\localuser\ftp483451\Web\ThinkPHP\Library\Think\Db\Driver\Mysql.class.php 第 52 行.
SQL: SHOW COLUMNS FROM `weixin_user` [ RunTime:0.002499s ]
SQL: SELECT * FROM `weixin_user` WHERE ( openid='o4oRrwJA55i-Ix7p_Bmc1k-4N_fg' )  [ RunTime:0.000565s ]
SQL: SHOW COLUMNS FROM `weixin_action` [ RunTime:0.002338s ]
SQL: SELECT * FROM `weixin_action` WHERE ( user_id="16" and action_type<>1 ) ORDER BY time desc LIMIT 1   [ RunTime:0.000611s ]
NOTIC: [8] Undefined variable: iskeyword D:\localuser\ftp483451\Web\Home\Controller\WeixinController.class.php 第 156 行.

[ 2016-05-12T19:16:39+08:00 ] 118.193.198.197 /index.php/Home/Weixin/index?signature=b836040483568a9f339f101349718e5674f03215&timestamp=1463051824&nonce=1330872742&encrypt_type=aes&msg_signature=20205caa9196954003a38407b4e7a8b348d16560
INFO: [ app_init ] --START--
INFO: [ app_init ] --END-- [ RunTime:0.000456s ]
INFO: [ path_info ] --START--
INFO: [ path_info ] --END-- [ RunTime:0.000035s ]
INFO: [ app_begin ] --START--
INFO: Run Behavior\ReadHtmlCache [ RunTime:0.000057s ]
INFO: [ app_begin ] --END-- [ RunTime:0.000131s ]
INFO: [ action_begin ] --START--
INFO: [ action_begin ] --END-- [ RunTime:0.000068s ]
NOTIC: [8] Undefined index: echostr D:\localuser\ftp483451\Web\Home\Controller\WeixinController.class.php 第 20 行.
NOTIC: [8192] mysql_connect(): The mysql extension is deprecated and will be removed in the future: use mysqli or PDO instead D:\localuser\ftp483451\Web\ThinkPHP\Library\Think\Db\Driver\Mysql.class.php 第 52 行.
SQL: SHOW COLUMNS FROM `weixin_user` [ RunTime:0.021308s ]
SQL: SELECT * FROM `weixin_user` WHERE ( openid='o4oRrwMttTnZXV2OiDOWS8GGgXNo' )  [ RunTime:0.001189s ]
SQL: SHOW COLUMNS FROM `weixin_action` [ RunTime:0.002398s ]
SQL: SELECT * FROM `weixin_action` WHERE ( user_id="7" and action_type<>1 ) ORDER BY time desc LIMIT 1   [ RunTime:0.001012s ]
NOTIC: [8] Undefined variable: iskeyword D:\localuser\ftp483451\Web\Home\Controller\WeixinController.class.php 第 156 行.

[ 2016-05-12T19:16:46+08:00 ] 118.193.198.197 /index.php/Home/Weixin/index?signature=962807aeb1cc9be329f5673d361e32b8772dbdc6&timestamp=1463051832&nonce=1262386746&encrypt_type=aes&msg_signature=8b8e07d39092846dc23372dec569b73131888aeb
INFO: [ app_init ] --START--
INFO: [ app_init ] --END-- [ RunTime:0.000400s ]
INFO: [ path_info ] --START--
INFO: [ path_info ] --END-- [ RunTime:0.000034s ]
INFO: [ app_begin ] --START--
INFO: Run Behavior\ReadHtmlCache [ RunTime:0.000048s ]
INFO: [ app_begin ] --END-- [ RunTime:0.000112s ]
INFO: [ action_begin ] --START--
INFO: [ action_begin ] --END-- [ RunTime:0.000056s ]
NOTIC: [8] Undefined index: echostr D:\localuser\ftp483451\Web\Home\Controller\WeixinController.class.php 第 20 行.
NOTIC: [8192] mysql_connect(): The mysql extension is deprecated and will be removed in the future: use mysqli or PDO instead D:\localuser\ftp483451\Web\ThinkPHP\Library\Think\Db\Driver\Mysql.class.php 第 52 行.
SQL: SHOW COLUMNS FROM `weixin_user` [ RunTime:0.002150s ]
SQL: SELECT * FROM `weixin_user` WHERE ( openid='o4oRrwMttTnZXV2OiDOWS8GGgXNo' )  [ RunTime:0.000440s ]
SQL: SHOW COLUMNS FROM `weixin_action` [ RunTime:0.002171s ]
SQL: SELECT * FROM `weixin_action` WHERE ( user_id="7" and action_type<>1 ) ORDER BY time desc LIMIT 1   [ RunTime:0.000582s ]
NOTIC: [8] Undefined variable: iskeyword D:\localuser\ftp483451\Web\Home\Controller\WeixinController.class.php 第 156 行.

[ 2016-05-12T19:16:50+08:00 ] 118.193.198.197 /index.php/Home/Weixin/index?signature=e7e683b8868c59abb5b33cdf44df312221028299&timestamp=1463051836&nonce=1847723684&encrypt_type=aes&msg_signature=311d89988991e23f9aef06a6302746b02fddb98e
INFO: [ app_init ] --START--
INFO: [ app_init ] --END-- [ RunTime:0.000316s ]
INFO: [ path_info ] --START--
INFO: [ path_info ] --END-- [ RunTime:0.000027s ]
INFO: [ app_begin ] --START--
INFO: Run Behavior\ReadHtmlCache [ RunTime:0.000039s ]
INFO: [ app_begin ] --END-- [ RunTime:0.000091s ]
INFO: [ action_begin ] --START--
INFO: [ action_begin ] --END-- [ RunTime:0.000046s ]
NOTIC: [8] Undefined index: echostr D:\localuser\ftp483451\Web\Home\Controller\WeixinController.class.php 第 20 行.
NOTIC: [8192] mysql_connect(): The mysql extension is deprecated and will be removed in the future: use mysqli or PDO instead D:\localuser\ftp483451\Web\ThinkPHP\Library\Think\Db\Driver\Mysql.class.php 第 52 行.
SQL: SHOW COLUMNS FROM `weixin_user` [ RunTime:0.002781s ]
SQL: SELECT * FROM `weixin_user` WHERE ( openid='o4oRrwMttTnZXV2OiDOWS8GGgXNo' )  [ RunTime:0.000585s ]
SQL: SHOW COLUMNS FROM `weixin_action` [ RunTime:0.002444s ]
SQL: SELECT * FROM `weixin_action` WHERE ( user_id="7" and action_type<>1 ) ORDER BY time desc LIMIT 1   [ RunTime:0.000680s ]
NOTIC: [8] Undefined variable: iskeyword D:\localuser\ftp483451\Web\Home\Controller\WeixinController.class.php 第 156 行.

[ 2016-05-12T19:16:54+08:00 ] 118.193.198.197 /index.php/Home/Weixin/index?signature=b5bc8e226f2ee86eb3766373d6f9cf53d5e36659&timestamp=1463051840&nonce=1867805659&encrypt_type=aes&msg_signature=f655d5182ab7e2cbcfd1293eb25a8ba285dfddb8
INFO: [ app_init ] --START--
INFO: [ app_init ] --END-- [ RunTime:0.000362s ]
INFO: [ path_info ] --START--
INFO: [ path_info ] --END-- [ RunTime:0.000025s ]
INFO: [ app_begin ] --START--
INFO: Run Behavior\ReadHtmlCache [ RunTime:0.000057s ]
INFO: [ app_begin ] --END-- [ RunTime:0.000138s ]
INFO: [ action_begin ] --START--
INFO: [ action_begin ] --END-- [ RunTime:0.000043s ]
NOTIC: [8] Undefined index: echostr D:\localuser\ftp483451\Web\Home\Controller\WeixinController.class.php 第 20 行.
NOTIC: [8192] mysql_connect(): The mysql extension is deprecated and will be removed in the future: use mysqli or PDO instead D:\localuser\ftp483451\Web\ThinkPHP\Library\Think\Db\Driver\Mysql.class.php 第 52 行.
SQL: SHOW COLUMNS FROM `weixin_user` [ RunTime:0.012503s ]
SQL: SELECT * FROM `weixin_user` WHERE ( openid='o4oRrwMttTnZXV2OiDOWS8GGgXNo' )  [ RunTime:0.000275s ]
SQL: SHOW COLUMNS FROM `weixin_action` [ RunTime:0.002042s ]
SQL: SELECT * FROM `weixin_action` WHERE ( user_id="7" and action_type<>1 ) ORDER BY time desc LIMIT 1   [ RunTime:0.000440s ]
NOTIC: [8] Undefined variable: iskeyword D:\localuser\ftp483451\Web\Home\Controller\WeixinController.class.php 第 156 行.

[ 2016-05-12T19:22:22+08:00 ] 118.193.198.197 /index.php/Home/Weixin/index?signature=910c09dc795f89eebdf36eba631e18ca6dbbf361&timestamp=1463052168&nonce=52741135&encrypt_type=aes&msg_signature=8281831b475ec048bb27821a9f04199529eefd0b
INFO: [ app_init ] --START--
INFO: [ app_init ] --END-- [ RunTime:0.000449s ]
INFO: [ path_info ] --START--
INFO: [ path_info ] --END-- [ RunTime:0.000035s ]
INFO: [ app_begin ] --START--
INFO: Run Behavior\ReadHtmlCache [ RunTime:0.000050s ]
INFO: [ app_begin ] --END-- [ RunTime:0.000120s ]
INFO: [ action_begin ] --START--
INFO: [ action_begin ] --END-- [ RunTime:0.000059s ]
NOTIC: [8] Undefined index: echostr D:\localuser\ftp483451\Web\Home\Controller\WeixinController.class.php 第 20 行.
NOTIC: [8192] mysql_connect(): The mysql extension is deprecated and will be removed in the future: use mysqli or PDO instead D:\localuser\ftp483451\Web\ThinkPHP\Library\Think\Db\Driver\Mysql.class.php 第 52 行.
SQL: SHOW COLUMNS FROM `weixin_user` [ RunTime:0.002477s ]
SQL: SELECT * FROM `weixin_user` WHERE ( openid='o4oRrwMttTnZXV2OiDOWS8GGgXNo' )  [ RunTime:0.000557s ]
SQL: SHOW COLUMNS FROM `weixin_action` [ RunTime:0.003331s ]
SQL: SELECT * FROM `weixin_action` WHERE ( user_id="7" and action_type<>1 ) ORDER BY time desc LIMIT 1   [ RunTime:0.000731s ]
NOTIC: [8] Undefined variable: iskeyword D:\localuser\ftp483451\Web\Home\Controller\WeixinController.class.php 第 156 行.

[ 2016-05-12T19:22:26+08:00 ] 118.193.198.197 /index.php/Home/Weixin/index?signature=32b08d2dc2a7b23b495afe035bdbb6b16b8eae51&timestamp=1463052172&nonce=760745290&encrypt_type=aes&msg_signature=9bf7665444c2d2cfc3dd18a3d5a7dc923b5e2562
INFO: [ app_init ] --START--
INFO: [ app_init ] --END-- [ RunTime:0.000382s ]
INFO: [ path_info ] --START--
INFO: [ path_info ] --END-- [ RunTime:0.000034s ]
INFO: [ app_begin ] --START--
INFO: Run Behavior\ReadHtmlCache [ RunTime:0.000049s ]
INFO: [ app_begin ] --END-- [ RunTime:0.000112s ]
INFO: [ action_begin ] --START--
INFO: [ action_begin ] --END-- [ RunTime:0.000055s ]
NOTIC: [8] Undefined index: echostr D:\localuser\ftp483451\Web\Home\Controller\WeixinController.class.php 第 20 行.
NOTIC: [8192] mysql_connect(): The mysql extension is deprecated and will be removed in the future: use mysqli or PDO instead D:\localuser\ftp483451\Web\ThinkPHP\Library\Think\Db\Driver\Mysql.class.php 第 52 行.
SQL: SHOW COLUMNS FROM `weixin_user` [ RunTime:0.002656s ]
SQL: SELECT * FROM `weixin_user` WHERE ( openid='o4oRrwMttTnZXV2OiDOWS8GGgXNo' )  [ RunTime:0.000438s ]
SQL: SHOW COLUMNS FROM `weixin_action` [ RunTime:0.001985s ]
SQL: SELECT * FROM `weixin_action` WHERE ( user_id="7" and action_type<>1 ) ORDER BY time desc LIMIT 1   [ RunTime:0.000535s ]
NOTIC: [8] Undefined variable: iskeyword D:\localuser\ftp483451\Web\Home\Controller\WeixinController.class.php 第 156 行.

[ 2016-05-12T19:22:31+08:00 ] 118.193.198.197 /index.php/Home/Weixin/index?signature=1a3e6a722606f2cc1bc0f1b5e04001c3d3c8f08d&timestamp=1463052176&nonce=323804131&encrypt_type=aes&msg_signature=51e327f3eeeb66c5f72e203a4cd0f3d902349024
INFO: [ app_init ] --START--
INFO: [ app_init ] --END-- [ RunTime:0.000560s ]
INFO: [ path_info ] --START--
INFO: [ path_info ] --END-- [ RunTime:0.000050s ]
INFO: [ app_begin ] --START--
INFO: Run Behavior\ReadHtmlCache [ RunTime:0.000079s ]
INFO: [ app_begin ] --END-- [ RunTime:0.000181s ]
INFO: [ action_begin ] --START--
INFO: [ action_begin ] --END-- [ RunTime:0.000057s ]
NOTIC: [8] Undefined index: echostr D:\localuser\ftp483451\Web\Home\Controller\WeixinController.class.php 第 20 行.
NOTIC: [8192] mysql_connect(): The mysql extension is deprecated and will be removed in the future: use mysqli or PDO instead D:\localuser\ftp483451\Web\ThinkPHP\Library\Think\Db\Driver\Mysql.class.php 第 52 行.
SQL: SHOW COLUMNS FROM `weixin_user` [ RunTime:0.002357s ]
SQL: SELECT * FROM `weixin_user` WHERE ( openid='o4oRrwMttTnZXV2OiDOWS8GGgXNo' )  [ RunTime:0.000439s ]
SQL: SHOW COLUMNS FROM `weixin_action` [ RunTime:0.002045s ]
SQL: SELECT * FROM `weixin_action` WHERE ( user_id="7" and action_type<>1 ) ORDER BY time desc LIMIT 1   [ RunTime:0.000479s ]
NOTIC: [8] Undefined variable: iskeyword D:\localuser\ftp483451\Web\Home\Controller\WeixinController.class.php 第 156 行.

[ 2016-05-12T19:22:34+08:00 ] 118.193.198.197 /index.php/Home/Weixin/index?signature=256e4598b5f7bb4de2d77433dabddaad7e955cfc&timestamp=1463052180&nonce=982665049&encrypt_type=aes&msg_signature=9051bddf615f7c3b3460de13959ad64901f3237a
INFO: [ app_init ] --START--
INFO: [ app_init ] --END-- [ RunTime:0.000565s ]
INFO: [ path_info ] --START--
INFO: [ path_info ] --END-- [ RunTime:0.000057s ]
INFO: [ app_begin ] --START--
INFO: Run Behavior\ReadHtmlCache [ RunTime:0.000080s ]
INFO: [ app_begin ] --END-- [ RunTime:0.000190s ]
INFO: [ action_begin ] --START--
INFO: [ action_begin ] --END-- [ RunTime:0.000131s ]
NOTIC: [8] Undefined index: echostr D:\localuser\ftp483451\Web\Home\Controller\WeixinController.class.php 第 20 行.
NOTIC: [8192] mysql_connect(): The mysql extension is deprecated and will be removed in the future: use mysqli or PDO instead D:\localuser\ftp483451\Web\ThinkPHP\Library\Think\Db\Driver\Mysql.class.php 第 52 行.
SQL: SHOW COLUMNS FROM `weixin_user` [ RunTime:0.002231s ]
SQL: SELECT * FROM `weixin_user` WHERE ( openid='o4oRrwMttTnZXV2OiDOWS8GGgXNo' )  [ RunTime:0.000397s ]
SQL: SHOW COLUMNS FROM `weixin_action` [ RunTime:0.002146s ]
SQL: SELECT * FROM `weixin_action` WHERE ( user_id="7" and action_type<>1 ) ORDER BY time desc LIMIT 1   [ RunTime:0.000421s ]
NOTIC: [8] Undefined variable: iskeyword D:\localuser\ftp483451\Web\Home\Controller\WeixinController.class.php 第 156 行.

[ 2016-05-12T19:22:37+08:00 ] 118.193.198.197 /index.php/Home/Weixin/index?signature=4d97f0231a8888807e6e0fe213f45f580e12d694&timestamp=1463052183&nonce=2037507098&encrypt_type=aes&msg_signature=6373b36e551d61cea50926fcd9aeb8baa80585fc
INFO: [ app_init ] --START--
INFO: [ app_init ] --END-- [ RunTime:0.000386s ]
INFO: [ path_info ] --START--
INFO: [ path_info ] --END-- [ RunTime:0.000035s ]
INFO: [ app_begin ] --START--
INFO: Run Behavior\ReadHtmlCache [ RunTime:0.000048s ]
INFO: [ app_begin ] --END-- [ RunTime:0.000112s ]
INFO: [ action_begin ] --START--
INFO: [ action_begin ] --END-- [ RunTime:0.000055s ]
NOTIC: [8] Undefined index: echostr D:\localuser\ftp483451\Web\Home\Controller\WeixinController.class.php 第 20 行.
NOTIC: [8192] mysql_connect(): The mysql extension is deprecated and will be removed in the future: use mysqli or PDO instead D:\localuser\ftp483451\Web\ThinkPHP\Library\Think\Db\Driver\Mysql.class.php 第 52 行.
SQL: SHOW COLUMNS FROM `weixin_user` [ RunTime:0.002550s ]
SQL: SELECT * FROM `weixin_user` WHERE ( openid='o4oRrwMttTnZXV2OiDOWS8GGgXNo' )  [ RunTime:0.000430s ]
SQL: SHOW COLUMNS FROM `weixin_action` [ RunTime:0.001989s ]
SQL: SELECT * FROM `weixin_action` WHERE ( user_id="7" and action_type<>1 ) ORDER BY time desc LIMIT 1   [ RunTime:0.000486s ]
NOTIC: [8] Undefined variable: iskeyword D:\localuser\ftp483451\Web\Home\Controller\WeixinController.class.php 第 156 行.

[ 2016-05-12T19:24:38+08:00 ] 118.193.198.197 /index.php/Home/Weixin/index?signature=d2c585cd3eb2428907c4b953af42fcf48d1844c5&timestamp=1463052303&nonce=252016027&encrypt_type=aes&msg_signature=d6cba263da22094d35097577b949460506d596c1
INFO: [ app_init ] --START--
INFO: [ app_init ] --END-- [ RunTime:0.000441s ]
INFO: [ path_info ] --START--
INFO: [ path_info ] --END-- [ RunTime:0.000034s ]
INFO: [ app_begin ] --START--
INFO: Run Behavior\ReadHtmlCache [ RunTime:0.000050s ]
INFO: [ app_begin ] --END-- [ RunTime:0.000121s ]
INFO: [ action_begin ] --START--
INFO: [ action_begin ] --END-- [ RunTime:0.000055s ]
NOTIC: [8] Undefined index: echostr D:\localuser\ftp483451\Web\Home\Controller\WeixinController.class.php 第 20 行.
NOTIC: [8192] mysql_connect(): The mysql extension is deprecated and will be removed in the future: use mysqli or PDO instead D:\localuser\ftp483451\Web\ThinkPHP\Library\Think\Db\Driver\Mysql.class.php 第 52 行.
SQL: SHOW COLUMNS FROM `weixin_user` [ RunTime:0.016827s ]
SQL: SELECT * FROM `weixin_user` WHERE ( openid='o4oRrwMttTnZXV2OiDOWS8GGgXNo' )  [ RunTime:0.000340s ]
SQL: SHOW COLUMNS FROM `weixin_action` [ RunTime:0.002001s ]
SQL: SELECT * FROM `weixin_action` WHERE ( user_id="7" and action_type<>1 ) ORDER BY time desc LIMIT 1   [ RunTime:0.000404s ]
NOTIC: [8] Undefined variable: iskeyword D:\localuser\ftp483451\Web\Home\Controller\WeixinController.class.php 第 156 行.

[ 2016-05-12T19:24:43+08:00 ] 118.193.198.197 /index.php/Home/Weixin/index?signature=45b6ccf20691584d71c94c6d49f21de6ff86bdcb&timestamp=1463052309&nonce=212245349&encrypt_type=aes&msg_signature=13d701d38f15cab74bdd5e5fd5b599748a1267e8
INFO: [ app_init ] --START--
INFO: [ app_init ] --END-- [ RunTime:0.000525s ]
INFO: [ path_info ] --START--
INFO: [ path_info ] --END-- [ RunTime:0.000048s ]
INFO: [ app_begin ] --START--
INFO: Run Behavior\ReadHtmlCache [ RunTime:0.000074s ]
INFO: [ app_begin ] --END-- [ RunTime:0.000163s ]
INFO: [ action_begin ] --START--
INFO: [ action_begin ] --END-- [ RunTime:0.000073s ]
NOTIC: [8] Undefined index: echostr D:\localuser\ftp483451\Web\Home\Controller\WeixinController.class.php 第 20 行.
NOTIC: [8192] mysql_connect(): The mysql extension is deprecated and will be removed in the future: use mysqli or PDO instead D:\localuser\ftp483451\Web\ThinkPHP\Library\Think\Db\Driver\Mysql.class.php 第 52 行.
SQL: SHOW COLUMNS FROM `weixin_user` [ RunTime:0.001693s ]
SQL: SELECT * FROM `weixin_user` WHERE ( openid='o4oRrwMttTnZXV2OiDOWS8GGgXNo' )  [ RunTime:0.000216s ]
SQL: SHOW COLUMNS FROM `weixin_action` [ RunTime:0.001528s ]
SQL: SELECT * FROM `weixin_action` WHERE ( user_id="7" and action_type<>1 ) ORDER BY time desc LIMIT 1   [ RunTime:0.000375s ]
NOTIC: [8] Undefined variable: iskeyword D:\localuser\ftp483451\Web\Home\Controller\WeixinController.class.php 第 156 行.

[ 2016-05-12T19:24:52+08:00 ] 118.193.198.197 /index.php/Home/Weixin/index?signature=083792c5ffd0a95b41a9037b5921f199fa671318&timestamp=1463052318&nonce=1281126591&encrypt_type=aes&msg_signature=ecb32572db8e1b565d1fc1e81d7213d757a211d5
INFO: [ app_init ] --START--
INFO: [ app_init ] --END-- [ RunTime:0.000461s ]
INFO: [ path_info ] --START--
INFO: [ path_info ] --END-- [ RunTime:0.000044s ]
INFO: [ app_begin ] --START--
INFO: Run Behavior\ReadHtmlCache [ RunTime:0.000066s ]
INFO: [ app_begin ] --END-- [ RunTime:0.000159s ]
INFO: [ action_begin ] --START--
INFO: [ action_begin ] --END-- [ RunTime:0.000067s ]
NOTIC: [8] Undefined index: echostr D:\localuser\ftp483451\Web\Home\Controller\WeixinController.class.php 第 20 行.
NOTIC: [8192] mysql_connect(): The mysql extension is deprecated and will be removed in the future: use mysqli or PDO instead D:\localuser\ftp483451\Web\ThinkPHP\Library\Think\Db\Driver\Mysql.class.php 第 52 行.
SQL: SHOW COLUMNS FROM `weixin_user` [ RunTime:0.008202s ]
SQL: SELECT * FROM `weixin_user` WHERE ( openid='o4oRrwMttTnZXV2OiDOWS8GGgXNo' )  [ RunTime:0.000366s ]
SQL: SHOW COLUMNS FROM `weixin_action` [ RunTime:0.001741s ]
SQL: SELECT * FROM `weixin_action` WHERE ( user_id="7" and action_type<>1 ) ORDER BY time desc LIMIT 1   [ RunTime:0.000563s ]
NOTIC: [8] Undefined variable: iskeyword D:\localuser\ftp483451\Web\Home\Controller\WeixinController.class.php 第 156 行.

[ 2016-05-12T19:25:00+08:00 ] 118.193.198.197 /index.php/Home/Weixin/index?signature=fc155233ec40c4f0720cca7aca275a2444f21b62&timestamp=1463052323&nonce=1439980736&encrypt_type=aes&msg_signature=4a45724db75b736936550dc452b34a11603ef019
INFO: [ app_init ] --START--
INFO: [ app_init ] --END-- [ RunTime:0.000398s ]
INFO: [ path_info ] --START--
INFO: [ path_info ] --END-- [ RunTime:0.000034s ]
INFO: [ app_begin ] --START--
INFO: Run Behavior\ReadHtmlCache [ RunTime:0.000050s ]
INFO: [ app_begin ] --END-- [ RunTime:0.000115s ]
INFO: [ action_begin ] --START--
INFO: [ action_begin ] --END-- [ RunTime:0.000061s ]
NOTIC: [8] Undefined index: echostr D:\localuser\ftp483451\Web\Home\Controller\WeixinController.class.php 第 20 行.
NOTIC: [8192] mysql_connect(): The mysql extension is deprecated and will be removed in the future: use mysqli or PDO instead D:\localuser\ftp483451\Web\ThinkPHP\Library\Think\Db\Driver\Mysql.class.php 第 52 行.
SQL: SHOW COLUMNS FROM `weixin_user` [ RunTime:0.002554s ]
SQL: SELECT * FROM `weixin_user` WHERE ( openid='o4oRrwMttTnZXV2OiDOWS8GGgXNo' )  [ RunTime:0.000263s ]
SQL: SHOW COLUMNS FROM `weixin_action` [ RunTime:0.002000s ]
SQL: SELECT * FROM `weixin_action` WHERE ( user_id="7" and action_type<>1 ) ORDER BY time desc LIMIT 1   [ RunTime:0.000360s ]
NOTIC: [8] Undefined variable: iskeyword D:\localuser\ftp483451\Web\Home\Controller\WeixinController.class.php 第 156 行.

[ 2016-05-12T19:25:03+08:00 ] 118.193.198.197 /index.php/Home/Weixin/index?signature=a755a5462a09ae438d966ef147e366ca6b06e1df&timestamp=1463052329&nonce=115463276&encrypt_type=aes&msg_signature=d1a92af1ccc685910b9644ef17c720d64f82059c
INFO: [ app_init ] --START--
INFO: [ app_init ] --END-- [ RunTime:0.000383s ]
INFO: [ path_info ] --START--
INFO: [ path_info ] --END-- [ RunTime:0.000036s ]
INFO: [ app_begin ] --START--
INFO: Run Behavior\ReadHtmlCache [ RunTime:0.000048s ]
INFO: [ app_begin ] --END-- [ RunTime:0.000113s ]
INFO: [ action_begin ] --START--
INFO: [ action_begin ] --END-- [ RunTime:0.000056s ]
NOTIC: [8] Undefined index: echostr D:\localuser\ftp483451\Web\Home\Controller\WeixinController.class.php 第 20 行.
NOTIC: [8192] mysql_connect(): The mysql extension is deprecated and will be removed in the future: use mysqli or PDO instead D:\localuser\ftp483451\Web\ThinkPHP\Library\Think\Db\Driver\Mysql.class.php 第 52 行.
SQL: SHOW COLUMNS FROM `weixin_user` [ RunTime:0.002783s ]
SQL: SELECT * FROM `weixin_user` WHERE ( openid='o4oRrwMttTnZXV2OiDOWS8GGgXNo' )  [ RunTime:0.000654s ]
SQL: SHOW COLUMNS FROM `weixin_action` [ RunTime:0.003033s ]
SQL: SELECT * FROM `weixin_action` WHERE ( user_id="7" and action_type<>1 ) ORDER BY time desc LIMIT 1   [ RunTime:0.000830s ]
NOTIC: [8] Undefined variable: iskeyword D:\localuser\ftp483451\Web\Home\Controller\WeixinController.class.php 第 156 行.

[ 2016-05-12T19:25:08+08:00 ] 118.193.198.197 /index.php/Home/Weixin/index?signature=6443c5d2011802f608ae9bebb6ec3cb9a6407364&timestamp=1463052333&nonce=173298906&encrypt_type=aes&msg_signature=7770e8d46119c354887e922ebc90a90bfa00e7bc
INFO: [ app_init ] --START--
INFO: [ app_init ] --END-- [ RunTime:0.000383s ]
INFO: [ path_info ] --START--
INFO: [ path_info ] --END-- [ RunTime:0.000034s ]
INFO: [ app_begin ] --START--
INFO: Run Behavior\ReadHtmlCache [ RunTime:0.000049s ]
INFO: [ app_begin ] --END-- [ RunTime:0.000114s ]
INFO: [ action_begin ] --START--
INFO: [ action_begin ] --END-- [ RunTime:0.000057s ]
NOTIC: [8] Undefined index: echostr D:\localuser\ftp483451\Web\Home\Controller\WeixinController.class.php 第 20 行.
NOTIC: [8192] mysql_connect(): The mysql extension is deprecated and will be removed in the future: use mysqli or PDO instead D:\localuser\ftp483451\Web\ThinkPHP\Library\Think\Db\Driver\Mysql.class.php 第 52 行.
SQL: SHOW COLUMNS FROM `weixin_user` [ RunTime:0.002004s ]
SQL: SELECT * FROM `weixin_user` WHERE ( openid='o4oRrwMttTnZXV2OiDOWS8GGgXNo' )  [ RunTime:0.000373s ]
SQL: SHOW COLUMNS FROM `weixin_action` [ RunTime:0.002117s ]
SQL: SELECT * FROM `weixin_action` WHERE ( user_id="7" and action_type<>1 ) ORDER BY time desc LIMIT 1   [ RunTime:0.000243s ]
NOTIC: [8] Undefined variable: iskeyword D:\localuser\ftp483451\Web\Home\Controller\WeixinController.class.php 第 156 行.

[ 2016-05-12T19:25:11+08:00 ] 118.193.198.197 /index.php/Home/Weixin/index?signature=d0af09b5b17c62aeff244b7886f9b74689ab8846&timestamp=1463052337&nonce=1894082881&encrypt_type=aes&msg_signature=2061898d6b51d009004f617299408e43053476e4
INFO: [ app_init ] --START--
INFO: [ app_init ] --END-- [ RunTime:0.000541s ]
INFO: [ path_info ] --START--
INFO: [ path_info ] --END-- [ RunTime:0.000051s ]
INFO: [ app_begin ] --START--
INFO: Run Behavior\ReadHtmlCache [ RunTime:0.000081s ]
INFO: [ app_begin ] --END-- [ RunTime:0.000191s ]
INFO: [ action_begin ] --START--
INFO: [ action_begin ] --END-- [ RunTime:0.000080s ]
NOTIC: [8] Undefined index: echostr D:\localuser\ftp483451\Web\Home\Controller\WeixinController.class.php 第 20 行.
NOTIC: [8192] mysql_connect(): The mysql extension is deprecated and will be removed in the future: use mysqli or PDO instead D:\localuser\ftp483451\Web\ThinkPHP\Library\Think\Db\Driver\Mysql.class.php 第 52 行.
SQL: SHOW COLUMNS FROM `weixin_user` [ RunTime:0.002063s ]
SQL: SELECT * FROM `weixin_user` WHERE ( openid='o4oRrwMttTnZXV2OiDOWS8GGgXNo' )  [ RunTime:0.000340s ]
SQL: SHOW COLUMNS FROM `weixin_action` [ RunTime:0.001822s ]
SQL: SELECT * FROM `weixin_action` WHERE ( user_id="7" and action_type<>1 ) ORDER BY time desc LIMIT 1   [ RunTime:0.000416s ]
NOTIC: [8] Undefined variable: iskeyword D:\localuser\ftp483451\Web\Home\Controller\WeixinController.class.php 第 156 行.

[ 2016-05-12T19:25:16+08:00 ] 118.193.198.197 /index.php/Home/Weixin/index?signature=bccd72e14260d74880de82cab26e7c374b93d6d1&timestamp=1463052341&nonce=928450051&encrypt_type=aes&msg_signature=cec8b347ecf416b03ed54f4641889eb377d594f7
INFO: [ app_init ] --START--
INFO: [ app_init ] --END-- [ RunTime:0.000400s ]
INFO: [ path_info ] --START--
INFO: [ path_info ] --END-- [ RunTime:0.000035s ]
INFO: [ app_begin ] --START--
INFO: Run Behavior\ReadHtmlCache [ RunTime:0.000048s ]
INFO: [ app_begin ] --END-- [ RunTime:0.000112s ]
INFO: [ action_begin ] --START--
INFO: [ action_begin ] --END-- [ RunTime:0.000060s ]
NOTIC: [8] Undefined index: echostr D:\localuser\ftp483451\Web\Home\Controller\WeixinController.class.php 第 20 行.
NOTIC: [8192] mysql_connect(): The mysql extension is deprecated and will be removed in the future: use mysqli or PDO instead D:\localuser\ftp483451\Web\ThinkPHP\Library\Think\Db\Driver\Mysql.class.php 第 52 行.
SQL: SHOW COLUMNS FROM `weixin_user` [ RunTime:0.006038s ]
SQL: SELECT * FROM `weixin_user` WHERE ( openid='o4oRrwMttTnZXV2OiDOWS8GGgXNo' )  [ RunTime:0.000897s ]
SQL: SHOW COLUMNS FROM `weixin_action` [ RunTime:0.002102s ]
SQL: SELECT * FROM `weixin_action` WHERE ( user_id="7" and action_type<>1 ) ORDER BY time desc LIMIT 1   [ RunTime:0.000429s ]
NOTIC: [8] Undefined variable: iskeyword D:\localuser\ftp483451\Web\Home\Controller\WeixinController.class.php 第 156 行.

