[ 2016-05-08T04:16:57+08:00 ] 118.193.208.20 /
INFO: [ app_init ] --START--
INFO: [ app_init ] --END-- [ RunTime:0.004633s ]
INFO: [ app_begin ] --START--
INFO: Run Behavior\ReadHtmlCache [ RunTime:0.000065s ]
INFO: [ app_begin ] --END-- [ RunTime:0.000142s ]
NOTIC: [8] A session had already been started - ignoring session_start() D:\localuser\ftp483451\Web\Connect2.1\qqConnectAPI.php 第 2 行.
INFO: [ action_begin ] --START--
INFO: [ action_begin ] --END-- [ RunTime:0.000055s ]
INFO: [ view_begin ] --START--
INFO: [ view_begin ] --END-- [ RunTime:0.000035s ]
INFO: [ view_parse ] --START--
INFO: Run Behavior\ParseTemplate [ RunTime:0.228135s ]
INFO: [ view_parse ] --END-- [ RunTime:0.228242s ]
INFO: [ view_filter ] --START--
INFO: Run Behavior\WriteHtmlCache [ RunTime:0.000020s ]
INFO: [ view_filter ] --END-- [ RunTime:0.000073s ]
INFO: [ view_end ] --START--
INFO: [ view_end ] --END-- [ RunTime:0.000026s ]
INFO: [ app_end ] --START--
INFO: Run Behavior\ShowPageTrace [ RunTime:0.000055s ]
INFO: [ app_end ] --END-- [ RunTime:0.000178s ]

[ 2016-05-08T09:14:03+08:00 ] 118.193.208.20 /
INFO: [ app_init ] --START--
INFO: [ app_init ] --END-- [ RunTime:0.000468s ]
INFO: [ app_begin ] --START--
INFO: Run Behavior\ReadHtmlCache [ RunTime:0.000076s ]
INFO: [ app_begin ] --END-- [ RunTime:0.000168s ]
NOTIC: [8] A session had already been started - ignoring session_start() D:\localuser\ftp483451\Web\Connect2.1\qqConnectAPI.php 第 2 行.
INFO: [ action_begin ] --START--
INFO: [ action_begin ] --END-- [ RunTime:0.000045s ]
INFO: [ view_begin ] --START--
INFO: [ view_begin ] --END-- [ RunTime:0.000036s ]
INFO: [ view_parse ] --START--
INFO: Run Behavior\ParseTemplate [ RunTime:0.012927s ]
INFO: [ view_parse ] --END-- [ RunTime:0.013041s ]
INFO: [ view_filter ] --START--
INFO: Run Behavior\WriteHtmlCache [ RunTime:0.000026s ]
INFO: [ view_filter ] --END-- [ RunTime:0.000109s ]
INFO: [ view_end ] --START--
INFO: [ view_end ] --END-- [ RunTime:0.000041s ]
INFO: [ app_end ] --START--
INFO: Run Behavior\ShowPageTrace [ RunTime:0.000057s ]
INFO: [ app_end ] --END-- [ RunTime:0.000144s ]

[ 2016-05-08T09:14:08+08:00 ] 118.193.208.20 /index.php/Home/index/qqconnect
INFO: [ app_init ] --START--
INFO: [ app_init ] --END-- [ RunTime:0.000424s ]
INFO: [ path_info ] --START--
INFO: [ path_info ] --END-- [ RunTime:0.000112s ]
INFO: [ app_begin ] --START--
INFO: Run Behavior\ReadHtmlCache [ RunTime:0.000062s ]
INFO: [ app_begin ] --END-- [ RunTime:0.000142s ]
NOTIC: [8] A session had already been started - ignoring session_start() D:\localuser\ftp483451\Web\Connect2.1\qqConnectAPI.php 第 2 行.
INFO: [ action_begin ] --START--
INFO: [ action_begin ] --END-- [ RunTime:0.000043s ]
NOTIC: [2] Creating default object from empty value D:\localuser\ftp483451\Web\Connect2.1\class\Recorder.class.php 第 18 行.
INFO: [ app_end ] --START--
INFO: Run Behavior\ShowPageTrace [ RunTime:0.000057s ]
INFO: [ app_end ] --END-- [ RunTime:0.000140s ]

[ 2016-05-08T19:59:13+08:00 ] 118.193.198.52 /index.php/Home/Weixin/index?signature=6c367c4ffa121a80b79d6b12088c2027b40bb650&timestamp=1462708707&nonce=1622961789&encrypt_type=aes&msg_signature=115135564eaac7a124ec11cdb7fe8cf2e66f6d23
INFO: [ app_init ] --START--
INFO: [ app_init ] --END-- [ RunTime:0.000593s ]
INFO: [ path_info ] --START--
INFO: [ path_info ] --END-- [ RunTime:0.000049s ]
INFO: [ app_begin ] --START--
INFO: Run Behavior\ReadHtmlCache [ RunTime:0.000084s ]
INFO: [ app_begin ] --END-- [ RunTime:0.000187s ]
INFO: [ action_begin ] --START--
INFO: [ action_begin ] --END-- [ RunTime:0.000079s ]
NOTIC: [8] Undefined index: echostr D:\localuser\ftp483451\Web\Home\Controller\WeixinController.class.php 第 20 行.
NOTIC: [8192] mysql_connect(): The mysql extension is deprecated and will be removed in the future: use mysqli or PDO instead D:\localuser\ftp483451\Web\ThinkPHP\Library\Think\Db\Driver\Mysql.class.php 第 52 行.
SQL: SHOW COLUMNS FROM `weixin_user` [ RunTime:0.029095s ]
SQL: SELECT * FROM `weixin_user` WHERE ( openid='o4oRrwJA55i-Ix7p_Bmc1k-4N_fg' )  [ RunTime:0.000523s ]
SQL: SHOW COLUMNS FROM `weixin_action` [ RunTime:0.030641s ]
SQL: SELECT * FROM `weixin_action` WHERE ( user_id="16" and action_type<>1 ) ORDER BY time desc LIMIT 1   [ RunTime:0.001146s ]
NOTIC: [8] Undefined variable: iskeyword D:\localuser\ftp483451\Web\Home\Controller\WeixinController.class.php 第 156 行.

[ 2016-05-08T19:59:22+08:00 ] 118.193.198.31 /index.php/Home/Weixin/index?signature=d8d5af6e1252f0e25a5178abc2c56c0c1c178623&timestamp=1462708716&nonce=55589904&encrypt_type=aes&msg_signature=8479878043223eae1456a970d210e4677242cbf8
INFO: [ app_init ] --START--
INFO: [ app_init ] --END-- [ RunTime:0.000393s ]
INFO: [ path_info ] --START--
INFO: [ path_info ] --END-- [ RunTime:0.000035s ]
INFO: [ app_begin ] --START--
INFO: Run Behavior\ReadHtmlCache [ RunTime:0.000049s ]
INFO: [ app_begin ] --END-- [ RunTime:0.000114s ]
INFO: [ action_begin ] --START--
INFO: [ action_begin ] --END-- [ RunTime:0.000057s ]
NOTIC: [8] Undefined index: echostr D:\localuser\ftp483451\Web\Home\Controller\WeixinController.class.php 第 20 行.
NOTIC: [8192] mysql_connect(): The mysql extension is deprecated and will be removed in the future: use mysqli or PDO instead D:\localuser\ftp483451\Web\ThinkPHP\Library\Think\Db\Driver\Mysql.class.php 第 52 行.
SQL: SHOW COLUMNS FROM `weixin_user` [ RunTime:0.002201s ]
SQL: SELECT * FROM `weixin_user` WHERE ( openid='o4oRrwJA55i-Ix7p_Bmc1k-4N_fg' )  [ RunTime:0.000362s ]
SQL: SHOW COLUMNS FROM `weixin_action` [ RunTime:0.002117s ]
SQL: SELECT * FROM `weixin_action` WHERE ( user_id="16" and action_type<>1 ) ORDER BY time desc LIMIT 1   [ RunTime:0.000501s ]
NOTIC: [8] Undefined variable: iskeyword D:\localuser\ftp483451\Web\Home\Controller\WeixinController.class.php 第 156 行.

