[ 2016-05-17T05:15:37+08:00 ] 118.193.198.196 /
INFO: [ app_init ] --START--
INFO: [ app_init ] --END-- [ RunTime:0.011068s ]
INFO: [ app_begin ] --START--
INFO: Run Behavior\ReadHtmlCache [ RunTime:0.000065s ]
INFO: [ app_begin ] --END-- [ RunTime:0.000140s ]
NOTIC: [8] A session had already been started - ignoring session_start() D:\localuser\ftp483451\Web\Connect2.1\qqConnectAPI.php 第 2 行.
INFO: [ action_begin ] --START--
INFO: [ action_begin ] --END-- [ RunTime:0.000071s ]
INFO: [ view_begin ] --START--
INFO: [ view_begin ] --END-- [ RunTime:0.000041s ]
INFO: [ view_parse ] --START--
INFO: Run Behavior\ParseTemplate [ RunTime:0.149685s ]
INFO: [ view_parse ] --END-- [ RunTime:0.149822s ]
INFO: [ view_filter ] --START--
INFO: Run Behavior\WriteHtmlCache [ RunTime:0.000019s ]
INFO: [ view_filter ] --END-- [ RunTime:0.000078s ]
INFO: [ view_end ] --START--
INFO: [ view_end ] --END-- [ RunTime:0.000028s ]
INFO: [ app_end ] --START--
INFO: Run Behavior\ShowPageTrace [ RunTime:0.000046s ]
INFO: [ app_end ] --END-- [ RunTime:0.000104s ]

[ 2016-05-17T22:44:50+08:00 ] 118.193.208.183 /index.php/Home/Weixin/index?signature=7c4372a85220ee0a7c5ec5f784c5ef421d0e16bb&timestamp=1463496328&nonce=643753574&encrypt_type=aes&msg_signature=98c7dcffb6a9d0ed41451454618892bd779c9e1f
INFO: [ app_init ] --START--
INFO: [ app_init ] --END-- [ RunTime:0.009764s ]
INFO: [ path_info ] --START--
INFO: [ path_info ] --END-- [ RunTime:0.000028s ]
INFO: [ app_begin ] --START--
INFO: Run Behavior\ReadHtmlCache [ RunTime:0.000048s ]
INFO: [ app_begin ] --END-- [ RunTime:0.000106s ]
INFO: [ action_begin ] --START--
INFO: [ action_begin ] --END-- [ RunTime:0.000058s ]
NOTIC: [8] Undefined index: echostr D:\localuser\ftp483451\Web\Home\Controller\WeixinController.class.php 第 20 行.
NOTIC: [8192] mysql_connect(): The mysql extension is deprecated and will be removed in the future: use mysqli or PDO instead D:\localuser\ftp483451\Web\ThinkPHP\Library\Think\Db\Driver\Mysql.class.php 第 52 行.
SQL: SHOW COLUMNS FROM `weixin_user` [ RunTime:0.029821s ]
SQL: SELECT * FROM `weixin_user` WHERE ( openid='o4oRrwJA55i-Ix7p_Bmc1k-4N_fg' )  [ RunTime:0.000506s ]
SQL: SHOW COLUMNS FROM `weixin_action` [ RunTime:0.017912s ]
SQL: SELECT * FROM `weixin_action` WHERE ( user_id="16" and action_type<>1 ) ORDER BY time desc LIMIT 1   [ RunTime:0.000754s ]
NOTIC: [8] Undefined variable: iskeyword D:\localuser\ftp483451\Web\Home\Controller\WeixinController.class.php 第 156 行.

[ 2016-05-17T22:44:53+08:00 ] 118.193.198.57 /index.php/Home/Weixin/index?signature=706bcda54ccba40b12637cae6f6c969a1e656beb&timestamp=1463496332&nonce=1449349110&encrypt_type=aes&msg_signature=16d9ea0b67fd8c64c5026df5981eeb5ec51bda4f
INFO: [ app_init ] --START--
INFO: [ app_init ] --END-- [ RunTime:0.000452s ]
INFO: [ path_info ] --START--
INFO: [ path_info ] --END-- [ RunTime:0.000035s ]
INFO: [ app_begin ] --START--
INFO: Run Behavior\ReadHtmlCache [ RunTime:0.000048s ]
INFO: [ app_begin ] --END-- [ RunTime:0.000115s ]
INFO: [ action_begin ] --START--
INFO: [ action_begin ] --END-- [ RunTime:0.000057s ]
NOTIC: [8] Undefined index: echostr D:\localuser\ftp483451\Web\Home\Controller\WeixinController.class.php 第 20 行.
NOTIC: [8192] mysql_connect(): The mysql extension is deprecated and will be removed in the future: use mysqli or PDO instead D:\localuser\ftp483451\Web\ThinkPHP\Library\Think\Db\Driver\Mysql.class.php 第 52 行.
SQL: SHOW COLUMNS FROM `weixin_user` [ RunTime:0.002299s ]
SQL: SELECT * FROM `weixin_user` WHERE ( openid='o4oRrwJA55i-Ix7p_Bmc1k-4N_fg' )  [ RunTime:0.000240s ]
SQL: SHOW COLUMNS FROM `weixin_action` [ RunTime:0.002193s ]
SQL: SELECT * FROM `weixin_action` WHERE ( user_id="16" and action_type<>1 ) ORDER BY time desc LIMIT 1   [ RunTime:0.000349s ]
NOTIC: [8] Undefined variable: iskeyword D:\localuser\ftp483451\Web\Home\Controller\WeixinController.class.php 第 156 行.

[ 2016-05-17T22:44:59+08:00 ] 118.193.198.57 /index.php/Home/Weixin/index?signature=be183d0c5a8079a5937d1a1deec0e3671a962e6a&timestamp=1463496339&nonce=2137401546&encrypt_type=aes&msg_signature=4623587086b5d1e4144e3a6b45fd9c96ca9fa94f
INFO: [ app_init ] --START--
INFO: [ app_init ] --END-- [ RunTime:0.000596s ]
INFO: [ path_info ] --START--
INFO: [ path_info ] --END-- [ RunTime:0.000054s ]
INFO: [ app_begin ] --START--
INFO: Run Behavior\ReadHtmlCache [ RunTime:0.000080s ]
INFO: [ app_begin ] --END-- [ RunTime:0.000206s ]
INFO: [ action_begin ] --START--
INFO: [ action_begin ] --END-- [ RunTime:0.000108s ]
NOTIC: [8] Undefined index: echostr D:\localuser\ftp483451\Web\Home\Controller\WeixinController.class.php 第 20 行.
NOTIC: [8192] mysql_connect(): The mysql extension is deprecated and will be removed in the future: use mysqli or PDO instead D:\localuser\ftp483451\Web\ThinkPHP\Library\Think\Db\Driver\Mysql.class.php 第 52 行.
SQL: SHOW COLUMNS FROM `weixin_user` [ RunTime:0.002801s ]
SQL: SELECT * FROM `weixin_user` WHERE ( openid='o4oRrwJA55i-Ix7p_Bmc1k-4N_fg' )  [ RunTime:0.001325s ]
SQL: SHOW COLUMNS FROM `weixin_action` [ RunTime:0.012610s ]
SQL: SELECT * FROM `weixin_action` WHERE ( user_id="16" and action_type<>1 ) ORDER BY time desc LIMIT 1   [ RunTime:0.000208s ]
NOTIC: [8] Undefined variable: iskeyword D:\localuser\ftp483451\Web\Home\Controller\WeixinController.class.php 第 156 行.

[ 2016-05-17T22:45:08+08:00 ] 118.193.198.57 /index.php/Home/Weixin/index?signature=f7eaf829b39a1ca58f3f3e36602975a5b7eda83d&timestamp=1463496347&nonce=2031947587&encrypt_type=aes&msg_signature=2bfddd8a7f82f19849bd347bbe149803f1ceea9e
INFO: [ app_init ] --START--
INFO: [ app_init ] --END-- [ RunTime:0.000404s ]
INFO: [ path_info ] --START--
INFO: [ path_info ] --END-- [ RunTime:0.000052s ]
INFO: [ app_begin ] --START--
INFO: Run Behavior\ReadHtmlCache [ RunTime:0.000057s ]
INFO: [ app_begin ] --END-- [ RunTime:0.000131s ]
INFO: [ action_begin ] --START--
INFO: [ action_begin ] --END-- [ RunTime:0.000061s ]
NOTIC: [8] Undefined index: echostr D:\localuser\ftp483451\Web\Home\Controller\WeixinController.class.php 第 20 行.
NOTIC: [8192] mysql_connect(): The mysql extension is deprecated and will be removed in the future: use mysqli or PDO instead D:\localuser\ftp483451\Web\ThinkPHP\Library\Think\Db\Driver\Mysql.class.php 第 52 行.
SQL: SHOW COLUMNS FROM `weixin_user` [ RunTime:0.002733s ]
SQL: SELECT * FROM `weixin_user` WHERE ( openid='o4oRrwJA55i-Ix7p_Bmc1k-4N_fg' )  [ RunTime:0.000632s ]
SQL: SHOW COLUMNS FROM `weixin_action` [ RunTime:0.002539s ]
SQL: SELECT * FROM `weixin_action` WHERE ( user_id="16" and action_type<>1 ) ORDER BY time desc LIMIT 1   [ RunTime:0.000628s ]
NOTIC: [8] Undefined variable: iskeyword D:\localuser\ftp483451\Web\Home\Controller\WeixinController.class.php 第 156 行.

