[ 2016-04-06T06:55:31+08:00 ] 118.193.200.70 /
INFO: [ app_init ] --START--
INFO: [ app_init ] --END-- [ RunTime:0.020208s ]
INFO: [ app_begin ] --START--
INFO: Run Behavior\ReadHtmlCache [ RunTime:0.000057s ]
INFO: [ app_begin ] --END-- [ RunTime:0.000120s ]
NOTIC: [8] A session had already been started - ignoring session_start() D:\localuser\ftp483451\Web\Connect2.1\qqConnectAPI.php 第 2 行.
INFO: [ action_begin ] --START--
INFO: [ action_begin ] --END-- [ RunTime:0.000057s ]
INFO: [ view_begin ] --START--
INFO: [ view_begin ] --END-- [ RunTime:0.000028s ]
INFO: [ view_parse ] --START--
INFO: Run Behavior\ParseTemplate [ RunTime:0.364278s ]
INFO: [ view_parse ] --END-- [ RunTime:0.364379s ]
INFO: [ view_filter ] --START--
INFO: Run Behavior\WriteHtmlCache [ RunTime:0.000021s ]
INFO: [ view_filter ] --END-- [ RunTime:0.000079s ]
INFO: [ view_end ] --START--
INFO: [ view_end ] --END-- [ RunTime:0.000029s ]
INFO: [ app_end ] --START--
INFO: Run Behavior\ShowPageTrace [ RunTime:0.000046s ]
INFO: [ app_end ] --END-- [ RunTime:0.000105s ]

[ 2016-04-06T06:56:14+08:00 ] 118.193.200.89 /index.php/Home/Weixin/index?signature=85fecc199af2961b2bd053de1cefbc8a4e84b7ce&timestamp=1459897368&nonce=1145465806&encrypt_type=aes&msg_signature=d841ba074b4cc248d140932db0e21e3b62d65064
INFO: [ app_init ] --START--
INFO: [ app_init ] --END-- [ RunTime:0.000391s ]
INFO: [ path_info ] --START--
INFO: [ path_info ] --END-- [ RunTime:0.000034s ]
INFO: [ app_begin ] --START--
INFO: Run Behavior\ReadHtmlCache [ RunTime:0.000049s ]
INFO: [ app_begin ] --END-- [ RunTime:0.000116s ]
INFO: [ action_begin ] --START--
INFO: [ action_begin ] --END-- [ RunTime:0.000110s ]
NOTIC: [8] Undefined index: echostr D:\localuser\ftp483451\Web\Home\Controller\WeixinController.class.php 第 20 行.
NOTIC: [8192] mysql_connect(): The mysql extension is deprecated and will be removed in the future: use mysqli or PDO instead D:\localuser\ftp483451\Web\ThinkPHP\Library\Think\Db\Driver\Mysql.class.php 第 52 行.
SQL: SHOW COLUMNS FROM `weixin_user` [ RunTime:0.024337s ]
SQL: SELECT * FROM `weixin_user` WHERE ( openid='o4oRrwMttTnZXV2OiDOWS8GGgXNo' )  [ RunTime:0.000546s ]
SQL: SHOW COLUMNS FROM `weixin_action` [ RunTime:0.020480s ]
SQL: SELECT * FROM `weixin_action` WHERE ( user_id="7" and action_type<>1 ) ORDER BY time desc LIMIT 1   [ RunTime:0.000955s ]
SQL: SELECT * FROM `weixin_user` WHERE ( openid='o4oRrwMttTnZXV2OiDOWS8GGgXNo' )  [ RunTime:0.000327s ]
SQL: INSERT INTO `weixin_action` (`user_id`,`action`,`action_type`,`time`) VALUES (7,'进入装修查询环境',2,'2016-04-06 06:56:14') [ RunTime:0.005216s ]

[ 2016-04-06T06:56:31+08:00 ] 118.193.200.89 /index.php/Home/Weixin/index?signature=ede99896ad97f9f8b3dc1a36590ddbbdc2b921ae&timestamp=1459897385&nonce=670293750&encrypt_type=aes&msg_signature=0be067ef00d040674b71ffb4d5cc77e312de9155
INFO: [ app_init ] --START--
INFO: [ app_init ] --END-- [ RunTime:0.000323s ]
INFO: [ path_info ] --START--
INFO: [ path_info ] --END-- [ RunTime:0.000029s ]
INFO: [ app_begin ] --START--
INFO: Run Behavior\ReadHtmlCache [ RunTime:0.000039s ]
INFO: [ app_begin ] --END-- [ RunTime:0.000091s ]
INFO: [ action_begin ] --START--
INFO: [ action_begin ] --END-- [ RunTime:0.000047s ]
NOTIC: [8] Undefined index: echostr D:\localuser\ftp483451\Web\Home\Controller\WeixinController.class.php 第 20 行.
NOTIC: [8192] mysql_connect(): The mysql extension is deprecated and will be removed in the future: use mysqli or PDO instead D:\localuser\ftp483451\Web\ThinkPHP\Library\Think\Db\Driver\Mysql.class.php 第 52 行.
SQL: SHOW COLUMNS FROM `weixin_user` [ RunTime:0.002372s ]
SQL: SELECT * FROM `weixin_user` WHERE ( openid='o4oRrwMttTnZXV2OiDOWS8GGgXNo' )  [ RunTime:0.000258s ]
SQL: SHOW COLUMNS FROM `weixin_action` [ RunTime:0.001644s ]
SQL: SELECT * FROM `weixin_action` WHERE ( user_id="7" and action_type<>1 ) ORDER BY time desc LIMIT 1   [ RunTime:0.000608s ]
SQL: SHOW COLUMNS FROM `weixin_designnum` [ RunTime:0.020124s ]
SQL: SELECT * FROM `weixin_designnum` WHERE ( style='0' and hometype='0' and area='0' and color='0' )  [ RunTime:0.009470s ]

[ 2016-04-06T06:56:37+08:00 ] 118.193.200.89 /index.php/Home/Weixin/index?signature=e3c7b2eb05f49c566b87dafa64d2d89d48f4258d&timestamp=1459897392&nonce=893802113&encrypt_type=aes&msg_signature=01ddb85683b16ec4ae910286d31f24d03a460abb
INFO: [ app_init ] --START--
INFO: [ app_init ] --END-- [ RunTime:0.000322s ]
INFO: [ path_info ] --START--
INFO: [ path_info ] --END-- [ RunTime:0.000028s ]
INFO: [ app_begin ] --START--
INFO: Run Behavior\ReadHtmlCache [ RunTime:0.000040s ]
INFO: [ app_begin ] --END-- [ RunTime:0.000092s ]
INFO: [ action_begin ] --START--
INFO: [ action_begin ] --END-- [ RunTime:0.000048s ]
NOTIC: [8] Undefined index: echostr D:\localuser\ftp483451\Web\Home\Controller\WeixinController.class.php 第 20 行.
NOTIC: [8192] mysql_connect(): The mysql extension is deprecated and will be removed in the future: use mysqli or PDO instead D:\localuser\ftp483451\Web\ThinkPHP\Library\Think\Db\Driver\Mysql.class.php 第 52 行.
SQL: SHOW COLUMNS FROM `weixin_user` [ RunTime:0.003005s ]
SQL: SELECT * FROM `weixin_user` WHERE ( openid='o4oRrwMttTnZXV2OiDOWS8GGgXNo' )  [ RunTime:0.000656s ]
SQL: SHOW COLUMNS FROM `weixin_action` [ RunTime:0.002847s ]
SQL: SELECT * FROM `weixin_action` WHERE ( user_id="7" and action_type<>1 ) ORDER BY time desc LIMIT 1   [ RunTime:0.001096s ]

[ 2016-04-06T06:56:45+08:00 ] 118.193.200.89 /index.php/Home/Weixin/index?signature=0f8aa044fc59318d5f76577ba6fc05bddf47fd3e&timestamp=1459897401&nonce=1840786616&encrypt_type=aes&msg_signature=4d1f3af59989bd7cc444439b09c8e8bbc18981a5
INFO: [ app_init ] --START--
INFO: [ app_init ] --END-- [ RunTime:0.000392s ]
INFO: [ path_info ] --START--
INFO: [ path_info ] --END-- [ RunTime:0.000034s ]
INFO: [ app_begin ] --START--
INFO: Run Behavior\ReadHtmlCache [ RunTime:0.000048s ]
INFO: [ app_begin ] --END-- [ RunTime:0.000113s ]
INFO: [ action_begin ] --START--
INFO: [ action_begin ] --END-- [ RunTime:0.000061s ]
NOTIC: [8] Undefined index: echostr D:\localuser\ftp483451\Web\Home\Controller\WeixinController.class.php 第 20 行.
NOTIC: [8192] mysql_connect(): The mysql extension is deprecated and will be removed in the future: use mysqli or PDO instead D:\localuser\ftp483451\Web\ThinkPHP\Library\Think\Db\Driver\Mysql.class.php 第 52 行.
SQL: SHOW COLUMNS FROM `weixin_user` [ RunTime:0.002860s ]
SQL: SELECT * FROM `weixin_user` WHERE ( openid='o4oRrwMttTnZXV2OiDOWS8GGgXNo' )  [ RunTime:0.001068s ]
SQL: SHOW COLUMNS FROM `weixin_action` [ RunTime:0.002459s ]
SQL: SELECT * FROM `weixin_action` WHERE ( user_id="7" and action_type<>1 ) ORDER BY time desc LIMIT 1   [ RunTime:0.000618s ]
SQL: SELECT * FROM `weixin_user` WHERE ( openid='o4oRrwMttTnZXV2OiDOWS8GGgXNo' )  [ RunTime:0.000230s ]
SQL: INSERT INTO `weixin_action` (`user_id`,`action`,`action_type`,`time`) VALUES (7,'结束查询环境',0,'2016-04-06 06:56:45') [ RunTime:0.001426s ]

[ 2016-04-06T06:56:50+08:00 ] 118.193.200.89 /index.php/Home/Weixin/index?signature=d5fa7314757f4c0ad5d377389eb7548a30429e66&timestamp=1459897405&nonce=2105008375&encrypt_type=aes&msg_signature=5ed237b8d54a2f7fff7c12175dbe06f1b32e7864
INFO: [ app_init ] --START--
INFO: [ app_init ] --END-- [ RunTime:0.000399s ]
INFO: [ path_info ] --START--
INFO: [ path_info ] --END-- [ RunTime:0.000035s ]
INFO: [ app_begin ] --START--
INFO: Run Behavior\ReadHtmlCache [ RunTime:0.000048s ]
INFO: [ app_begin ] --END-- [ RunTime:0.000113s ]
INFO: [ action_begin ] --START--
INFO: [ action_begin ] --END-- [ RunTime:0.000058s ]
NOTIC: [8] Undefined index: echostr D:\localuser\ftp483451\Web\Home\Controller\WeixinController.class.php 第 20 行.
NOTIC: [8192] mysql_connect(): The mysql extension is deprecated and will be removed in the future: use mysqli or PDO instead D:\localuser\ftp483451\Web\ThinkPHP\Library\Think\Db\Driver\Mysql.class.php 第 52 行.
SQL: SHOW COLUMNS FROM `weixin_user` [ RunTime:0.003854s ]
SQL: SELECT * FROM `weixin_user` WHERE ( openid='o4oRrwMttTnZXV2OiDOWS8GGgXNo' )  [ RunTime:0.000781s ]
SQL: SHOW COLUMNS FROM `weixin_action` [ RunTime:0.003055s ]
SQL: SELECT * FROM `weixin_action` WHERE ( user_id="7" and action_type<>1 ) ORDER BY time desc LIMIT 1   [ RunTime:0.000775s ]
SQL: SELECT * FROM `weixin_user` WHERE ( openid='o4oRrwMttTnZXV2OiDOWS8GGgXNo' )  [ RunTime:0.000245s ]
SQL: INSERT INTO `weixin_action` (`user_id`,`action`,`action_type`,`time`) VALUES (7,'获取帮助',1,'2016-04-06 06:56:50') [ RunTime:0.001313s ]

[ 2016-04-06T06:56:50+08:00 ] 118.193.200.70 /index.php/Home/Weixin/index
INFO: [ app_init ] --START--
INFO: [ app_init ] --END-- [ RunTime:0.000618s ]
INFO: [ path_info ] --START--
INFO: [ path_info ] --END-- [ RunTime:0.000047s ]
INFO: [ app_begin ] --START--
INFO: Run Behavior\ReadHtmlCache [ RunTime:0.000079s ]
INFO: [ app_begin ] --END-- [ RunTime:0.000193s ]
INFO: [ action_begin ] --START--
INFO: [ action_begin ] --END-- [ RunTime:0.000047s ]
NOTIC: [8] Undefined index: nonce D:\localuser\ftp483451\Web\Home\Controller\WeixinController.class.php 第 17 行.
NOTIC: [8] Undefined index: timestamp D:\localuser\ftp483451\Web\Home\Controller\WeixinController.class.php 第 19 行.
NOTIC: [8] Undefined index: echostr D:\localuser\ftp483451\Web\Home\Controller\WeixinController.class.php 第 20 行.
NOTIC: [8] Undefined index: signature D:\localuser\ftp483451\Web\Home\Controller\WeixinController.class.php 第 21 行.
NOTIC: [8] Undefined index: HTTP_RAW_POST_DATA D:\localuser\ftp483451\Web\Home\Controller\WeixinController.class.php 第 41 行.
NOTIC: [8] Trying to get property of non-object D:\localuser\ftp483451\Web\Home\Controller\WeixinController.class.php 第 59 行.
NOTIC: [8] Trying to get property of non-object D:\localuser\ftp483451\Web\Home\Controller\WeixinController.class.php 第 90 行.
INFO: [ app_end ] --START--
INFO: Run Behavior\ShowPageTrace [ RunTime:0.000046s ]
INFO: [ app_end ] --END-- [ RunTime:0.000112s ]

[ 2016-04-06T07:15:39+08:00 ] 118.193.200.70 /index.php/Home/Weixin/index?signature=f10640a885e37986fe9403c993dcb86339b7c35d&timestamp=1459898534&nonce=1380045844&encrypt_type=aes&msg_signature=f67e8047c15c49654407d4aede305632069a6bc3
INFO: [ app_init ] --START--
INFO: [ app_init ] --END-- [ RunTime:0.000460s ]
INFO: [ path_info ] --START--
INFO: [ path_info ] --END-- [ RunTime:0.000034s ]
INFO: [ app_begin ] --START--
INFO: Run Behavior\ReadHtmlCache [ RunTime:0.000063s ]
INFO: [ app_begin ] --END-- [ RunTime:0.000138s ]
INFO: [ action_begin ] --START--
INFO: [ action_begin ] --END-- [ RunTime:0.000109s ]
NOTIC: [8] Undefined index: echostr D:\localuser\ftp483451\Web\Home\Controller\WeixinController.class.php 第 20 行.
NOTIC: [8192] mysql_connect(): The mysql extension is deprecated and will be removed in the future: use mysqli or PDO instead D:\localuser\ftp483451\Web\ThinkPHP\Library\Think\Db\Driver\Mysql.class.php 第 52 行.
SQL: SHOW COLUMNS FROM `weixin_user` [ RunTime:0.012629s ]
SQL: SELECT * FROM `weixin_user` WHERE ( openid='o4oRrwPGgzOHHaIAoYT5-G8L9UKo' )  [ RunTime:0.000394s ]
SQL: SHOW COLUMNS FROM `weixin_action` [ RunTime:0.001589s ]
SQL: SELECT * FROM `weixin_action` WHERE ( user_id="11" and action_type<>1 ) ORDER BY time desc LIMIT 1   [ RunTime:0.000519s ]
NOTIC: [8] Undefined variable: iskeyword D:\localuser\ftp483451\Web\Home\Controller\WeixinController.class.php 第 156 行.

[ 2016-04-06T07:22:22+08:00 ] 118.193.200.89 /index.php/Home/Weixin/index?signature=8ff87edc3d9786d1249855b422ce0e48333f0533&timestamp=1459898938&nonce=2109423634&encrypt_type=aes&msg_signature=65de7cae16f0ce9d9c9284b964d7dfe0da25bcb0
INFO: [ app_init ] --START--
INFO: [ app_init ] --END-- [ RunTime:0.000565s ]
INFO: [ path_info ] --START--
INFO: [ path_info ] --END-- [ RunTime:0.000040s ]
INFO: [ app_begin ] --START--
INFO: Run Behavior\ReadHtmlCache [ RunTime:0.000058s ]
INFO: [ app_begin ] --END-- [ RunTime:0.000142s ]
INFO: [ action_begin ] --START--
INFO: [ action_begin ] --END-- [ RunTime:0.000074s ]
NOTIC: [8] Undefined index: echostr D:\localuser\ftp483451\Web\Home\Controller\WeixinController.class.php 第 20 行.
NOTIC: [8192] mysql_connect(): The mysql extension is deprecated and will be removed in the future: use mysqli or PDO instead D:\localuser\ftp483451\Web\ThinkPHP\Library\Think\Db\Driver\Mysql.class.php 第 52 行.
SQL: SHOW COLUMNS FROM `weixin_user` [ RunTime:0.003625s ]
SQL: SELECT * FROM `weixin_user` WHERE ( openid='o4oRrwMttTnZXV2OiDOWS8GGgXNo' )  [ RunTime:0.000454s ]
SQL: SHOW COLUMNS FROM `weixin_action` [ RunTime:0.002207s ]
SQL: SELECT * FROM `weixin_action` WHERE ( user_id="7" and action_type<>1 ) ORDER BY time desc LIMIT 1   [ RunTime:0.001771s ]
SQL: SELECT * FROM `weixin_user` WHERE ( openid='o4oRrwMttTnZXV2OiDOWS8GGgXNo' )  [ RunTime:0.000185s ]
SQL: INSERT INTO `weixin_action` (`user_id`,`action`,`action_type`,`time`) VALUES (7,'获取帮助',1,'2016-04-06 07:22:22') [ RunTime:0.001300s ]

[ 2016-04-06T07:23:18+08:00 ] 118.193.200.70 /index.php/Home/Weixin/index?signature=b1acd75ba5200394fedee3d21a81e366aef129dd&timestamp=1459898993&nonce=723421948&encrypt_type=aes&msg_signature=666e90a03afdb8d75d50f168df9d18cec8435614
INFO: [ app_init ] --START--
INFO: [ app_init ] --END-- [ RunTime:0.000305s ]
INFO: [ path_info ] --START--
INFO: [ path_info ] --END-- [ RunTime:0.000028s ]
INFO: [ app_begin ] --START--
INFO: Run Behavior\ReadHtmlCache [ RunTime:0.000037s ]
INFO: [ app_begin ] --END-- [ RunTime:0.000086s ]
INFO: [ action_begin ] --START--
INFO: [ action_begin ] --END-- [ RunTime:0.000045s ]
NOTIC: [8] Undefined index: echostr D:\localuser\ftp483451\Web\Home\Controller\WeixinController.class.php 第 20 行.
NOTIC: [8192] mysql_connect(): The mysql extension is deprecated and will be removed in the future: use mysqli or PDO instead D:\localuser\ftp483451\Web\ThinkPHP\Library\Think\Db\Driver\Mysql.class.php 第 52 行.
SQL: SHOW COLUMNS FROM `weixin_user` [ RunTime:0.001653s ]
SQL: SELECT * FROM `weixin_user` WHERE ( openid='o4oRrwMttTnZXV2OiDOWS8GGgXNo' )  [ RunTime:0.000254s ]
SQL: SHOW COLUMNS FROM `weixin_action` [ RunTime:0.001532s ]
SQL: SELECT * FROM `weixin_action` WHERE ( user_id="7" and action_type<>1 ) ORDER BY time desc LIMIT 1   [ RunTime:0.000556s ]
SQL: SELECT * FROM `weixin_user` WHERE ( openid='o4oRrwMttTnZXV2OiDOWS8GGgXNo' )  [ RunTime:0.000224s ]
SQL: INSERT INTO `weixin_action` (`user_id`,`action`,`action_type`,`time`) VALUES (7,'获取帮助',1,'2016-04-06 07:23:18') [ RunTime:0.001644s ]

[ 2016-04-06T07:33:01+08:00 ] 118.193.200.70 /index.php/Home/Weixin/index?signature=b6452674cd34389932613a6fed9f40d98aa077ff&timestamp=1459899576&nonce=1393142325&encrypt_type=aes&msg_signature=abf9d176d96ac1f329e6e80a49c6e90b184723a1
INFO: [ app_init ] --START--
INFO: [ app_init ] --END-- [ RunTime:0.000426s ]
INFO: [ path_info ] --START--
INFO: [ path_info ] --END-- [ RunTime:0.000037s ]
INFO: [ app_begin ] --START--
INFO: Run Behavior\ReadHtmlCache [ RunTime:0.000066s ]
INFO: [ app_begin ] --END-- [ RunTime:0.000152s ]
INFO: [ action_begin ] --START--
INFO: [ action_begin ] --END-- [ RunTime:0.000075s ]
NOTIC: [8] Undefined index: echostr D:\localuser\ftp483451\Web\Home\Controller\WeixinController.class.php 第 20 行.
NOTIC: [8192] mysql_connect(): The mysql extension is deprecated and will be removed in the future: use mysqli or PDO instead D:\localuser\ftp483451\Web\ThinkPHP\Library\Think\Db\Driver\Mysql.class.php 第 52 行.
SQL: SHOW COLUMNS FROM `weixin_user` [ RunTime:0.009425s ]
SQL: SELECT * FROM `weixin_user` WHERE ( openid='o4oRrwMttTnZXV2OiDOWS8GGgXNo' )  [ RunTime:0.000250s ]
SQL: SHOW COLUMNS FROM `weixin_action` [ RunTime:0.003386s ]
SQL: SELECT * FROM `weixin_action` WHERE ( user_id="7" and action_type<>1 ) ORDER BY time desc LIMIT 1   [ RunTime:0.000990s ]
SQL: SELECT * FROM `weixin_user` WHERE ( openid='o4oRrwMttTnZXV2OiDOWS8GGgXNo' )  [ RunTime:0.000233s ]
SQL: INSERT INTO `weixin_action` (`user_id`,`action`,`action_type`,`time`) VALUES (7,'获取帮助',1,'2016-04-06 07:33:01') [ RunTime:0.001175s ]

[ 2016-04-06T07:41:48+08:00 ] 118.193.200.70 /index.php/Home/Weixin/index?signature=e09807bbb22352142555098fff2a3b18dd368650&timestamp=1459900103&nonce=1151865083&encrypt_type=aes&msg_signature=63ba14ae361b51045c705807f31a93b40d4b207e
INFO: [ app_init ] --START--
INFO: [ app_init ] --END-- [ RunTime:0.000476s ]
INFO: [ path_info ] --START--
INFO: [ path_info ] --END-- [ RunTime:0.000038s ]
INFO: [ app_begin ] --START--
INFO: Run Behavior\ReadHtmlCache [ RunTime:0.000064s ]
INFO: [ app_begin ] --END-- [ RunTime:0.000146s ]
INFO: [ action_begin ] --START--
INFO: [ action_begin ] --END-- [ RunTime:0.000069s ]
NOTIC: [8] Undefined index: echostr D:\localuser\ftp483451\Web\Home\Controller\WeixinController.class.php 第 20 行.
NOTIC: [8192] mysql_connect(): The mysql extension is deprecated and will be removed in the future: use mysqli or PDO instead D:\localuser\ftp483451\Web\ThinkPHP\Library\Think\Db\Driver\Mysql.class.php 第 52 行.
SQL: SHOW COLUMNS FROM `weixin_user` [ RunTime:0.002647s ]
SQL: SELECT * FROM `weixin_user` WHERE ( openid='o4oRrwPGgzOHHaIAoYT5-G8L9UKo' )  [ RunTime:0.000206s ]
SQL: SHOW COLUMNS FROM `weixin_action` [ RunTime:0.002572s ]
SQL: SELECT * FROM `weixin_action` WHERE ( user_id="11" and action_type<>1 ) ORDER BY time desc LIMIT 1   [ RunTime:0.001050s ]
SQL: SELECT * FROM `weixin_user` WHERE ( openid='o4oRrwPGgzOHHaIAoYT5-G8L9UKo' )  [ RunTime:0.000203s ]
SQL: INSERT INTO `weixin_action` (`user_id`,`action`,`action_type`,`time`) VALUES (11,'获取帮助',1,'2016-04-06 07:41:48') [ RunTime:0.001296s ]

[ 2016-04-06T11:52:46+08:00 ] 118.193.200.70 /index.php/Home/Weixin/index?signature=1235ea6710b5e573343dfa739303dd5739d7cfc8&timestamp=1459915161&nonce=2119099092&encrypt_type=aes&msg_signature=f3744cdff08a57bfd7b9c77acb6d332f80d28d84
INFO: [ app_init ] --START--
INFO: [ app_init ] --END-- [ RunTime:0.000331s ]
INFO: [ path_info ] --START--
INFO: [ path_info ] --END-- [ RunTime:0.000025s ]
INFO: [ app_begin ] --START--
INFO: Run Behavior\ReadHtmlCache [ RunTime:0.000042s ]
INFO: [ app_begin ] --END-- [ RunTime:0.000096s ]
INFO: [ action_begin ] --START--
INFO: [ action_begin ] --END-- [ RunTime:0.000057s ]
NOTIC: [8] Undefined index: echostr D:\localuser\ftp483451\Web\Home\Controller\WeixinController.class.php 第 20 行.
NOTIC: [8192] mysql_connect(): The mysql extension is deprecated and will be removed in the future: use mysqli or PDO instead D:\localuser\ftp483451\Web\ThinkPHP\Library\Think\Db\Driver\Mysql.class.php 第 52 行.
SQL: SHOW COLUMNS FROM `weixin_user` [ RunTime:0.002623s ]
SQL: SELECT * FROM `weixin_user` WHERE ( openid='o4oRrwPGgzOHHaIAoYT5-G8L9UKo' )  [ RunTime:0.000172s ]
SQL: SHOW COLUMNS FROM `weixin_action` [ RunTime:0.002763s ]
SQL: SELECT * FROM `weixin_action` WHERE ( user_id="11" and action_type<>1 ) ORDER BY time desc LIMIT 1   [ RunTime:0.000886s ]
SQL: SELECT * FROM `weixin_user` WHERE ( openid='o4oRrwPGgzOHHaIAoYT5-G8L9UKo' )  [ RunTime:0.000155s ]
SQL: INSERT INTO `weixin_action` (`user_id`,`action`,`action_type`,`time`) VALUES (11,'进入装修查询环境',2,'2016-04-06 11:52:46') [ RunTime:0.001728s ]

[ 2016-04-06T11:53:06+08:00 ] 118.193.200.82 /index.php/Home/Weixin/index?signature=856cd9be56136aade482a44983dfd9807d57a321&timestamp=1459915182&nonce=925831481&encrypt_type=aes&msg_signature=a718c12b69a4289ceb144ab899c5d7c912d3e07a
INFO: [ app_init ] --START--
INFO: [ app_init ] --END-- [ RunTime:0.000464s ]
INFO: [ path_info ] --START--
INFO: [ path_info ] --END-- [ RunTime:0.000046s ]
INFO: [ app_begin ] --START--
INFO: Run Behavior\ReadHtmlCache [ RunTime:0.000068s ]
INFO: [ app_begin ] --END-- [ RunTime:0.000160s ]
INFO: [ action_begin ] --START--
INFO: [ action_begin ] --END-- [ RunTime:0.000069s ]
NOTIC: [8] Undefined index: echostr D:\localuser\ftp483451\Web\Home\Controller\WeixinController.class.php 第 20 行.
NOTIC: [8192] mysql_connect(): The mysql extension is deprecated and will be removed in the future: use mysqli or PDO instead D:\localuser\ftp483451\Web\ThinkPHP\Library\Think\Db\Driver\Mysql.class.php 第 52 行.
SQL: SHOW COLUMNS FROM `weixin_user` [ RunTime:0.013048s ]
SQL: SELECT * FROM `weixin_user` WHERE ( openid='o4oRrwPGgzOHHaIAoYT5-G8L9UKo' )  [ RunTime:0.000269s ]
SQL: SHOW COLUMNS FROM `weixin_action` [ RunTime:0.002140s ]
SQL: SELECT * FROM `weixin_action` WHERE ( user_id="11" and action_type<>1 ) ORDER BY time desc LIMIT 1   [ RunTime:0.000829s ]

[ 2016-04-06T11:53:32+08:00 ] 118.193.200.82 /index.php/Home/Weixin/index?signature=215ecb8f00c3ae5af42e394db521f9b3c02f577a&timestamp=1459915208&nonce=1528916597&encrypt_type=aes&msg_signature=a71102e76fe73566e66cbef4d2e9662f50574af8
INFO: [ app_init ] --START--
INFO: [ app_init ] --END-- [ RunTime:0.000301s ]
INFO: [ path_info ] --START--
INFO: [ path_info ] --END-- [ RunTime:0.000025s ]
INFO: [ app_begin ] --START--
INFO: Run Behavior\ReadHtmlCache [ RunTime:0.000035s ]
INFO: [ app_begin ] --END-- [ RunTime:0.000080s ]
INFO: [ action_begin ] --START--
INFO: [ action_begin ] --END-- [ RunTime:0.000045s ]
NOTIC: [8] Undefined index: echostr D:\localuser\ftp483451\Web\Home\Controller\WeixinController.class.php 第 20 行.
NOTIC: [8192] mysql_connect(): The mysql extension is deprecated and will be removed in the future: use mysqli or PDO instead D:\localuser\ftp483451\Web\ThinkPHP\Library\Think\Db\Driver\Mysql.class.php 第 52 行.
SQL: SHOW COLUMNS FROM `weixin_user` [ RunTime:0.001727s ]
SQL: SELECT * FROM `weixin_user` WHERE ( openid='o4oRrwPGgzOHHaIAoYT5-G8L9UKo' )  [ RunTime:0.000340s ]
SQL: SHOW COLUMNS FROM `weixin_action` [ RunTime:0.001736s ]
SQL: SELECT * FROM `weixin_action` WHERE ( user_id="11" and action_type<>1 ) ORDER BY time desc LIMIT 1   [ RunTime:0.000644s ]

[ 2016-04-06T11:53:56+08:00 ] 118.193.200.82 /index.php/Home/Weixin/index?signature=b5cfa3e0dcbc7f814252d1a74379c8a7cd5e5ecc&timestamp=1459915232&nonce=2045051913&encrypt_type=aes&msg_signature=a5e70a11222bad68e2ba753b5e30b9bfbca4ecf2
INFO: [ app_init ] --START--
INFO: [ app_init ] --END-- [ RunTime:0.000327s ]
INFO: [ path_info ] --START--
INFO: [ path_info ] --END-- [ RunTime:0.000038s ]
INFO: [ app_begin ] --START--
INFO: Run Behavior\ReadHtmlCache [ RunTime:0.000046s ]
INFO: [ app_begin ] --END-- [ RunTime:0.000109s ]
INFO: [ action_begin ] --START--
INFO: [ action_begin ] --END-- [ RunTime:0.000068s ]
NOTIC: [8] Undefined index: echostr D:\localuser\ftp483451\Web\Home\Controller\WeixinController.class.php 第 20 行.
NOTIC: [8192] mysql_connect(): The mysql extension is deprecated and will be removed in the future: use mysqli or PDO instead D:\localuser\ftp483451\Web\ThinkPHP\Library\Think\Db\Driver\Mysql.class.php 第 52 行.
SQL: SHOW COLUMNS FROM `weixin_user` [ RunTime:0.002380s ]
SQL: SELECT * FROM `weixin_user` WHERE ( openid='o4oRrwPGgzOHHaIAoYT5-G8L9UKo' )  [ RunTime:0.000498s ]
SQL: SHOW COLUMNS FROM `weixin_action` [ RunTime:0.001632s ]
SQL: SELECT * FROM `weixin_action` WHERE ( user_id="11" and action_type<>1 ) ORDER BY time desc LIMIT 1   [ RunTime:0.000283s ]

[ 2016-04-06T12:02:42+08:00 ] 118.193.200.82 /index.php/Home/Weixin/index?signature=94a436e5b8288bfa4a3f466f0d6093734e11a6dd&timestamp=1459915757&nonce=1209002900&encrypt_type=aes&msg_signature=b446dfe7404886283d2ab9ce1ca125ab4454d081
INFO: [ app_init ] --START--
INFO: [ app_init ] --END-- [ RunTime:0.000435s ]
INFO: [ path_info ] --START--
INFO: [ path_info ] --END-- [ RunTime:0.000027s ]
INFO: [ app_begin ] --START--
INFO: Run Behavior\ReadHtmlCache [ RunTime:0.000044s ]
INFO: [ app_begin ] --END-- [ RunTime:0.000100s ]
INFO: [ action_begin ] --START--
INFO: [ action_begin ] --END-- [ RunTime:0.000059s ]
NOTIC: [8] Undefined index: echostr D:\localuser\ftp483451\Web\Home\Controller\WeixinController.class.php 第 20 行.
NOTIC: [8192] mysql_connect(): The mysql extension is deprecated and will be removed in the future: use mysqli or PDO instead D:\localuser\ftp483451\Web\ThinkPHP\Library\Think\Db\Driver\Mysql.class.php 第 52 行.
SQL: SHOW COLUMNS FROM `weixin_user` [ RunTime:0.001922s ]
SQL: SELECT * FROM `weixin_user` WHERE ( openid='o4oRrwPGgzOHHaIAoYT5-G8L9UKo' )  [ RunTime:0.000159s ]
SQL: SHOW COLUMNS FROM `weixin_action` [ RunTime:0.002006s ]
SQL: SELECT * FROM `weixin_action` WHERE ( user_id="11" and action_type<>1 ) ORDER BY time desc LIMIT 1   [ RunTime:0.000676s ]

[ 2016-04-06T12:03:32+08:00 ] 118.193.200.89 /index.php/Home/Weixin/index?signature=a4139ff646239cb14bc4e9646cf39232f9f41fab&timestamp=1459915808&nonce=1151082714&encrypt_type=aes&msg_signature=3fe9f42cae13f6252f76e7c4bfb22affa31e93a4
INFO: [ app_init ] --START--
INFO: [ app_init ] --END-- [ RunTime:0.000460s ]
INFO: [ path_info ] --START--
INFO: [ path_info ] --END-- [ RunTime:0.000040s ]
INFO: [ app_begin ] --START--
INFO: Run Behavior\ReadHtmlCache [ RunTime:0.000054s ]
INFO: [ app_begin ] --END-- [ RunTime:0.000128s ]
INFO: [ action_begin ] --START--
INFO: [ action_begin ] --END-- [ RunTime:0.000061s ]
NOTIC: [8] Undefined index: echostr D:\localuser\ftp483451\Web\Home\Controller\WeixinController.class.php 第 20 行.

[ 2016-04-06T12:15:19+08:00 ] 118.193.200.82 /index.php/Home/Weixin/index?signature=e065a949386d3ab278ee7e74e9658130de9e66a4&timestamp=1459916512&nonce=2095917036&encrypt_type=aes&msg_signature=ffaf93257faf5a130bada95062c5eb4f38266814
INFO: [ app_init ] --START--
INFO: [ app_init ] --END-- [ RunTime:0.000494s ]
INFO: [ path_info ] --START--
INFO: [ path_info ] --END-- [ RunTime:0.000038s ]
INFO: [ app_begin ] --START--
INFO: Run Behavior\ReadHtmlCache [ RunTime:0.000078s ]
INFO: [ app_begin ] --END-- [ RunTime:0.000178s ]
INFO: [ action_begin ] --START--
INFO: [ action_begin ] --END-- [ RunTime:0.000094s ]
NOTIC: [8] Undefined index: echostr D:\localuser\ftp483451\Web\Home\Controller\WeixinController.class.php 第 20 行.
NOTIC: [8192] mysql_connect(): The mysql extension is deprecated and will be removed in the future: use mysqli or PDO instead D:\localuser\ftp483451\Web\ThinkPHP\Library\Think\Db\Driver\Mysql.class.php 第 52 行.
SQL: SHOW COLUMNS FROM `weixin_user` [ RunTime:0.002398s ]
SQL: SELECT * FROM `weixin_user` WHERE ( openid='o4oRrwPGgzOHHaIAoYT5-G8L9UKo' )  [ RunTime:0.000207s ]
SQL: SHOW COLUMNS FROM `weixin_action` [ RunTime:0.002690s ]
SQL: SELECT * FROM `weixin_action` WHERE ( user_id="11" and action_type<>1 ) ORDER BY time desc LIMIT 1   [ RunTime:0.001144s ]

[ 2016-04-06T12:15:27+08:00 ] 118.193.200.82 /index.php/Home/Weixin/index?signature=e065a949386d3ab278ee7e74e9658130de9e66a4&timestamp=1459916512&nonce=2095917036&encrypt_type=aes&msg_signature=ffaf93257faf5a130bada95062c5eb4f38266814
INFO: [ app_init ] --START--
INFO: [ app_init ] --END-- [ RunTime:0.000541s ]
INFO: [ path_info ] --START--
INFO: [ path_info ] --END-- [ RunTime:0.000049s ]
INFO: [ app_begin ] --START--
INFO: Run Behavior\ReadHtmlCache [ RunTime:0.000078s ]
INFO: [ app_begin ] --END-- [ RunTime:0.000178s ]
INFO: [ action_begin ] --START--
INFO: [ action_begin ] --END-- [ RunTime:0.000085s ]
NOTIC: [8] Undefined index: echostr D:\localuser\ftp483451\Web\Home\Controller\WeixinController.class.php 第 20 行.
NOTIC: [8192] mysql_connect(): The mysql extension is deprecated and will be removed in the future: use mysqli or PDO instead D:\localuser\ftp483451\Web\ThinkPHP\Library\Think\Db\Driver\Mysql.class.php 第 52 行.
SQL: SHOW COLUMNS FROM `weixin_user` [ RunTime:0.001876s ]
SQL: SELECT * FROM `weixin_user` WHERE ( openid='o4oRrwPGgzOHHaIAoYT5-G8L9UKo' )  [ RunTime:0.000290s ]
SQL: SHOW COLUMNS FROM `weixin_action` [ RunTime:0.002524s ]
SQL: SELECT * FROM `weixin_action` WHERE ( user_id="11" and action_type<>1 ) ORDER BY time desc LIMIT 1   [ RunTime:0.000734s ]

[ 2016-04-06T13:09:08+08:00 ] 118.193.200.66 /index.php/Home/Weixin/index?signature=f7df000352eaa8ad5d55fe559d8e854721ede42e&timestamp=1459919743&nonce=1992816252&encrypt_type=aes&msg_signature=d6535b5ded6c1eeaabd1799d9e83ab93be1f6841
INFO: [ app_init ] --START--
INFO: [ app_init ] --END-- [ RunTime:0.000329s ]
INFO: [ path_info ] --START--
INFO: [ path_info ] --END-- [ RunTime:0.000024s ]
INFO: [ app_begin ] --START--
INFO: Run Behavior\ReadHtmlCache [ RunTime:0.000049s ]
INFO: [ app_begin ] --END-- [ RunTime:0.000101s ]
INFO: [ action_begin ] --START--
INFO: [ action_begin ] --END-- [ RunTime:0.000055s ]
NOTIC: [8] Undefined index: echostr D:\localuser\ftp483451\Web\Home\Controller\WeixinController.class.php 第 20 行.
NOTIC: [8192] mysql_connect(): The mysql extension is deprecated and will be removed in the future: use mysqli or PDO instead D:\localuser\ftp483451\Web\ThinkPHP\Library\Think\Db\Driver\Mysql.class.php 第 52 行.
SQL: SHOW COLUMNS FROM `weixin_user` [ RunTime:0.002748s ]
SQL: SELECT * FROM `weixin_user` WHERE ( openid='o4oRrwPGgzOHHaIAoYT5-G8L9UKo' )  [ RunTime:0.000348s ]
SQL: SHOW COLUMNS FROM `weixin_action` [ RunTime:0.002557s ]
SQL: SELECT * FROM `weixin_action` WHERE ( user_id="11" and action_type<>1 ) ORDER BY time desc LIMIT 1   [ RunTime:0.000524s ]
NOTIC: [8] Undefined variable: iskeyword D:\localuser\ftp483451\Web\Home\Controller\WeixinController.class.php 第 156 行.

[ 2016-04-06T14:14:28+08:00 ] 118.193.200.84 /index.php/Home/Weixin/index?signature=b25e282566c3b0abc4e6297e3055d66874af84af&timestamp=1459923664&nonce=982508286&encrypt_type=aes&msg_signature=4cbf4b69c1817ae6391af9acf46f1e1dff75ed6f
INFO: [ app_init ] --START--
INFO: [ app_init ] --END-- [ RunTime:0.000479s ]
INFO: [ path_info ] --START--
INFO: [ path_info ] --END-- [ RunTime:0.000034s ]
INFO: [ app_begin ] --START--
INFO: Run Behavior\ReadHtmlCache [ RunTime:0.000067s ]
INFO: [ app_begin ] --END-- [ RunTime:0.000142s ]
INFO: [ action_begin ] --START--
INFO: [ action_begin ] --END-- [ RunTime:0.000071s ]
NOTIC: [8] Undefined index: echostr D:\localuser\ftp483451\Web\Home\Controller\WeixinController.class.php 第 20 行.
NOTIC: [8192] mysql_connect(): The mysql extension is deprecated and will be removed in the future: use mysqli or PDO instead D:\localuser\ftp483451\Web\ThinkPHP\Library\Think\Db\Driver\Mysql.class.php 第 52 行.
SQL: SHOW COLUMNS FROM `weixin_user` [ RunTime:0.016176s ]
SQL: SELECT * FROM `weixin_user` WHERE ( openid='o4oRrwM2hcqCKJGVkP-Xkv6clcvU' )  [ RunTime:0.000345s ]
SQL: SHOW COLUMNS FROM `weixin_action` [ RunTime:0.001691s ]
SQL: SELECT * FROM `weixin_action` WHERE ( user_id="8" and action_type<>1 ) ORDER BY time desc LIMIT 1   [ RunTime:0.000910s ]
NOTIC: [8] Undefined variable: iskeyword D:\localuser\ftp483451\Web\Home\Controller\WeixinController.class.php 第 156 行.

[ 2016-04-06T17:41:45+08:00 ] 118.193.200.84 /index.php/Home/Weixin/index?signature=20a12e19516ea76dbbfb6679d639b6216f007907&timestamp=1459936101&nonce=1561534260&encrypt_type=aes&msg_signature=228f89a1e931b01465a2e0359ae0f26240c25ac2
INFO: [ app_init ] --START--
INFO: [ app_init ] --END-- [ RunTime:0.000482s ]
INFO: [ path_info ] --START--
INFO: [ path_info ] --END-- [ RunTime:0.000039s ]
INFO: [ app_begin ] --START--
INFO: Run Behavior\ReadHtmlCache [ RunTime:0.000066s ]
INFO: [ app_begin ] --END-- [ RunTime:0.000148s ]
INFO: [ action_begin ] --START--
INFO: [ action_begin ] --END-- [ RunTime:0.000090s ]
NOTIC: [8] Undefined index: echostr D:\localuser\ftp483451\Web\Home\Controller\WeixinController.class.php 第 20 行.
NOTIC: [8192] mysql_connect(): The mysql extension is deprecated and will be removed in the future: use mysqli or PDO instead D:\localuser\ftp483451\Web\ThinkPHP\Library\Think\Db\Driver\Mysql.class.php 第 52 行.
SQL: SHOW COLUMNS FROM `weixin_user` [ RunTime:0.002523s ]
SQL: SELECT * FROM `weixin_user` WHERE ( openid='o4oRrwM2hcqCKJGVkP-Xkv6clcvU' )  [ RunTime:0.000175s ]
SQL: SHOW COLUMNS FROM `weixin_action` [ RunTime:0.002362s ]
SQL: SELECT * FROM `weixin_action` WHERE ( user_id="8" and action_type<>1 ) ORDER BY time desc LIMIT 1   [ RunTime:0.000463s ]
NOTIC: [8] Undefined variable: iskeyword D:\localuser\ftp483451\Web\Home\Controller\WeixinController.class.php 第 156 行.

[ 2016-04-06T17:41:52+08:00 ] 118.193.200.84 /index.php/Home/Weixin/index?signature=b980808ca3a8abd0f689b62295cea0f1221f2ad0&timestamp=1459936108&nonce=21095046&encrypt_type=aes&msg_signature=c3a37a273d4cf56eda6d408b139ded83531e858c
INFO: [ app_init ] --START--
INFO: [ app_init ] --END-- [ RunTime:0.000442s ]
INFO: [ path_info ] --START--
INFO: [ path_info ] --END-- [ RunTime:0.000041s ]
INFO: [ app_begin ] --START--
INFO: Run Behavior\ReadHtmlCache [ RunTime:0.000063s ]
INFO: [ app_begin ] --END-- [ RunTime:0.000143s ]
INFO: [ action_begin ] --START--
INFO: [ action_begin ] --END-- [ RunTime:0.000073s ]
NOTIC: [8] Undefined index: echostr D:\localuser\ftp483451\Web\Home\Controller\WeixinController.class.php 第 20 行.
NOTIC: [8192] mysql_connect(): The mysql extension is deprecated and will be removed in the future: use mysqli or PDO instead D:\localuser\ftp483451\Web\ThinkPHP\Library\Think\Db\Driver\Mysql.class.php 第 52 行.
SQL: SHOW COLUMNS FROM `weixin_user` [ RunTime:0.009194s ]
SQL: SELECT * FROM `weixin_user` WHERE ( openid='o4oRrwM2hcqCKJGVkP-Xkv6clcvU' )  [ RunTime:0.000316s ]
SQL: SHOW COLUMNS FROM `weixin_action` [ RunTime:0.002264s ]
SQL: SELECT * FROM `weixin_action` WHERE ( user_id="8" and action_type<>1 ) ORDER BY time desc LIMIT 1   [ RunTime:0.000323s ]
NOTIC: [8] Undefined variable: iskeyword D:\localuser\ftp483451\Web\Home\Controller\WeixinController.class.php 第 156 行.

