[ 2016-05-16T04:08:56+08:00 ] 118.193.208.183 /
INFO: [ app_init ] --START--
INFO: [ app_init ] --END-- [ RunTime:0.010001s ]
INFO: [ app_begin ] --START--
INFO: Run Behavior\ReadHtmlCache [ RunTime:0.000051s ]
INFO: [ app_begin ] --END-- [ RunTime:0.000111s ]
NOTIC: [8] A session had already been started - ignoring session_start() D:\localuser\ftp483451\Web\Connect2.1\qqConnectAPI.php 第 2 行.
INFO: [ action_begin ] --START--
INFO: [ action_begin ] --END-- [ RunTime:0.000058s ]
INFO: [ view_begin ] --START--
INFO: [ view_begin ] --END-- [ RunTime:0.000029s ]
INFO: [ view_parse ] --START--
INFO: Run Behavior\ParseTemplate [ RunTime:0.214140s ]
INFO: [ view_parse ] --END-- [ RunTime:0.214267s ]
INFO: [ view_filter ] --START--
INFO: Run Behavior\WriteHtmlCache [ RunTime:0.000023s ]
INFO: [ view_filter ] --END-- [ RunTime:0.000096s ]
INFO: [ view_end ] --START--
INFO: [ view_end ] --END-- [ RunTime:0.000036s ]
INFO: [ app_end ] --START--
INFO: Run Behavior\ShowPageTrace [ RunTime:0.000057s ]
INFO: [ app_end ] --END-- [ RunTime:0.000137s ]

