[ 2016-02-28T10:10:32+08:00 ] ::1 /index.php/Home/index/login
INFO: [ app_begin ] --START--
INFO: Run Behavior\ReadHtmlCache [ RunTime:0.000138s ]
INFO: [ app_begin ] --END-- [ RunTime:0.000630s ]
INFO: [ action_begin ] --START--
INFO: [ action_begin ] --END-- [ RunTime:0.000068s ]

[ 2016-02-28T10:11:38+08:00 ] ::1 /index.php/Home/index/login
INFO: [ app_begin ] --START--
INFO: Run Behavior\ReadHtmlCache [ RunTime:0.000220s ]
INFO: [ app_begin ] --END-- [ RunTime:0.000827s ]
INFO: [ action_begin ] --START--
INFO: [ action_begin ] --END-- [ RunTime:0.000071s ]

[ 2016-02-28T10:16:27+08:00 ] ::1 /index.php/Home/index/login
INFO: [ app_begin ] --START--
INFO: Run Behavior\ReadHtmlCache [ RunTime:0.000185s ]
INFO: [ app_begin ] --END-- [ RunTime:0.000705s ]
INFO: [ action_begin ] --START--
INFO: [ action_begin ] --END-- [ RunTime:0.000129s ]

[ 2016-02-28T10:20:50+08:00 ] ::1 /index.php/Home/index/login
INFO: [ app_begin ] --START--
INFO: Run Behavior\ReadHtmlCache [ RunTime:0.000376s ]
INFO: [ app_begin ] --END-- [ RunTime:0.001275s ]
INFO: [ action_begin ] --START--
INFO: [ action_begin ] --END-- [ RunTime:0.000105s ]

[ 2016-02-28T10:22:49+08:00 ] ::1 /index.php/Home/index/login
INFO: [ app_begin ] --START--
INFO: Run Behavior\ReadHtmlCache [ RunTime:0.000255s ]
INFO: [ app_begin ] --END-- [ RunTime:0.001056s ]
INFO: [ action_begin ] --START--
INFO: [ action_begin ] --END-- [ RunTime:0.000073s ]
NOTIC: [2] explode() expects parameter 2 to be string, array given C:\wamp\www\Home\Controller\IndexController.class.php 第 20 行.

[ 2016-02-28T10:23:56+08:00 ] ::1 /index.php/Home/index/login
INFO: [ app_begin ] --START--
INFO: Run Behavior\ReadHtmlCache [ RunTime:0.000152s ]
INFO: [ app_begin ] --END-- [ RunTime:0.000560s ]
INFO: [ action_begin ] --START--
INFO: [ action_begin ] --END-- [ RunTime:0.000067s ]
NOTIC: [8] Use of undefined constant b - assumed 'b' C:\wamp\www\Home\Controller\IndexController.class.php 第 20 行.

[ 2016-02-28T10:32:11+08:00 ] ::1 /index.php/Home/index/login
INFO: [ app_begin ] --START--
INFO: Run Behavior\ReadHtmlCache [ RunTime:0.000239s ]
INFO: [ app_begin ] --END-- [ RunTime:0.000971s ]
INFO: [ action_begin ] --START--
INFO: [ action_begin ] --END-- [ RunTime:0.000073s ]
NOTIC: [8] Use of undefined constant b - assumed 'b' C:\wamp\www\Home\Controller\IndexController.class.php 第 20 行.
NOTIC: [8192] mysql_connect(): The mysql extension is deprecated and will be removed in the future: use mysqli or PDO instead C:\wamp\www\ThinkPHP\Library\Think\Db\Driver\Mysql.class.php 第 52 行.
SQL: SHOW COLUMNS FROM `myweb_user` [ RunTime:0.008691s ]
SQL: INSERT INTO `myweb_user` (`reg_time`,`username`,`email`,`password`) VALUES ('2016-02-28 10:32:11','123','456','789') [ RunTime:0.001385s ]
INFO: [ view_begin ] --START--
INFO: [ view_begin ] --END-- [ RunTime:0.000067s ]
INFO: [ view_parse ] --START--
INFO: Run Behavior\ParseTemplate [ RunTime:0.008852s ]
INFO: [ view_parse ] --END-- [ RunTime:0.009031s ]
INFO: [ view_filter ] --START--
INFO: Run Behavior\WriteHtmlCache [ RunTime:0.000052s ]
INFO: [ view_filter ] --END-- [ RunTime:0.000205s ]
INFO: [ view_end ] --START--
INFO: [ view_end ] --END-- [ RunTime:0.000144s ]
INFO: [ app_end ] --START--
INFO: Run Behavior\ShowPageTrace [ RunTime:0.000247s ]
INFO: [ app_end ] --END-- [ RunTime:0.000547s ]

[ 2016-02-28T10:33:09+08:00 ] ::1 /index.php/Home/index/login
INFO: [ app_begin ] --START--
INFO: Run Behavior\ReadHtmlCache [ RunTime:0.000161s ]
INFO: [ app_begin ] --END-- [ RunTime:0.000683s ]
INFO: [ action_begin ] --START--
INFO: [ action_begin ] --END-- [ RunTime:0.000067s ]
NOTIC: [8] Use of undefined constant b - assumed 'b' C:\wamp\www\Home\Controller\IndexController.class.php 第 20 行.
NOTIC: [8192] mysql_connect(): The mysql extension is deprecated and will be removed in the future: use mysqli or PDO instead C:\wamp\www\ThinkPHP\Library\Think\Db\Driver\Mysql.class.php 第 52 行.
SQL: SHOW COLUMNS FROM `myweb_user` [ RunTime:0.008227s ]
SQL: INSERT INTO `myweb_user` (`reg_time`,`username`,`email`,`password`) VALUES ('2016-02-28 10:33:09','name','email','password') [ RunTime:0.001007s ]
INFO: [ view_begin ] --START--
INFO: [ view_begin ] --END-- [ RunTime:0.000062s ]
INFO: [ view_parse ] --START--
INFO: Run Behavior\ParseTemplate [ RunTime:0.009395s ]
INFO: [ view_parse ] --END-- [ RunTime:0.009586s ]
INFO: [ view_filter ] --START--
INFO: Run Behavior\WriteHtmlCache [ RunTime:0.000043s ]
INFO: [ view_filter ] --END-- [ RunTime:0.000173s ]
INFO: [ view_end ] --START--
INFO: [ view_end ] --END-- [ RunTime:0.000153s ]
INFO: [ app_end ] --START--
INFO: Run Behavior\ShowPageTrace [ RunTime:0.000248s ]
INFO: [ app_end ] --END-- [ RunTime:0.000545s ]

[ 2016-02-28T13:39:12+08:00 ] ::1 /index.php/Home/index/login
ERR: Syntax Error in template "C:/wamp/www/Home/View\index\persional_homepage.html"  on line 73 "&lt;h1 id=&quot;logo&quot;&gt;&lt;a href=&quot;#&quot;&gt;{arr.username}&lt;/a&gt;&lt;/h1&gt;"  - Unexpected ".", expected one of: "}" , " "

