[ 2016-04-30T08:23:57+08:00 ] 118.193.200.75 /index.php/Home/Weixin/index?signature=d5e1a55faaccb59f43e07294893dbb1a3a183cfd&timestamp=1461976293&nonce=801605744&encrypt_type=aes&msg_signature=a839bf4a6de37978c733751ba0e768a96c02d244
INFO: [ app_init ] --START--
INFO: [ app_init ] --END-- [ RunTime:0.009784s ]
INFO: [ path_info ] --START--
INFO: [ path_info ] --END-- [ RunTime:0.000059s ]
INFO: [ app_begin ] --START--
INFO: Run Behavior\ReadHtmlCache [ RunTime:0.000063s ]
INFO: [ app_begin ] --END-- [ RunTime:0.000139s ]
INFO: [ action_begin ] --START--
INFO: [ action_begin ] --END-- [ RunTime:0.000111s ]
NOTIC: [8] Undefined index: echostr D:\localuser\ftp483451\Web\Home\Controller\WeixinController.class.php 第 20 行.
NOTIC: [8192] mysql_connect(): The mysql extension is deprecated and will be removed in the future: use mysqli or PDO instead D:\localuser\ftp483451\Web\ThinkPHP\Library\Think\Db\Driver\Mysql.class.php 第 52 行.
SQL: SHOW COLUMNS FROM `weixin_user` [ RunTime:0.030677s ]
SQL: SELECT * FROM `weixin_user` WHERE ( openid='o4oRrwJA55i-Ix7p_Bmc1k-4N_fg' )  [ RunTime:0.000283s ]
SQL: SHOW COLUMNS FROM `weixin_action` [ RunTime:0.021953s ]
SQL: SELECT * FROM `weixin_action` WHERE ( user_id="16" and action_type<>1 ) ORDER BY time desc LIMIT 1   [ RunTime:0.000509s ]
NOTIC: [8] Undefined variable: iskeyword D:\localuser\ftp483451\Web\Home\Controller\WeixinController.class.php 第 156 行.

[ 2016-04-30T08:59:26+08:00 ] 118.193.198.117 /index.php/Home/Weixin/index?signature=c821b01b0ceed6d68b12127a25a7987c87753183&timestamp=1461978424&nonce=240582943&encrypt_type=aes&msg_signature=a0b20dec0a6f9b76bfdbf0233c94799335050976
INFO: [ app_init ] --START--
INFO: [ app_init ] --END-- [ RunTime:0.000454s ]
INFO: [ path_info ] --START--
INFO: [ path_info ] --END-- [ RunTime:0.000035s ]
INFO: [ app_begin ] --START--
INFO: Run Behavior\ReadHtmlCache [ RunTime:0.000057s ]
INFO: [ app_begin ] --END-- [ RunTime:0.000129s ]
INFO: [ action_begin ] --START--
INFO: [ action_begin ] --END-- [ RunTime:0.000064s ]
NOTIC: [8] Undefined index: echostr D:\localuser\ftp483451\Web\Home\Controller\WeixinController.class.php 第 20 行.
INFO: [ app_end ] --START--
INFO: Run Behavior\ShowPageTrace [ RunTime:0.000045s ]
INFO: [ app_end ] --END-- [ RunTime:0.000119s ]

[ 2016-04-30T09:52:23+08:00 ] 118.193.200.66 /index.php/Home/Weixin/index?signature=75921f570e80dc72a0504631128d6b78835a7c3a&timestamp=1461981600&nonce=1699035255&encrypt_type=aes&msg_signature=54f56d15b0a2e8b18c7a2b95f8d7af84dfc394a4
INFO: [ app_init ] --START--
INFO: [ app_init ] --END-- [ RunTime:0.000395s ]
INFO: [ path_info ] --START--
INFO: [ path_info ] --END-- [ RunTime:0.000030s ]
INFO: [ app_begin ] --START--
INFO: Run Behavior\ReadHtmlCache [ RunTime:0.000050s ]
INFO: [ app_begin ] --END-- [ RunTime:0.000113s ]
INFO: [ action_begin ] --START--
INFO: [ action_begin ] --END-- [ RunTime:0.000059s ]
NOTIC: [8] Undefined index: echostr D:\localuser\ftp483451\Web\Home\Controller\WeixinController.class.php 第 20 行.

[ 2016-04-30T09:52:31+08:00 ] 118.193.198.117 /index.php/Home/Weixin/index?signature=9ccc7c962fb3184bb6129690e36797e4c0010a8e&timestamp=1461981604&nonce=1158854398&encrypt_type=aes&msg_signature=f22556c7d3b257ca4f08a20b5f12d72fc4cda7ad
INFO: [ app_init ] --START--
INFO: [ app_init ] --END-- [ RunTime:0.000550s ]
INFO: [ path_info ] --START--
INFO: [ path_info ] --END-- [ RunTime:0.000035s ]
INFO: [ app_begin ] --START--
INFO: Run Behavior\ReadHtmlCache [ RunTime:0.000049s ]
INFO: [ app_begin ] --END-- [ RunTime:0.000114s ]
INFO: [ action_begin ] --START--
INFO: [ action_begin ] --END-- [ RunTime:0.000058s ]
NOTIC: [8] Undefined index: echostr D:\localuser\ftp483451\Web\Home\Controller\WeixinController.class.php 第 20 行.
NOTIC: [8192] mysql_connect(): The mysql extension is deprecated and will be removed in the future: use mysqli or PDO instead D:\localuser\ftp483451\Web\ThinkPHP\Library\Think\Db\Driver\Mysql.class.php 第 52 行.
SQL: SHOW COLUMNS FROM `weixin_user` [ RunTime:0.002555s ]
SQL: SELECT * FROM `weixin_user` WHERE ( openid='o4oRrwCSMnlVqbeT0zXrxW8FG35U' )  [ RunTime:0.000505s ]
SQL: SHOW COLUMNS FROM `weixin_action` [ RunTime:0.002603s ]
SQL: SELECT * FROM `weixin_action` WHERE ( user_id="9" and action_type<>1 ) ORDER BY time desc LIMIT 1   [ RunTime:0.000860s ]
NOTIC: [8] Undefined variable: iskeyword D:\localuser\ftp483451\Web\Home\Controller\WeixinController.class.php 第 156 行.

[ 2016-04-30T09:52:33+08:00 ] 118.193.198.117 /index.php/Home/Weixin/index?signature=9ccc7c962fb3184bb6129690e36797e4c0010a8e&timestamp=1461981604&nonce=1158854398&encrypt_type=aes&msg_signature=f22556c7d3b257ca4f08a20b5f12d72fc4cda7ad
INFO: [ app_init ] --START--
INFO: [ app_init ] --END-- [ RunTime:0.000455s ]
INFO: [ path_info ] --START--
INFO: [ path_info ] --END-- [ RunTime:0.000035s ]
INFO: [ app_begin ] --START--
INFO: Run Behavior\ReadHtmlCache [ RunTime:0.000048s ]
INFO: [ app_begin ] --END-- [ RunTime:0.000114s ]
INFO: [ action_begin ] --START--
INFO: [ action_begin ] --END-- [ RunTime:0.000059s ]
NOTIC: [8] Undefined index: echostr D:\localuser\ftp483451\Web\Home\Controller\WeixinController.class.php 第 20 行.
NOTIC: [8192] mysql_connect(): The mysql extension is deprecated and will be removed in the future: use mysqli or PDO instead D:\localuser\ftp483451\Web\ThinkPHP\Library\Think\Db\Driver\Mysql.class.php 第 52 行.
SQL: SHOW COLUMNS FROM `weixin_user` [ RunTime:0.008544s ]
SQL: SELECT * FROM `weixin_user` WHERE ( openid='o4oRrwCSMnlVqbeT0zXrxW8FG35U' )  [ RunTime:0.000555s ]
SQL: SHOW COLUMNS FROM `weixin_action` [ RunTime:0.002518s ]
SQL: SELECT * FROM `weixin_action` WHERE ( user_id="9" and action_type<>1 ) ORDER BY time desc LIMIT 1   [ RunTime:0.000787s ]
NOTIC: [8] Undefined variable: iskeyword D:\localuser\ftp483451\Web\Home\Controller\WeixinController.class.php 第 156 行.

[ 2016-04-30T09:52:48+08:00 ] 118.193.198.117 /index.php/Home/Weixin/index?signature=02ab701cb758ccfaa78834508c289498ea0307ea&timestamp=1461981624&nonce=93464053&encrypt_type=aes&msg_signature=15d6856f3df9f53d525bf2a23f725e6a64880b00
INFO: [ app_init ] --START--
INFO: [ app_init ] --END-- [ RunTime:0.000401s ]
INFO: [ path_info ] --START--
INFO: [ path_info ] --END-- [ RunTime:0.000053s ]
INFO: [ app_begin ] --START--
INFO: Run Behavior\ReadHtmlCache [ RunTime:0.000079s ]
INFO: [ app_begin ] --END-- [ RunTime:0.000192s ]
INFO: [ action_begin ] --START--
INFO: [ action_begin ] --END-- [ RunTime:0.000092s ]
NOTIC: [8] Undefined index: echostr D:\localuser\ftp483451\Web\Home\Controller\WeixinController.class.php 第 20 行.
NOTIC: [8192] mysql_connect(): The mysql extension is deprecated and will be removed in the future: use mysqli or PDO instead D:\localuser\ftp483451\Web\ThinkPHP\Library\Think\Db\Driver\Mysql.class.php 第 52 行.
SQL: SHOW COLUMNS FROM `weixin_user` [ RunTime:0.002384s ]
SQL: SELECT * FROM `weixin_user` WHERE ( openid='o4oRrwCSMnlVqbeT0zXrxW8FG35U' )  [ RunTime:0.001932s ]
SQL: SHOW COLUMNS FROM `weixin_action` [ RunTime:0.004114s ]
SQL: SELECT * FROM `weixin_action` WHERE ( user_id="9" and action_type<>1 ) ORDER BY time desc LIMIT 1   [ RunTime:0.001211s ]
NOTIC: [8] Undefined variable: iskeyword D:\localuser\ftp483451\Web\Home\Controller\WeixinController.class.php 第 156 行.

[ 2016-04-30T09:53:01+08:00 ] 118.193.198.117 /index.php/Home/Weixin/index?signature=ec575f724aa70c905d1de631f898cb187c44086e&timestamp=1461981638&nonce=707051701&encrypt_type=aes&msg_signature=666d357b84d183edb8c7f3486b8906707683928d
INFO: [ app_init ] --START--
INFO: [ app_init ] --END-- [ RunTime:0.000420s ]
INFO: [ path_info ] --START--
INFO: [ path_info ] --END-- [ RunTime:0.000035s ]
INFO: [ app_begin ] --START--
INFO: Run Behavior\ReadHtmlCache [ RunTime:0.000048s ]
INFO: [ app_begin ] --END-- [ RunTime:0.000113s ]
INFO: [ action_begin ] --START--
INFO: [ action_begin ] --END-- [ RunTime:0.000084s ]
NOTIC: [8] Undefined index: echostr D:\localuser\ftp483451\Web\Home\Controller\WeixinController.class.php 第 20 行.

[ 2016-04-30T09:53:05+08:00 ] 118.193.198.117 /index.php/Home/Weixin/index?signature=b6bc8bfcd4961aac3474cae85efb8bba57594fd8&timestamp=1461981641&nonce=227736811&encrypt_type=aes&msg_signature=a169018c5895d0878734b21aec999f75ce6fe4eb
INFO: [ app_init ] --START--
INFO: [ app_init ] --END-- [ RunTime:0.000536s ]
INFO: [ path_info ] --START--
INFO: [ path_info ] --END-- [ RunTime:0.000045s ]
INFO: [ app_begin ] --START--
INFO: Run Behavior\ReadHtmlCache [ RunTime:0.000077s ]
INFO: [ app_begin ] --END-- [ RunTime:0.000179s ]
INFO: [ action_begin ] --START--
INFO: [ action_begin ] --END-- [ RunTime:0.000071s ]
NOTIC: [8] Undefined index: echostr D:\localuser\ftp483451\Web\Home\Controller\WeixinController.class.php 第 20 行.
NOTIC: [8192] mysql_connect(): The mysql extension is deprecated and will be removed in the future: use mysqli or PDO instead D:\localuser\ftp483451\Web\ThinkPHP\Library\Think\Db\Driver\Mysql.class.php 第 52 行.
SQL: SHOW COLUMNS FROM `weixin_user` [ RunTime:0.020473s ]
SQL: SELECT * FROM `weixin_user` WHERE ( openid='o4oRrwCSMnlVqbeT0zXrxW8FG35U' )  [ RunTime:0.000405s ]
SQL: SHOW COLUMNS FROM `weixin_action` [ RunTime:0.002193s ]
SQL: SELECT * FROM `weixin_action` WHERE ( user_id="9" and action_type<>1 ) ORDER BY time desc LIMIT 1   [ RunTime:0.000530s ]
NOTIC: [8] Undefined variable: iskeyword D:\localuser\ftp483451\Web\Home\Controller\WeixinController.class.php 第 156 行.

[ 2016-04-30T13:02:09+08:00 ] 118.193.198.117 /
INFO: [ app_init ] --START--
INFO: [ app_init ] --END-- [ RunTime:0.000451s ]
INFO: [ app_begin ] --START--
INFO: Run Behavior\ReadHtmlCache [ RunTime:0.000060s ]
INFO: [ app_begin ] --END-- [ RunTime:0.000135s ]
NOTIC: [8] A session had already been started - ignoring session_start() D:\localuser\ftp483451\Web\Connect2.1\qqConnectAPI.php 第 2 行.
INFO: [ action_begin ] --START--
INFO: [ action_begin ] --END-- [ RunTime:0.000063s ]
INFO: [ view_begin ] --START--
INFO: [ view_begin ] --END-- [ RunTime:0.000033s ]
INFO: [ view_parse ] --START--
INFO: Run Behavior\ParseTemplate [ RunTime:0.236870s ]
INFO: [ view_parse ] --END-- [ RunTime:0.237015s ]
INFO: [ view_filter ] --START--
INFO: Run Behavior\WriteHtmlCache [ RunTime:0.000033s ]
INFO: [ view_filter ] --END-- [ RunTime:0.000125s ]
INFO: [ view_end ] --START--
INFO: [ view_end ] --END-- [ RunTime:0.000054s ]
INFO: [ app_end ] --START--
INFO: Run Behavior\ShowPageTrace [ RunTime:0.000099s ]
INFO: [ app_end ] --END-- [ RunTime:0.000209s ]

