[ 2016-04-28T09:25:36+08:00 ] 118.193.200.84 /index.php/Home/Weixin/index?signature=277b5aa2998a1487f6815bad26b9d11947732637&timestamp=1461807187&nonce=475539836&encrypt_type=aes&msg_signature=03b6bd7f57a1ba7632fbbae67ed22a65aa1c0385
INFO: [ app_init ] --START--
INFO: [ app_init ] --END-- [ RunTime:0.023514s ]
INFO: [ path_info ] --START--
INFO: [ path_info ] --END-- [ RunTime:0.000063s ]
INFO: [ app_begin ] --START--
INFO: Run Behavior\ReadHtmlCache [ RunTime:0.000068s ]
INFO: [ app_begin ] --END-- [ RunTime:0.000146s ]
INFO: [ action_begin ] --START--
INFO: [ action_begin ] --END-- [ RunTime:0.000126s ]
NOTIC: [8] Undefined index: echostr D:\localuser\ftp483451\Web\Home\Controller\WeixinController.class.php 第 20 行.
NOTIC: [8192] mysql_connect(): The mysql extension is deprecated and will be removed in the future: use mysqli or PDO instead D:\localuser\ftp483451\Web\ThinkPHP\Library\Think\Db\Driver\Mysql.class.php 第 52 行.
SQL: SHOW COLUMNS FROM `weixin_user` [ RunTime:0.020476s ]
SQL: SELECT * FROM `weixin_user` WHERE ( openid='o4oRrwMttTnZXV2OiDOWS8GGgXNo' )  [ RunTime:0.000626s ]
SQL: SHOW COLUMNS FROM `weixin_action` [ RunTime:0.019399s ]
SQL: SELECT * FROM `weixin_action` WHERE ( user_id="7" and action_type<>1 ) ORDER BY time desc LIMIT 1   [ RunTime:0.001153s ]
NOTIC: [8] Undefined variable: iskeyword D:\localuser\ftp483451\Web\Home\Controller\WeixinController.class.php 第 156 行.

[ 2016-04-28T09:25:42+08:00 ] 118.193.200.84 /index.php/Home/Weixin/index?signature=f233bc533d1127b1fd1e2ffd6ef42b748a68581d&timestamp=1461807194&nonce=773057520&encrypt_type=aes&msg_signature=237c100ae40ea3c58b8383f10cdc3a35962a0238
INFO: [ app_init ] --START--
INFO: [ app_init ] --END-- [ RunTime:0.000397s ]
INFO: [ path_info ] --START--
INFO: [ path_info ] --END-- [ RunTime:0.000035s ]
INFO: [ app_begin ] --START--
INFO: Run Behavior\ReadHtmlCache [ RunTime:0.000049s ]
INFO: [ app_begin ] --END-- [ RunTime:0.000114s ]
INFO: [ action_begin ] --START--
INFO: [ action_begin ] --END-- [ RunTime:0.000057s ]
NOTIC: [8] Undefined index: echostr D:\localuser\ftp483451\Web\Home\Controller\WeixinController.class.php 第 20 行.
NOTIC: [8192] mysql_connect(): The mysql extension is deprecated and will be removed in the future: use mysqli or PDO instead D:\localuser\ftp483451\Web\ThinkPHP\Library\Think\Db\Driver\Mysql.class.php 第 52 行.
SQL: SHOW COLUMNS FROM `weixin_user` [ RunTime:0.026128s ]
SQL: SELECT * FROM `weixin_user` WHERE ( openid='o4oRrwMttTnZXV2OiDOWS8GGgXNo' )  [ RunTime:0.000397s ]
SQL: SHOW COLUMNS FROM `weixin_action` [ RunTime:0.002037s ]
SQL: SELECT * FROM `weixin_action` WHERE ( user_id="7" and action_type<>1 ) ORDER BY time desc LIMIT 1   [ RunTime:0.000581s ]
NOTIC: [8] Undefined variable: iskeyword D:\localuser\ftp483451\Web\Home\Controller\WeixinController.class.php 第 156 行.

[ 2016-04-28T09:25:59+08:00 ] 118.193.200.84 /index.php/Home/Weixin/index?signature=6f3fe67e17adb4018f71945dfdbcbe9862deefe2&timestamp=1461807210&nonce=208283914&encrypt_type=aes&msg_signature=01d26c158e4201bffa3392d1f128d28424b2c0d3
INFO: [ app_init ] --START--
INFO: [ app_init ] --END-- [ RunTime:0.000398s ]
INFO: [ path_info ] --START--
INFO: [ path_info ] --END-- [ RunTime:0.000035s ]
INFO: [ app_begin ] --START--
INFO: Run Behavior\ReadHtmlCache [ RunTime:0.000049s ]
INFO: [ app_begin ] --END-- [ RunTime:0.000115s ]
INFO: [ action_begin ] --START--
INFO: [ action_begin ] --END-- [ RunTime:0.000079s ]
NOTIC: [8] Undefined index: echostr D:\localuser\ftp483451\Web\Home\Controller\WeixinController.class.php 第 20 行.
NOTIC: [8192] mysql_connect(): The mysql extension is deprecated and will be removed in the future: use mysqli or PDO instead D:\localuser\ftp483451\Web\ThinkPHP\Library\Think\Db\Driver\Mysql.class.php 第 52 行.
SQL: SHOW COLUMNS FROM `weixin_user` [ RunTime:0.020272s ]
SQL: SELECT * FROM `weixin_user` WHERE ( openid='o4oRrwMttTnZXV2OiDOWS8GGgXNo' )  [ RunTime:0.000391s ]
SQL: SHOW COLUMNS FROM `weixin_action` [ RunTime:0.002220s ]
SQL: SELECT * FROM `weixin_action` WHERE ( user_id="7" and action_type<>1 ) ORDER BY time desc LIMIT 1   [ RunTime:0.000449s ]
NOTIC: [8] Undefined variable: iskeyword D:\localuser\ftp483451\Web\Home\Controller\WeixinController.class.php 第 156 行.

[ 2016-04-28T09:26:07+08:00 ] 118.193.200.84 /index.php/Home/Weixin/index?signature=73f6161a54df38278a73e921bd4e4b7462286f64&timestamp=1461807218&nonce=2055467038&encrypt_type=aes&msg_signature=2f95508d80cab3455e627d7eb2d7d74c59679787
INFO: [ app_init ] --START--
INFO: [ app_init ] --END-- [ RunTime:0.000664s ]
INFO: [ path_info ] --START--
INFO: [ path_info ] --END-- [ RunTime:0.000047s ]
INFO: [ app_begin ] --START--
INFO: Run Behavior\ReadHtmlCache [ RunTime:0.000055s ]
INFO: [ app_begin ] --END-- [ RunTime:0.000136s ]
INFO: [ action_begin ] --START--
INFO: [ action_begin ] --END-- [ RunTime:0.000085s ]
NOTIC: [8] Undefined index: echostr D:\localuser\ftp483451\Web\Home\Controller\WeixinController.class.php 第 20 行.
NOTIC: [8192] mysql_connect(): The mysql extension is deprecated and will be removed in the future: use mysqli or PDO instead D:\localuser\ftp483451\Web\ThinkPHP\Library\Think\Db\Driver\Mysql.class.php 第 52 行.
SQL: SHOW COLUMNS FROM `weixin_user` [ RunTime:0.002432s ]
SQL: SELECT * FROM `weixin_user` WHERE ( openid='o4oRrwMttTnZXV2OiDOWS8GGgXNo' )  [ RunTime:0.000458s ]
SQL: SHOW COLUMNS FROM `weixin_action` [ RunTime:0.002194s ]
SQL: SELECT * FROM `weixin_action` WHERE ( user_id="7" and action_type<>1 ) ORDER BY time desc LIMIT 1   [ RunTime:0.000620s ]
NOTIC: [8] Undefined variable: iskeyword D:\localuser\ftp483451\Web\Home\Controller\WeixinController.class.php 第 156 行.

[ 2016-04-28T13:16:52+08:00 ] 118.193.200.84 /index.php/Home/Weixin/index?signature=747b7e73420507644e5a517c7b708023071b99a9&timestamp=1461821064&nonce=736897115&encrypt_type=aes&msg_signature=f63de1456cc1adc00993ccf7b252acabbb2fdb8a
INFO: [ app_init ] --START--
INFO: [ app_init ] --END-- [ RunTime:0.000459s ]
INFO: [ path_info ] --START--
INFO: [ path_info ] --END-- [ RunTime:0.000036s ]
INFO: [ app_begin ] --START--
INFO: Run Behavior\ReadHtmlCache [ RunTime:0.000058s ]
INFO: [ app_begin ] --END-- [ RunTime:0.000132s ]
INFO: [ action_begin ] --START--
INFO: [ action_begin ] --END-- [ RunTime:0.000071s ]
NOTIC: [8] Undefined index: echostr D:\localuser\ftp483451\Web\Home\Controller\WeixinController.class.php 第 20 行.
NOTIC: [8192] mysql_connect(): The mysql extension is deprecated and will be removed in the future: use mysqli or PDO instead D:\localuser\ftp483451\Web\ThinkPHP\Library\Think\Db\Driver\Mysql.class.php 第 52 行.
SQL: SHOW COLUMNS FROM `weixin_user` [ RunTime:0.026130s ]
SQL: SELECT * FROM `weixin_user` WHERE ( openid='o4oRrwJA55i-Ix7p_Bmc1k-4N_fg' )  [ RunTime:0.000540s ]
SQL: SHOW COLUMNS FROM `weixin_action` [ RunTime:0.002664s ]
SQL: SELECT * FROM `weixin_action` WHERE ( user_id="16" and action_type<>1 ) ORDER BY time desc LIMIT 1   [ RunTime:0.000871s ]
NOTIC: [8] Undefined variable: iskeyword D:\localuser\ftp483451\Web\Home\Controller\WeixinController.class.php 第 156 行.

[ 2016-04-28T13:17:32+08:00 ] 118.193.200.89 /index.php/Home/Weixin/index?signature=c46a79a60473567f23cca76ddbbcb437f81223e7&timestamp=1461821104&nonce=1660260524&encrypt_type=aes&msg_signature=03124a99f6a43409bafc9c1136c4d6af7d56c0e9
INFO: [ app_init ] --START--
INFO: [ app_init ] --END-- [ RunTime:0.000427s ]
INFO: [ path_info ] --START--
INFO: [ path_info ] --END-- [ RunTime:0.000035s ]
INFO: [ app_begin ] --START--
INFO: Run Behavior\ReadHtmlCache [ RunTime:0.000049s ]
INFO: [ app_begin ] --END-- [ RunTime:0.000114s ]
INFO: [ action_begin ] --START--
INFO: [ action_begin ] --END-- [ RunTime:0.000069s ]
NOTIC: [8] Undefined index: echostr D:\localuser\ftp483451\Web\Home\Controller\WeixinController.class.php 第 20 行.
NOTIC: [8192] mysql_connect(): The mysql extension is deprecated and will be removed in the future: use mysqli or PDO instead D:\localuser\ftp483451\Web\ThinkPHP\Library\Think\Db\Driver\Mysql.class.php 第 52 行.
SQL: SHOW COLUMNS FROM `weixin_user` [ RunTime:0.003708s ]
SQL: SELECT * FROM `weixin_user` WHERE ( openid='o4oRrwJA55i-Ix7p_Bmc1k-4N_fg' )  [ RunTime:0.000548s ]
SQL: SHOW COLUMNS FROM `weixin_action` [ RunTime:0.002196s ]
SQL: SELECT * FROM `weixin_action` WHERE ( user_id="16" and action_type<>1 ) ORDER BY time desc LIMIT 1   [ RunTime:0.000320s ]
NOTIC: [8] Undefined variable: iskeyword D:\localuser\ftp483451\Web\Home\Controller\WeixinController.class.php 第 156 行.

[ 2016-04-28T13:17:53+08:00 ] 118.193.200.89 /index.php/Home/Weixin/index?signature=139b9e5b04ca227a1168dfdcb0b8d2f54be5530a&timestamp=1461821125&nonce=199049096&encrypt_type=aes&msg_signature=a25788ca6adb7537904a9b85b58f146ee4e853f0
INFO: [ app_init ] --START--
INFO: [ app_init ] --END-- [ RunTime:0.000389s ]
INFO: [ path_info ] --START--
INFO: [ path_info ] --END-- [ RunTime:0.000035s ]
INFO: [ app_begin ] --START--
INFO: Run Behavior\ReadHtmlCache [ RunTime:0.000048s ]
INFO: [ app_begin ] --END-- [ RunTime:0.000114s ]
INFO: [ action_begin ] --START--
INFO: [ action_begin ] --END-- [ RunTime:0.000057s ]
NOTIC: [8] Undefined index: echostr D:\localuser\ftp483451\Web\Home\Controller\WeixinController.class.php 第 20 行.
NOTIC: [8192] mysql_connect(): The mysql extension is deprecated and will be removed in the future: use mysqli or PDO instead D:\localuser\ftp483451\Web\ThinkPHP\Library\Think\Db\Driver\Mysql.class.php 第 52 行.
SQL: SHOW COLUMNS FROM `weixin_user` [ RunTime:0.030577s ]
SQL: SELECT * FROM `weixin_user` WHERE ( openid='o4oRrwMttTnZXV2OiDOWS8GGgXNo' )  [ RunTime:0.000736s ]
SQL: SHOW COLUMNS FROM `weixin_action` [ RunTime:0.002219s ]
SQL: SELECT * FROM `weixin_action` WHERE ( user_id="7" and action_type<>1 ) ORDER BY time desc LIMIT 1   [ RunTime:0.001318s ]
NOTIC: [8] Undefined variable: iskeyword D:\localuser\ftp483451\Web\Home\Controller\WeixinController.class.php 第 156 行.

[ 2016-04-28T13:18:46+08:00 ] 118.193.200.89 /index.php/Home/Weixin/index?signature=de7516f5384fede6092dacf3355418fe58e907aa&timestamp=1461821178&nonce=1163603359&encrypt_type=aes&msg_signature=cc2158b4a2d3df05ddd1aac0c2830ad0665e7db0
INFO: [ app_init ] --START--
INFO: [ app_init ] --END-- [ RunTime:0.000393s ]
INFO: [ path_info ] --START--
INFO: [ path_info ] --END-- [ RunTime:0.000035s ]
INFO: [ app_begin ] --START--
INFO: Run Behavior\ReadHtmlCache [ RunTime:0.000048s ]
INFO: [ app_begin ] --END-- [ RunTime:0.000115s ]
INFO: [ action_begin ] --START--
INFO: [ action_begin ] --END-- [ RunTime:0.000056s ]
NOTIC: [8] Undefined index: echostr D:\localuser\ftp483451\Web\Home\Controller\WeixinController.class.php 第 20 行.
NOTIC: [8192] mysql_connect(): The mysql extension is deprecated and will be removed in the future: use mysqli or PDO instead D:\localuser\ftp483451\Web\ThinkPHP\Library\Think\Db\Driver\Mysql.class.php 第 52 行.
SQL: SHOW COLUMNS FROM `weixin_user` [ RunTime:0.002467s ]
SQL: SELECT * FROM `weixin_user` WHERE ( openid='o4oRrwJA55i-Ix7p_Bmc1k-4N_fg' )  [ RunTime:0.000452s ]
SQL: SHOW COLUMNS FROM `weixin_action` [ RunTime:0.002243s ]
SQL: SELECT * FROM `weixin_action` WHERE ( user_id="16" and action_type<>1 ) ORDER BY time desc LIMIT 1   [ RunTime:0.001287s ]
NOTIC: [8] Undefined variable: iskeyword D:\localuser\ftp483451\Web\Home\Controller\WeixinController.class.php 第 156 行.

[ 2016-04-28T13:19:09+08:00 ] 118.193.200.89 /index.php/Home/Weixin/index?signature=95f3a216e3dfcf5d2021aa241cd3d0a82f7d4e2c&timestamp=1461821201&nonce=1773456138&encrypt_type=aes&msg_signature=268911e16bb3f0310db3e9919a2bc8e26884e802
INFO: [ app_init ] --START--
INFO: [ app_init ] --END-- [ RunTime:0.000448s ]
INFO: [ path_info ] --START--
INFO: [ path_info ] --END-- [ RunTime:0.000034s ]
INFO: [ app_begin ] --START--
INFO: Run Behavior\ReadHtmlCache [ RunTime:0.000051s ]
INFO: [ app_begin ] --END-- [ RunTime:0.000122s ]
INFO: [ action_begin ] --START--
INFO: [ action_begin ] --END-- [ RunTime:0.000057s ]
NOTIC: [8] Undefined index: echostr D:\localuser\ftp483451\Web\Home\Controller\WeixinController.class.php 第 20 行.
NOTIC: [8192] mysql_connect(): The mysql extension is deprecated and will be removed in the future: use mysqli or PDO instead D:\localuser\ftp483451\Web\ThinkPHP\Library\Think\Db\Driver\Mysql.class.php 第 52 行.
SQL: SHOW COLUMNS FROM `weixin_user` [ RunTime:0.002546s ]
SQL: SELECT * FROM `weixin_user` WHERE ( openid='o4oRrwJA55i-Ix7p_Bmc1k-4N_fg' )  [ RunTime:0.000470s ]
SQL: SHOW COLUMNS FROM `weixin_action` [ RunTime:0.002240s ]
SQL: SELECT * FROM `weixin_action` WHERE ( user_id="16" and action_type<>1 ) ORDER BY time desc LIMIT 1   [ RunTime:0.000714s ]
NOTIC: [8] Undefined variable: iskeyword D:\localuser\ftp483451\Web\Home\Controller\WeixinController.class.php 第 156 行.

[ 2016-04-28T13:19:16+08:00 ] 118.193.200.89 /index.php/Home/Weixin/index?signature=749e6fb848a2938ed5dc85dc59b323b6eb511e26&timestamp=1461821208&nonce=275603649&encrypt_type=aes&msg_signature=3b215a196597c1aae712c5520e70a4f1460c0084
INFO: [ app_init ] --START--
INFO: [ app_init ] --END-- [ RunTime:0.000390s ]
INFO: [ path_info ] --START--
INFO: [ path_info ] --END-- [ RunTime:0.000034s ]
INFO: [ app_begin ] --START--
INFO: Run Behavior\ReadHtmlCache [ RunTime:0.000049s ]
INFO: [ app_begin ] --END-- [ RunTime:0.000112s ]
INFO: [ action_begin ] --START--
INFO: [ action_begin ] --END-- [ RunTime:0.000057s ]
NOTIC: [8] Undefined index: echostr D:\localuser\ftp483451\Web\Home\Controller\WeixinController.class.php 第 20 行.
NOTIC: [8192] mysql_connect(): The mysql extension is deprecated and will be removed in the future: use mysqli or PDO instead D:\localuser\ftp483451\Web\ThinkPHP\Library\Think\Db\Driver\Mysql.class.php 第 52 行.
SQL: SHOW COLUMNS FROM `weixin_user` [ RunTime:0.004713s ]
SQL: SELECT * FROM `weixin_user` WHERE ( openid='o4oRrwMttTnZXV2OiDOWS8GGgXNo' )  [ RunTime:0.007115s ]
SQL: SHOW COLUMNS FROM `weixin_action` [ RunTime:0.003412s ]
SQL: SELECT * FROM `weixin_action` WHERE ( user_id="7" and action_type<>1 ) ORDER BY time desc LIMIT 1   [ RunTime:0.000995s ]
SQL: SELECT * FROM `weixin_user` WHERE ( openid='o4oRrwMttTnZXV2OiDOWS8GGgXNo' )  [ RunTime:0.000248s ]
SQL: INSERT INTO `weixin_action` (`user_id`,`action`,`action_type`,`time`) VALUES (7,'获取帮助',1,'2016-04-28 13:19:16') [ RunTime:0.003117s ]

[ 2016-04-28T13:19:24+08:00 ] 118.193.200.89 /index.php/Home/Weixin/index?signature=916b9e8f38922a0cd94d3b6d8bd263c79ff84050&timestamp=1461821216&nonce=1485490098&encrypt_type=aes&msg_signature=4d9e99024dcc5abc74d5ff4e5b2c3c4387996973
INFO: [ app_init ] --START--
INFO: [ app_init ] --END-- [ RunTime:0.000398s ]
INFO: [ path_info ] --START--
INFO: [ path_info ] --END-- [ RunTime:0.000034s ]
INFO: [ app_begin ] --START--
INFO: Run Behavior\ReadHtmlCache [ RunTime:0.000049s ]
INFO: [ app_begin ] --END-- [ RunTime:0.000114s ]
INFO: [ action_begin ] --START--
INFO: [ action_begin ] --END-- [ RunTime:0.000056s ]
NOTIC: [8] Undefined index: echostr D:\localuser\ftp483451\Web\Home\Controller\WeixinController.class.php 第 20 行.
NOTIC: [8192] mysql_connect(): The mysql extension is deprecated and will be removed in the future: use mysqli or PDO instead D:\localuser\ftp483451\Web\ThinkPHP\Library\Think\Db\Driver\Mysql.class.php 第 52 行.
SQL: SHOW COLUMNS FROM `weixin_user` [ RunTime:0.004224s ]
SQL: SELECT * FROM `weixin_user` WHERE ( openid='o4oRrwMttTnZXV2OiDOWS8GGgXNo' )  [ RunTime:0.000885s ]
SQL: SHOW COLUMNS FROM `weixin_action` [ RunTime:0.003667s ]
SQL: SELECT * FROM `weixin_action` WHERE ( user_id="7" and action_type<>1 ) ORDER BY time desc LIMIT 1   [ RunTime:0.000853s ]
NOTIC: [8] Undefined variable: iskeyword D:\localuser\ftp483451\Web\Home\Controller\WeixinController.class.php 第 156 行.

[ 2016-04-28T13:19:28+08:00 ] 118.193.200.89 /index.php/Home/Weixin/index?signature=813b45dc79aafcdf03eefb5faf1ee707d89446f5&timestamp=1461821220&nonce=1796469825&encrypt_type=aes&msg_signature=281b1d18b0b64dea8ab9a4b045c27ce131b789d0
INFO: [ app_init ] --START--
INFO: [ app_init ] --END-- [ RunTime:0.000391s ]
INFO: [ path_info ] --START--
INFO: [ path_info ] --END-- [ RunTime:0.000035s ]
INFO: [ app_begin ] --START--
INFO: Run Behavior\ReadHtmlCache [ RunTime:0.000048s ]
INFO: [ app_begin ] --END-- [ RunTime:0.000113s ]
INFO: [ action_begin ] --START--
INFO: [ action_begin ] --END-- [ RunTime:0.000057s ]
NOTIC: [8] Undefined index: echostr D:\localuser\ftp483451\Web\Home\Controller\WeixinController.class.php 第 20 行.
NOTIC: [8192] mysql_connect(): The mysql extension is deprecated and will be removed in the future: use mysqli or PDO instead D:\localuser\ftp483451\Web\ThinkPHP\Library\Think\Db\Driver\Mysql.class.php 第 52 行.
SQL: SHOW COLUMNS FROM `weixin_user` [ RunTime:0.028724s ]
SQL: SELECT * FROM `weixin_user` WHERE ( openid='o4oRrwMttTnZXV2OiDOWS8GGgXNo' )  [ RunTime:0.002029s ]
SQL: SHOW COLUMNS FROM `weixin_action` [ RunTime:0.003389s ]
SQL: SELECT * FROM `weixin_action` WHERE ( user_id="7" and action_type<>1 ) ORDER BY time desc LIMIT 1   [ RunTime:0.000570s ]
NOTIC: [8] Undefined variable: iskeyword D:\localuser\ftp483451\Web\Home\Controller\WeixinController.class.php 第 156 行.

[ 2016-04-28T14:06:02+08:00 ] 118.193.200.89 /index.php/Home/Weixin/index?signature=73a58edf2b91ef4fbab03ed4cfeb00baeaf9bd1a&timestamp=1461824013&nonce=990277429&encrypt_type=aes&msg_signature=2a7d3220368e04d207136e44f8f487a438522cb2
INFO: [ app_init ] --START--
INFO: [ app_init ] --END-- [ RunTime:0.000457s ]
INFO: [ path_info ] --START--
INFO: [ path_info ] --END-- [ RunTime:0.000034s ]
INFO: [ app_begin ] --START--
INFO: Run Behavior\ReadHtmlCache [ RunTime:0.000056s ]
INFO: [ app_begin ] --END-- [ RunTime:0.000129s ]
INFO: [ action_begin ] --START--
INFO: [ action_begin ] --END-- [ RunTime:0.000068s ]
NOTIC: [8] Undefined index: echostr D:\localuser\ftp483451\Web\Home\Controller\WeixinController.class.php 第 20 行.
NOTIC: [8192] mysql_connect(): The mysql extension is deprecated and will be removed in the future: use mysqli or PDO instead D:\localuser\ftp483451\Web\ThinkPHP\Library\Think\Db\Driver\Mysql.class.php 第 52 行.
SQL: SHOW COLUMNS FROM `weixin_user` [ RunTime:0.002860s ]
SQL: SELECT * FROM `weixin_user` WHERE ( openid='o4oRrwMttTnZXV2OiDOWS8GGgXNo' )  [ RunTime:0.000315s ]
SQL: SHOW COLUMNS FROM `weixin_action` [ RunTime:0.002374s ]
SQL: SELECT * FROM `weixin_action` WHERE ( user_id="7" and action_type<>1 ) ORDER BY time desc LIMIT 1   [ RunTime:0.000528s ]
NOTIC: [8] Undefined variable: iskeyword D:\localuser\ftp483451\Web\Home\Controller\WeixinController.class.php 第 156 行.

[ 2016-04-28T14:14:15+08:00 ] 118.193.200.71 /
INFO: [ app_init ] --START--
INFO: [ app_init ] --END-- [ RunTime:0.000576s ]
INFO: [ app_begin ] --START--
INFO: Run Behavior\ReadHtmlCache [ RunTime:0.000135s ]
INFO: [ app_begin ] --END-- [ RunTime:0.000233s ]
NOTIC: [8] A session had already been started - ignoring session_start() D:\localuser\ftp483451\Web\Connect2.1\qqConnectAPI.php 第 2 行.
INFO: [ action_begin ] --START--
INFO: [ action_begin ] --END-- [ RunTime:0.000058s ]
INFO: [ view_begin ] --START--
INFO: [ view_begin ] --END-- [ RunTime:0.000032s ]
INFO: [ view_parse ] --START--
INFO: Run Behavior\ParseTemplate [ RunTime:0.298527s ]
INFO: [ view_parse ] --END-- [ RunTime:0.298631s ]
INFO: [ view_filter ] --START--
INFO: Run Behavior\WriteHtmlCache [ RunTime:0.000020s ]
INFO: [ view_filter ] --END-- [ RunTime:0.000076s ]
INFO: [ view_end ] --START--
INFO: [ view_end ] --END-- [ RunTime:0.000029s ]
INFO: [ app_end ] --START--
INFO: Run Behavior\ShowPageTrace [ RunTime:0.000047s ]
INFO: [ app_end ] --END-- [ RunTime:0.000104s ]

[ 2016-04-28T14:14:20+08:00 ] 118.193.200.71 /index.php/Home/index/login
INFO: [ app_init ] --START--
INFO: [ app_init ] --END-- [ RunTime:0.000570s ]
INFO: [ path_info ] --START--
INFO: [ path_info ] --END-- [ RunTime:0.000051s ]
INFO: [ app_begin ] --START--
INFO: Run Behavior\ReadHtmlCache [ RunTime:0.000049s ]
INFO: [ app_begin ] --END-- [ RunTime:0.000117s ]
NOTIC: [8] A session had already been started - ignoring session_start() D:\localuser\ftp483451\Web\Connect2.1\qqConnectAPI.php 第 2 行.
INFO: [ action_begin ] --START--
INFO: [ action_begin ] --END-- [ RunTime:0.000042s ]
NOTIC: [8192] mysql_connect(): The mysql extension is deprecated and will be removed in the future: use mysqli or PDO instead D:\localuser\ftp483451\Web\ThinkPHP\Library\Think\Db\Driver\Mysql.class.php 第 52 行.
SQL: SHOW COLUMNS FROM `myweb_user` [ RunTime:0.030230s ]
NOTIC: [8] Undefined index: code D:\localuser\ftp483451\Web\Home\Controller\IndexController.class.php 第 24 行.
NOTIC: [8] Undefined index: state D:\localuser\ftp483451\Web\Home\Controller\IndexController.class.php 第 87 行.
SQL: SELECT * FROM `myweb_user` WHERE ( username='1' and password='1' and ispassword='1' )  [ RunTime:0.000550s ]
SQL: SHOW COLUMNS FROM `myweb_user_action` [ RunTime:0.025713s ]
SQL: INSERT INTO `myweb_user_action` (`ip`,`userid`,`area`,`action`,`action_time`) VALUES ('117.114.130.195',9,'中国北京北京','登陆系统','2016-04-28 14:14:19') [ RunTime:0.001767s ]
INFO: [ view_begin ] --START--
INFO: [ view_begin ] --END-- [ RunTime:0.000059s ]
INFO: [ view_parse ] --START--
INFO: Run Behavior\ParseTemplate [ RunTime:0.034850s ]
INFO: [ view_parse ] --END-- [ RunTime:0.034966s ]
INFO: [ view_filter ] --START--
INFO: Run Behavior\WriteHtmlCache [ RunTime:0.000028s ]
INFO: [ view_filter ] --END-- [ RunTime:0.000106s ]
INFO: [ view_end ] --START--
INFO: [ view_end ] --END-- [ RunTime:0.000041s ]
INFO: [ app_end ] --START--
INFO: Run Behavior\ShowPageTrace [ RunTime:0.000061s ]
INFO: [ app_end ] --END-- [ RunTime:0.000138s ]

[ 2016-04-28T14:14:23+08:00 ] 118.193.200.71 /index.php/Home/movie/index
INFO: [ app_init ] --START--
INFO: [ app_init ] --END-- [ RunTime:0.001202s ]
INFO: [ path_info ] --START--
INFO: [ path_info ] --END-- [ RunTime:0.000055s ]
INFO: [ app_begin ] --START--
INFO: Run Behavior\ReadHtmlCache [ RunTime:0.000113s ]
INFO: [ app_begin ] --END-- [ RunTime:0.000301s ]
INFO: [ action_begin ] --START--
INFO: [ action_begin ] --END-- [ RunTime:0.000079s ]
NOTIC: [8192] mysql_connect(): The mysql extension is deprecated and will be removed in the future: use mysqli or PDO instead D:\localuser\ftp483451\Web\ThinkPHP\Library\Think\Db\Driver\Mysql.class.php 第 52 行.
SQL: SHOW COLUMNS FROM `myweb_user_action` [ RunTime:0.002405s ]
SQL: INSERT INTO `myweb_user_action` (`ip`,`userid`,`area`,`action`,`action_time`) VALUES ('117.114.130.195',9,'中国北京北京','登陆个人影院','2016-04-28 14:14:22') [ RunTime:0.001818s ]
SQL: SHOW COLUMNS FROM `myweb_movie_info` [ RunTime:0.030856s ]
SQL: SELECT * FROM `myweb_movie_info` WHERE ( is_update_info=1 )  [ RunTime:0.002576s ]
INFO: [ view_begin ] --START--
INFO: [ view_begin ] --END-- [ RunTime:0.000035s ]
INFO: [ view_parse ] --START--
INFO: Run Behavior\ParseTemplate [ RunTime:0.029390s ]
INFO: [ view_parse ] --END-- [ RunTime:0.029542s ]
INFO: [ view_filter ] --START--
INFO: Run Behavior\WriteHtmlCache [ RunTime:0.000025s ]
INFO: [ view_filter ] --END-- [ RunTime:0.000083s ]
INFO: [ view_end ] --START--
INFO: [ view_end ] --END-- [ RunTime:0.000049s ]
INFO: [ app_end ] --START--
INFO: Run Behavior\ShowPageTrace [ RunTime:0.000051s ]
INFO: [ app_end ] --END-- [ RunTime:0.000111s ]

[ 2016-04-28T14:14:53+08:00 ] 118.193.200.71 /index.php/Home/movie/index
INFO: [ app_init ] --START--
INFO: [ app_init ] --END-- [ RunTime:0.000376s ]
INFO: [ path_info ] --START--
INFO: [ path_info ] --END-- [ RunTime:0.000032s ]
INFO: [ app_begin ] --START--
INFO: Run Behavior\ReadHtmlCache [ RunTime:0.000050s ]
INFO: [ app_begin ] --END-- [ RunTime:0.000110s ]
INFO: [ action_begin ] --START--
INFO: [ action_begin ] --END-- [ RunTime:0.000036s ]
NOTIC: [8192] mysql_connect(): The mysql extension is deprecated and will be removed in the future: use mysqli or PDO instead D:\localuser\ftp483451\Web\ThinkPHP\Library\Think\Db\Driver\Mysql.class.php 第 52 行.
SQL: SHOW COLUMNS FROM `myweb_user_action` [ RunTime:0.003301s ]
SQL: INSERT INTO `myweb_user_action` (`ip`,`userid`,`area`,`action`,`action_time`) VALUES ('117.114.130.195',9,'中国北京北京','登陆个人影院','2016-04-28 14:14:52') [ RunTime:0.001711s ]
SQL: SHOW COLUMNS FROM `myweb_movie_info` [ RunTime:0.002996s ]
SQL: SELECT * FROM `myweb_movie_info` WHERE ( is_update_info=1 )  [ RunTime:0.000593s ]
INFO: [ view_begin ] --START--
INFO: [ view_begin ] --END-- [ RunTime:0.000034s ]
INFO: [ view_parse ] --START--
INFO: Run Behavior\ParseTemplate [ RunTime:0.010964s ]
INFO: [ view_parse ] --END-- [ RunTime:0.011049s ]
INFO: [ view_filter ] --START--
INFO: Run Behavior\WriteHtmlCache [ RunTime:0.000019s ]
INFO: [ view_filter ] --END-- [ RunTime:0.000077s ]
INFO: [ view_end ] --START--
INFO: [ view_end ] --END-- [ RunTime:0.000089s ]
INFO: [ app_end ] --START--
INFO: Run Behavior\ShowPageTrace [ RunTime:0.000045s ]
INFO: [ app_end ] --END-- [ RunTime:0.000119s ]

[ 2016-04-28T14:14:58+08:00 ] 118.193.200.71 /index.php/Home/movie/index
INFO: [ app_init ] --START--
INFO: [ app_init ] --END-- [ RunTime:0.000322s ]
INFO: [ path_info ] --START--
INFO: [ path_info ] --END-- [ RunTime:0.000028s ]
INFO: [ app_begin ] --START--
INFO: Run Behavior\ReadHtmlCache [ RunTime:0.000043s ]
INFO: [ app_begin ] --END-- [ RunTime:0.000096s ]
INFO: [ action_begin ] --START--
INFO: [ action_begin ] --END-- [ RunTime:0.000031s ]
NOTIC: [8192] mysql_connect(): The mysql extension is deprecated and will be removed in the future: use mysqli or PDO instead D:\localuser\ftp483451\Web\ThinkPHP\Library\Think\Db\Driver\Mysql.class.php 第 52 行.
SQL: SHOW COLUMNS FROM `myweb_user_action` [ RunTime:0.002670s ]
SQL: INSERT INTO `myweb_user_action` (`ip`,`userid`,`area`,`action`,`action_time`) VALUES ('117.114.130.195',9,'中国北京北京','登陆个人影院','2016-04-28 14:14:57') [ RunTime:0.001989s ]
SQL: SHOW COLUMNS FROM `myweb_movie_info` [ RunTime:0.002897s ]
SQL: SELECT * FROM `myweb_movie_info` WHERE ( is_update_info=1 )  [ RunTime:0.000708s ]
INFO: [ view_begin ] --START--
INFO: [ view_begin ] --END-- [ RunTime:0.000039s ]
INFO: [ view_parse ] --START--
INFO: Run Behavior\ParseTemplate [ RunTime:0.010855s ]
INFO: [ view_parse ] --END-- [ RunTime:0.010939s ]
INFO: [ view_filter ] --START--
INFO: Run Behavior\WriteHtmlCache [ RunTime:0.000019s ]
INFO: [ view_filter ] --END-- [ RunTime:0.000076s ]
INFO: [ view_end ] --START--
INFO: [ view_end ] --END-- [ RunTime:0.000036s ]
INFO: [ app_end ] --START--
INFO: Run Behavior\ShowPageTrace [ RunTime:0.000046s ]
INFO: [ app_end ] --END-- [ RunTime:0.000114s ]

[ 2016-04-28T14:15:19+08:00 ] 118.193.200.71 /index.php/Home/Movie/movie_detail?id=11
INFO: [ app_init ] --START--
INFO: [ app_init ] --END-- [ RunTime:0.000405s ]
INFO: [ path_info ] --START--
INFO: [ path_info ] --END-- [ RunTime:0.000035s ]
INFO: [ app_begin ] --START--
INFO: Run Behavior\ReadHtmlCache [ RunTime:0.000054s ]
INFO: [ app_begin ] --END-- [ RunTime:0.000120s ]
INFO: [ action_begin ] --START--
INFO: [ action_begin ] --END-- [ RunTime:0.000041s ]
NOTIC: [8192] mysql_connect(): The mysql extension is deprecated and will be removed in the future: use mysqli or PDO instead D:\localuser\ftp483451\Web\ThinkPHP\Library\Think\Db\Driver\Mysql.class.php 第 52 行.
SQL: SHOW COLUMNS FROM `myweb_movie_info` [ RunTime:0.003554s ]
SQL: SELECT * FROM `myweb_movie_info` WHERE ( id=11 )  [ RunTime:0.000607s ]
SQL: UPDATE `myweb_movie_info` SET `download_url`='http://sdl43.yunpan.cn/share.php?method=Share.download&cqid=997fba4e8805706a4c595ec1c59e41d6&dt=43.8f9899138ec61b658a8da336bb89d6ae&e=1461997372&fhash=8bb2813ce135b7a9b5ab802cf938eb5e76b60c70&fname=%25E7%25BE%258E%25E4%25BA%25BA%25E9%25B1%25BC&fsize=1176877793&nid=14611224146167882&st=583a4a6de2fd1bbf52ade7fa8c4f5d67&xqid=1479036130',`create_download_url_time`='2016-04-28 14:15:19' WHERE ( id=11 ) [ RunTime:0.001657s ]
SQL: SELECT * FROM `myweb_movie_info` WHERE ( id=11 )  [ RunTime:0.000512s ]
SQL: SHOW COLUMNS FROM `myweb_user_action` [ RunTime:0.002430s ]
SQL: INSERT INTO `myweb_user_action` (`ip`,`userid`,`area`,`action`,`action_time`) VALUES ('117.114.130.195',9,'中国北京北京','察看影片信息-美人鱼','2016-04-28 14:15:19') [ RunTime:0.003470s ]
INFO: [ view_begin ] --START--
INFO: [ view_begin ] --END-- [ RunTime:0.000034s ]
INFO: [ view_parse ] --START--
INFO: Run Behavior\ParseTemplate [ RunTime:0.030328s ]
INFO: [ view_parse ] --END-- [ RunTime:0.030410s ]
INFO: [ view_filter ] --START--
INFO: Run Behavior\WriteHtmlCache [ RunTime:0.000020s ]
INFO: [ view_filter ] --END-- [ RunTime:0.000074s ]
INFO: [ view_end ] --START--
INFO: [ view_end ] --END-- [ RunTime:0.000030s ]
INFO: [ app_end ] --START--
INFO: Run Behavior\ShowPageTrace [ RunTime:0.000046s ]
INFO: [ app_end ] --END-- [ RunTime:0.000104s ]

[ 2016-04-28T14:19:05+08:00 ] 118.193.200.71 /index.php/Home/Movie/movie_detail?id=11
INFO: [ app_init ] --START--
INFO: [ app_init ] --END-- [ RunTime:0.000610s ]
INFO: [ path_info ] --START--
INFO: [ path_info ] --END-- [ RunTime:0.000051s ]
INFO: [ app_begin ] --START--
INFO: Run Behavior\ReadHtmlCache [ RunTime:0.000082s ]
INFO: [ app_begin ] --END-- [ RunTime:0.000189s ]
INFO: [ action_begin ] --START--
INFO: [ action_begin ] --END-- [ RunTime:0.000057s ]
NOTIC: [8192] mysql_connect(): The mysql extension is deprecated and will be removed in the future: use mysqli or PDO instead D:\localuser\ftp483451\Web\ThinkPHP\Library\Think\Db\Driver\Mysql.class.php 第 52 行.
SQL: SHOW COLUMNS FROM `myweb_movie_info` [ RunTime:0.002868s ]
SQL: SELECT * FROM `myweb_movie_info` WHERE ( id=11 )  [ RunTime:0.000391s ]
SQL: SELECT * FROM `myweb_movie_info` WHERE ( id=11 )  [ RunTime:0.000313s ]
SQL: SHOW COLUMNS FROM `myweb_user_action` [ RunTime:0.002241s ]
SQL: INSERT INTO `myweb_user_action` (`ip`,`userid`,`area`,`action`,`action_time`) VALUES ('117.114.130.195',9,'中国北京北京','察看影片信息-美人鱼','2016-04-28 14:19:05') [ RunTime:0.001938s ]
INFO: [ view_begin ] --START--
INFO: [ view_begin ] --END-- [ RunTime:0.000059s ]
INFO: [ view_parse ] --START--
INFO: Run Behavior\ParseTemplate [ RunTime:0.012802s ]
INFO: [ view_parse ] --END-- [ RunTime:0.012912s ]
INFO: [ view_filter ] --START--
INFO: Run Behavior\WriteHtmlCache [ RunTime:0.000018s ]
INFO: [ view_filter ] --END-- [ RunTime:0.000074s ]
INFO: [ view_end ] --START--
INFO: [ view_end ] --END-- [ RunTime:0.000051s ]
INFO: [ app_end ] --START--
INFO: Run Behavior\ShowPageTrace [ RunTime:0.000075s ]
INFO: [ app_end ] --END-- [ RunTime:0.000183s ]

[ 2016-04-28T17:43:06+08:00 ] 118.193.200.71 /
INFO: [ app_init ] --START--
INFO: [ app_init ] --END-- [ RunTime:0.000452s ]
INFO: [ app_begin ] --START--
INFO: Run Behavior\ReadHtmlCache [ RunTime:0.000060s ]
INFO: [ app_begin ] --END-- [ RunTime:0.000135s ]
NOTIC: [8] A session had already been started - ignoring session_start() D:\localuser\ftp483451\Web\Connect2.1\qqConnectAPI.php 第 2 行.
INFO: [ action_begin ] --START--
INFO: [ action_begin ] --END-- [ RunTime:0.000041s ]
INFO: [ view_begin ] --START--
INFO: [ view_begin ] --END-- [ RunTime:0.000032s ]
INFO: [ view_parse ] --START--
INFO: Run Behavior\ParseTemplate [ RunTime:0.012074s ]
INFO: [ view_parse ] --END-- [ RunTime:0.012158s ]
INFO: [ view_filter ] --START--
INFO: Run Behavior\WriteHtmlCache [ RunTime:0.000017s ]
INFO: [ view_filter ] --END-- [ RunTime:0.000073s ]
INFO: [ view_end ] --START--
INFO: [ view_end ] --END-- [ RunTime:0.000026s ]
INFO: [ app_end ] --START--
INFO: Run Behavior\ShowPageTrace [ RunTime:0.000043s ]
INFO: [ app_end ] --END-- [ RunTime:0.000099s ]

[ 2016-04-28T17:43:09+08:00 ] 118.193.200.71 /index.php/Home/index/login
INFO: [ app_init ] --START--
INFO: [ app_init ] --END-- [ RunTime:0.000392s ]
INFO: [ path_info ] --START--
INFO: [ path_info ] --END-- [ RunTime:0.000035s ]
INFO: [ app_begin ] --START--
INFO: Run Behavior\ReadHtmlCache [ RunTime:0.000048s ]
INFO: [ app_begin ] --END-- [ RunTime:0.000115s ]
NOTIC: [8] A session had already been started - ignoring session_start() D:\localuser\ftp483451\Web\Connect2.1\qqConnectAPI.php 第 2 行.
INFO: [ action_begin ] --START--
INFO: [ action_begin ] --END-- [ RunTime:0.000042s ]
NOTIC: [8192] mysql_connect(): The mysql extension is deprecated and will be removed in the future: use mysqli or PDO instead D:\localuser\ftp483451\Web\ThinkPHP\Library\Think\Db\Driver\Mysql.class.php 第 52 行.
SQL: SHOW COLUMNS FROM `myweb_user` [ RunTime:0.002928s ]
NOTIC: [8] Undefined index: code D:\localuser\ftp483451\Web\Home\Controller\IndexController.class.php 第 24 行.
NOTIC: [8] Undefined index: state D:\localuser\ftp483451\Web\Home\Controller\IndexController.class.php 第 87 行.
SQL: SELECT * FROM `myweb_user` WHERE ( username='1' and password='1' and ispassword='1' )  [ RunTime:0.000326s ]
SQL: SHOW COLUMNS FROM `myweb_user_action` [ RunTime:0.003071s ]
SQL: INSERT INTO `myweb_user_action` (`ip`,`userid`,`area`,`action`,`action_time`) VALUES ('117.114.130.195',9,'中国北京北京','登陆系统','2016-04-28 17:43:09') [ RunTime:0.004313s ]
INFO: [ view_begin ] --START--
INFO: [ view_begin ] --END-- [ RunTime:0.000058s ]
INFO: [ view_parse ] --START--
INFO: Run Behavior\ParseTemplate [ RunTime:0.011097s ]
INFO: [ view_parse ] --END-- [ RunTime:0.011184s ]
INFO: [ view_filter ] --START--
INFO: Run Behavior\WriteHtmlCache [ RunTime:0.000018s ]
INFO: [ view_filter ] --END-- [ RunTime:0.000075s ]
INFO: [ view_end ] --START--
INFO: [ view_end ] --END-- [ RunTime:0.000072s ]
INFO: [ app_end ] --START--
INFO: Run Behavior\ShowPageTrace [ RunTime:0.000047s ]
INFO: [ app_end ] --END-- [ RunTime:0.000169s ]

[ 2016-04-28T17:43:20+08:00 ] 118.193.200.71 /index.php/Home/movie/index
INFO: [ app_init ] --START--
INFO: [ app_init ] --END-- [ RunTime:0.000394s ]
INFO: [ path_info ] --START--
INFO: [ path_info ] --END-- [ RunTime:0.000035s ]
INFO: [ app_begin ] --START--
INFO: Run Behavior\ReadHtmlCache [ RunTime:0.000051s ]
INFO: [ app_begin ] --END-- [ RunTime:0.000117s ]
INFO: [ action_begin ] --START--
INFO: [ action_begin ] --END-- [ RunTime:0.000039s ]
NOTIC: [8192] mysql_connect(): The mysql extension is deprecated and will be removed in the future: use mysqli or PDO instead D:\localuser\ftp483451\Web\ThinkPHP\Library\Think\Db\Driver\Mysql.class.php 第 52 行.
SQL: SHOW COLUMNS FROM `myweb_user_action` [ RunTime:0.002522s ]
SQL: INSERT INTO `myweb_user_action` (`ip`,`userid`,`area`,`action`,`action_time`) VALUES ('117.114.130.195',9,'中国北京北京','登陆个人影院','2016-04-28 17:43:19') [ RunTime:0.001855s ]
SQL: SHOW COLUMNS FROM `myweb_movie_info` [ RunTime:0.003317s ]
SQL: SELECT * FROM `myweb_movie_info` WHERE ( is_update_info=1 )  [ RunTime:0.000936s ]
INFO: [ view_begin ] --START--
INFO: [ view_begin ] --END-- [ RunTime:0.000038s ]
INFO: [ view_parse ] --START--
INFO: Run Behavior\ParseTemplate [ RunTime:0.011302s ]
INFO: [ view_parse ] --END-- [ RunTime:0.011423s ]
INFO: [ view_filter ] --START--
INFO: Run Behavior\WriteHtmlCache [ RunTime:0.000035s ]
INFO: [ view_filter ] --END-- [ RunTime:0.000146s ]
INFO: [ view_end ] --START--
INFO: [ view_end ] --END-- [ RunTime:0.000062s ]
INFO: [ app_end ] --START--
INFO: Run Behavior\ShowPageTrace [ RunTime:0.000076s ]
INFO: [ app_end ] --END-- [ RunTime:0.000183s ]

[ 2016-04-28T17:43:24+08:00 ] 118.193.200.71 /index.php/Home/Movie/movie_detail?id=6
INFO: [ app_init ] --START--
INFO: [ app_init ] --END-- [ RunTime:0.000403s ]
INFO: [ path_info ] --START--
INFO: [ path_info ] --END-- [ RunTime:0.000035s ]
INFO: [ app_begin ] --START--
INFO: Run Behavior\ReadHtmlCache [ RunTime:0.000051s ]
INFO: [ app_begin ] --END-- [ RunTime:0.000117s ]
INFO: [ action_begin ] --START--
INFO: [ action_begin ] --END-- [ RunTime:0.000039s ]
NOTIC: [8192] mysql_connect(): The mysql extension is deprecated and will be removed in the future: use mysqli or PDO instead D:\localuser\ftp483451\Web\ThinkPHP\Library\Think\Db\Driver\Mysql.class.php 第 52 行.
SQL: SHOW COLUMNS FROM `myweb_movie_info` [ RunTime:0.002786s ]
SQL: SELECT * FROM `myweb_movie_info` WHERE ( id=6 )  [ RunTime:0.000632s ]
SQL: UPDATE `myweb_movie_info` SET `download_url`=null,`create_download_url_time`='2016-04-28 17:43:24' WHERE ( id=6 ) [ RunTime:0.002457s ]
SQL: SELECT * FROM `myweb_movie_info` WHERE ( id=6 )  [ RunTime:0.000498s ]
SQL: SHOW COLUMNS FROM `myweb_user_action` [ RunTime:0.002369s ]
SQL: INSERT INTO `myweb_user_action` (`ip`,`userid`,`area`,`action`,`action_time`) VALUES ('117.114.130.195',9,'中国北京北京','察看影片信息-怒海救援','2016-04-28 17:43:24') [ RunTime:0.001427s ]
INFO: [ view_begin ] --START--
INFO: [ view_begin ] --END-- [ RunTime:0.000033s ]
INFO: [ view_parse ] --START--
INFO: Run Behavior\ParseTemplate [ RunTime:0.010452s ]
INFO: [ view_parse ] --END-- [ RunTime:0.010535s ]
INFO: [ view_filter ] --START--
INFO: Run Behavior\WriteHtmlCache [ RunTime:0.000019s ]
INFO: [ view_filter ] --END-- [ RunTime:0.000074s ]
INFO: [ view_end ] --START--
INFO: [ view_end ] --END-- [ RunTime:0.000029s ]
INFO: [ app_end ] --START--
INFO: Run Behavior\ShowPageTrace [ RunTime:0.000046s ]
INFO: [ app_end ] --END-- [ RunTime:0.000103s ]

[ 2016-04-28T17:59:38+08:00 ] 118.193.200.75 /index.php/Home/Weixin/index?signature=03ebbdec8c25ff94e56a58844eaaa3f8acf8ef0b&timestamp=1461838030&nonce=698374321&encrypt_type=aes&msg_signature=92b4d78ff76f776a0ec79bee0df03fa9d514ddd6
INFO: [ app_init ] --START--
INFO: [ app_init ] --END-- [ RunTime:0.000454s ]
INFO: [ path_info ] --START--
INFO: [ path_info ] --END-- [ RunTime:0.000035s ]
INFO: [ app_begin ] --START--
INFO: Run Behavior\ReadHtmlCache [ RunTime:0.000057s ]
INFO: [ app_begin ] --END-- [ RunTime:0.000148s ]
INFO: [ action_begin ] --START--
INFO: [ action_begin ] --END-- [ RunTime:0.000534s ]
NOTIC: [8] Undefined index: echostr D:\localuser\ftp483451\Web\Home\Controller\WeixinController.class.php 第 20 行.
NOTIC: [8192] mysql_connect(): The mysql extension is deprecated and will be removed in the future: use mysqli or PDO instead D:\localuser\ftp483451\Web\ThinkPHP\Library\Think\Db\Driver\Mysql.class.php 第 52 行.
SQL: SHOW COLUMNS FROM `weixin_user` [ RunTime:0.002785s ]
SQL: SELECT * FROM `weixin_user` WHERE ( openid='o4oRrwJA55i-Ix7p_Bmc1k-4N_fg' )  [ RunTime:0.000672s ]
SQL: SHOW COLUMNS FROM `weixin_action` [ RunTime:0.002804s ]
SQL: SELECT * FROM `weixin_action` WHERE ( user_id="16" and action_type<>1 ) ORDER BY time desc LIMIT 1   [ RunTime:0.001044s ]
NOTIC: [8] Undefined variable: iskeyword D:\localuser\ftp483451\Web\Home\Controller\WeixinController.class.php 第 156 行.

[ 2016-04-28T21:49:53+08:00 ] 118.193.200.71 /index.php/Home/Weixin/index?signature=b76d332919f580637f302426eab68de60cd6d9d3&timestamp=1461851845&nonce=1359979546&encrypt_type=aes&msg_signature=63a3586d288a2f719d0c12fb87fea57c007c8e87
INFO: [ app_init ] --START--
INFO: [ app_init ] --END-- [ RunTime:0.000516s ]
INFO: [ path_info ] --START--
INFO: [ path_info ] --END-- [ RunTime:0.000044s ]
INFO: [ app_begin ] --START--
INFO: Run Behavior\ReadHtmlCache [ RunTime:0.000073s ]
INFO: [ app_begin ] --END-- [ RunTime:0.000166s ]
INFO: [ action_begin ] --START--
INFO: [ action_begin ] --END-- [ RunTime:0.000077s ]
NOTIC: [8] Undefined index: echostr D:\localuser\ftp483451\Web\Home\Controller\WeixinController.class.php 第 20 行.
NOTIC: [8192] mysql_connect(): The mysql extension is deprecated and will be removed in the future: use mysqli or PDO instead D:\localuser\ftp483451\Web\ThinkPHP\Library\Think\Db\Driver\Mysql.class.php 第 52 行.
SQL: SHOW COLUMNS FROM `weixin_user` [ RunTime:0.001903s ]
SQL: SELECT * FROM `weixin_user` WHERE ( openid='o4oRrwJA55i-Ix7p_Bmc1k-4N_fg' )  [ RunTime:0.000147s ]
SQL: SHOW COLUMNS FROM `weixin_action` [ RunTime:0.001644s ]
SQL: SELECT * FROM `weixin_action` WHERE ( user_id="16" and action_type<>1 ) ORDER BY time desc LIMIT 1   [ RunTime:0.000349s ]
NOTIC: [8] Undefined variable: iskeyword D:\localuser\ftp483451\Web\Home\Controller\WeixinController.class.php 第 156 行.

[ 2016-04-28T21:50:01+08:00 ] 118.193.200.65 /index.php/Home/Weixin/index?signature=9a83d19264c4868c93a7b54fb14db70c57b6f7aa&timestamp=1461851853&nonce=304419594&encrypt_type=aes&msg_signature=66adaac728d10702350044a07e7eb5a479c36cae
INFO: [ app_init ] --START--
INFO: [ app_init ] --END-- [ RunTime:0.000435s ]
INFO: [ path_info ] --START--
INFO: [ path_info ] --END-- [ RunTime:0.000043s ]
INFO: [ app_begin ] --START--
INFO: Run Behavior\ReadHtmlCache [ RunTime:0.000079s ]
INFO: [ app_begin ] --END-- [ RunTime:0.000188s ]
INFO: [ action_begin ] --START--
INFO: [ action_begin ] --END-- [ RunTime:0.000054s ]
NOTIC: [8] Undefined index: echostr D:\localuser\ftp483451\Web\Home\Controller\WeixinController.class.php 第 20 行.
NOTIC: [8192] mysql_connect(): The mysql extension is deprecated and will be removed in the future: use mysqli or PDO instead D:\localuser\ftp483451\Web\ThinkPHP\Library\Think\Db\Driver\Mysql.class.php 第 52 行.
SQL: SHOW COLUMNS FROM `weixin_user` [ RunTime:0.001841s ]
SQL: SELECT * FROM `weixin_user` WHERE ( openid='o4oRrwJA55i-Ix7p_Bmc1k-4N_fg' )  [ RunTime:0.000249s ]
SQL: SHOW COLUMNS FROM `weixin_action` [ RunTime:0.001766s ]
SQL: SELECT * FROM `weixin_action` WHERE ( user_id="16" and action_type<>1 ) ORDER BY time desc LIMIT 1   [ RunTime:0.000309s ]
NOTIC: [8] Undefined variable: iskeyword D:\localuser\ftp483451\Web\Home\Controller\WeixinController.class.php 第 156 行.

[ 2016-04-28T21:50:17+08:00 ] 118.193.200.65 /index.php/Home/Weixin/index?signature=1038f988f4aee8783b2e6f5306d6f43e9cfcec98&timestamp=1461851870&nonce=240792333&encrypt_type=aes&msg_signature=9ab7fa45f9775996b4a964528a89185a27452d35
INFO: [ app_init ] --START--
INFO: [ app_init ] --END-- [ RunTime:0.000416s ]
INFO: [ path_info ] --START--
INFO: [ path_info ] --END-- [ RunTime:0.000037s ]
INFO: [ app_begin ] --START--
INFO: Run Behavior\ReadHtmlCache [ RunTime:0.000055s ]
INFO: [ app_begin ] --END-- [ RunTime:0.000130s ]
INFO: [ action_begin ] --START--
INFO: [ action_begin ] --END-- [ RunTime:0.000061s ]
NOTIC: [8] Undefined index: echostr D:\localuser\ftp483451\Web\Home\Controller\WeixinController.class.php 第 20 行.
NOTIC: [8192] mysql_connect(): The mysql extension is deprecated and will be removed in the future: use mysqli or PDO instead D:\localuser\ftp483451\Web\ThinkPHP\Library\Think\Db\Driver\Mysql.class.php 第 52 行.
SQL: SHOW COLUMNS FROM `weixin_user` [ RunTime:0.013801s ]
SQL: SELECT * FROM `weixin_user` WHERE ( openid='o4oRrwJA55i-Ix7p_Bmc1k-4N_fg' )  [ RunTime:0.000373s ]
SQL: SHOW COLUMNS FROM `weixin_action` [ RunTime:0.001519s ]
SQL: SELECT * FROM `weixin_action` WHERE ( user_id="16" and action_type<>1 ) ORDER BY time desc LIMIT 1   [ RunTime:0.000402s ]
NOTIC: [8] Undefined variable: iskeyword D:\localuser\ftp483451\Web\Home\Controller\WeixinController.class.php 第 156 行.

[ 2016-04-28T21:50:24+08:00 ] 118.193.200.65 /index.php/Home/Weixin/index?signature=c0e1a6c1fc4a66ee6e0cab55c2177e8eec137b39&timestamp=1461851877&nonce=1776442057&encrypt_type=aes&msg_signature=e793444102fafaa395ba51655426bffb4e39f14a
INFO: [ app_init ] --START--
INFO: [ app_init ] --END-- [ RunTime:0.000411s ]
INFO: [ path_info ] --START--
INFO: [ path_info ] --END-- [ RunTime:0.000040s ]
INFO: [ app_begin ] --START--
INFO: Run Behavior\ReadHtmlCache [ RunTime:0.000058s ]
INFO: [ app_begin ] --END-- [ RunTime:0.000141s ]
INFO: [ action_begin ] --START--
INFO: [ action_begin ] --END-- [ RunTime:0.000059s ]
NOTIC: [8] Undefined index: echostr D:\localuser\ftp483451\Web\Home\Controller\WeixinController.class.php 第 20 行.
NOTIC: [8192] mysql_connect(): The mysql extension is deprecated and will be removed in the future: use mysqli or PDO instead D:\localuser\ftp483451\Web\ThinkPHP\Library\Think\Db\Driver\Mysql.class.php 第 52 行.
SQL: SHOW COLUMNS FROM `weixin_user` [ RunTime:0.002987s ]
SQL: SELECT * FROM `weixin_user` WHERE ( openid='o4oRrwJA55i-Ix7p_Bmc1k-4N_fg' )  [ RunTime:0.000647s ]
SQL: SHOW COLUMNS FROM `weixin_action` [ RunTime:0.003198s ]
SQL: SELECT * FROM `weixin_action` WHERE ( user_id="16" and action_type<>1 ) ORDER BY time desc LIMIT 1   [ RunTime:0.000666s ]
NOTIC: [8] Undefined variable: iskeyword D:\localuser\ftp483451\Web\Home\Controller\WeixinController.class.php 第 156 行.

[ 2016-04-28T21:50:38+08:00 ] 118.193.200.65 /index.php/Home/Weixin/index?signature=e3857847f7298b9abb4743b9c26933625e5f29e6&timestamp=1461851891&nonce=253913451&encrypt_type=aes&msg_signature=87c785a01dad69313fe2e9a2df110d70bb6a97ca
INFO: [ app_init ] --START--
INFO: [ app_init ] --END-- [ RunTime:0.000462s ]
INFO: [ path_info ] --START--
INFO: [ path_info ] --END-- [ RunTime:0.000052s ]
INFO: [ app_begin ] --START--
INFO: Run Behavior\ReadHtmlCache [ RunTime:0.000061s ]
INFO: [ app_begin ] --END-- [ RunTime:0.000156s ]
INFO: [ action_begin ] --START--
INFO: [ action_begin ] --END-- [ RunTime:0.000079s ]
NOTIC: [8] Undefined index: echostr D:\localuser\ftp483451\Web\Home\Controller\WeixinController.class.php 第 20 行.
NOTIC: [8192] mysql_connect(): The mysql extension is deprecated and will be removed in the future: use mysqli or PDO instead D:\localuser\ftp483451\Web\ThinkPHP\Library\Think\Db\Driver\Mysql.class.php 第 52 行.
SQL: SHOW COLUMNS FROM `weixin_user` [ RunTime:0.002220s ]
SQL: SELECT * FROM `weixin_user` WHERE ( openid='o4oRrwJA55i-Ix7p_Bmc1k-4N_fg' )  [ RunTime:0.000233s ]
SQL: SHOW COLUMNS FROM `weixin_action` [ RunTime:0.001845s ]
SQL: SELECT * FROM `weixin_action` WHERE ( user_id="16" and action_type<>1 ) ORDER BY time desc LIMIT 1   [ RunTime:0.000287s ]
NOTIC: [8] Undefined variable: iskeyword D:\localuser\ftp483451\Web\Home\Controller\WeixinController.class.php 第 156 行.

[ 2016-04-28T21:50:44+08:00 ] 118.193.200.65 /index.php/Home/Weixin/index?signature=958e0c361039d3fa4a82edeb8b7126078b014881&timestamp=1461851897&nonce=556095286&encrypt_type=aes&msg_signature=85ad85d4eb1d0307859309c1dab37838c96a84f5
INFO: [ app_init ] --START--
INFO: [ app_init ] --END-- [ RunTime:0.000329s ]
INFO: [ path_info ] --START--
INFO: [ path_info ] --END-- [ RunTime:0.000027s ]
INFO: [ app_begin ] --START--
INFO: Run Behavior\ReadHtmlCache [ RunTime:0.000037s ]
INFO: [ app_begin ] --END-- [ RunTime:0.000087s ]
INFO: [ action_begin ] --START--
INFO: [ action_begin ] --END-- [ RunTime:0.000045s ]
NOTIC: [8] Undefined index: echostr D:\localuser\ftp483451\Web\Home\Controller\WeixinController.class.php 第 20 行.
NOTIC: [8192] mysql_connect(): The mysql extension is deprecated and will be removed in the future: use mysqli or PDO instead D:\localuser\ftp483451\Web\ThinkPHP\Library\Think\Db\Driver\Mysql.class.php 第 52 行.
SQL: SHOW COLUMNS FROM `weixin_user` [ RunTime:0.002559s ]
SQL: SELECT * FROM `weixin_user` WHERE ( openid='o4oRrwJA55i-Ix7p_Bmc1k-4N_fg' )  [ RunTime:0.000483s ]
SQL: SHOW COLUMNS FROM `weixin_action` [ RunTime:0.002361s ]
SQL: SELECT * FROM `weixin_action` WHERE ( user_id="16" and action_type<>1 ) ORDER BY time desc LIMIT 1   [ RunTime:0.000538s ]
NOTIC: [8] Undefined variable: iskeyword D:\localuser\ftp483451\Web\Home\Controller\WeixinController.class.php 第 156 行.

[ 2016-04-28T22:04:25+08:00 ] 118.193.200.65 /index.php/Home/Weixin/index?signature=7d198a86ecd2e2fd3570003158d627ba8ffac188&timestamp=1461852717&nonce=2068368056&encrypt_type=aes&msg_signature=5f6a7469b5fb6ac3863930e34f5c979fdf14985a
INFO: [ app_init ] --START--
INFO: [ app_init ] --END-- [ RunTime:0.000685s ]
INFO: [ path_info ] --START--
INFO: [ path_info ] --END-- [ RunTime:0.000035s ]
INFO: [ app_begin ] --START--
INFO: Run Behavior\ReadHtmlCache [ RunTime:0.000099s ]
INFO: [ app_begin ] --END-- [ RunTime:0.000226s ]
INFO: [ action_begin ] --START--
INFO: [ action_begin ] --END-- [ RunTime:0.000068s ]
NOTIC: [8] Undefined index: echostr D:\localuser\ftp483451\Web\Home\Controller\WeixinController.class.php 第 20 行.
NOTIC: [8192] mysql_connect(): The mysql extension is deprecated and will be removed in the future: use mysqli or PDO instead D:\localuser\ftp483451\Web\ThinkPHP\Library\Think\Db\Driver\Mysql.class.php 第 52 行.
SQL: SHOW COLUMNS FROM `weixin_user` [ RunTime:0.002872s ]
SQL: SELECT * FROM `weixin_user` WHERE ( openid='o4oRrwJA55i-Ix7p_Bmc1k-4N_fg' )  [ RunTime:0.000255s ]
SQL: SHOW COLUMNS FROM `weixin_action` [ RunTime:0.002339s ]
SQL: SELECT * FROM `weixin_action` WHERE ( user_id="16" and action_type<>1 ) ORDER BY time desc LIMIT 1   [ RunTime:0.000478s ]
NOTIC: [8] Undefined variable: iskeyword D:\localuser\ftp483451\Web\Home\Controller\WeixinController.class.php 第 156 行.

[ 2016-04-28T22:04:37+08:00 ] 118.193.200.71 /index.php/Home/Weixin/index?signature=71cddc0514c4c7c9d7b9de97e47db6ad3f3f7ad1&timestamp=1461852729&nonce=1718676120&encrypt_type=aes&msg_signature=c30f54336f9cea46ebf8bc24d5d6bb48550e4b23
INFO: [ app_init ] --START--
INFO: [ app_init ] --END-- [ RunTime:0.000599s ]
INFO: [ path_info ] --START--
INFO: [ path_info ] --END-- [ RunTime:0.000036s ]
INFO: [ app_begin ] --START--
INFO: Run Behavior\ReadHtmlCache [ RunTime:0.000086s ]
INFO: [ app_begin ] --END-- [ RunTime:0.000199s ]
INFO: [ action_begin ] --START--
INFO: [ action_begin ] --END-- [ RunTime:0.000060s ]
NOTIC: [8] Undefined index: echostr D:\localuser\ftp483451\Web\Home\Controller\WeixinController.class.php 第 20 行.
NOTIC: [8192] mysql_connect(): The mysql extension is deprecated and will be removed in the future: use mysqli or PDO instead D:\localuser\ftp483451\Web\ThinkPHP\Library\Think\Db\Driver\Mysql.class.php 第 52 行.
SQL: SHOW COLUMNS FROM `weixin_user` [ RunTime:0.017108s ]
SQL: SELECT * FROM `weixin_user` WHERE ( openid='o4oRrwJA55i-Ix7p_Bmc1k-4N_fg' )  [ RunTime:0.000279s ]
SQL: SHOW COLUMNS FROM `weixin_action` [ RunTime:0.001989s ]
SQL: SELECT * FROM `weixin_action` WHERE ( user_id="16" and action_type<>1 ) ORDER BY time desc LIMIT 1   [ RunTime:0.000521s ]
NOTIC: [8] Undefined variable: iskeyword D:\localuser\ftp483451\Web\Home\Controller\WeixinController.class.php 第 156 行.

[ 2016-04-28T22:04:45+08:00 ] 118.193.200.71 /index.php/Home/Weixin/index?signature=23d03d8cf14a7f8a16474964c4a97962c0a3f8ed&timestamp=1461852737&nonce=340603319&encrypt_type=aes&msg_signature=60950cd903a0f1bc93be16aea58c71eb858432f3
INFO: [ app_init ] --START--
INFO: [ app_init ] --END-- [ RunTime:0.000422s ]
INFO: [ path_info ] --START--
INFO: [ path_info ] --END-- [ RunTime:0.000036s ]
INFO: [ app_begin ] --START--
INFO: Run Behavior\ReadHtmlCache [ RunTime:0.000051s ]
INFO: [ app_begin ] --END-- [ RunTime:0.000130s ]
INFO: [ action_begin ] --START--
INFO: [ action_begin ] --END-- [ RunTime:0.000062s ]
NOTIC: [8] Undefined index: echostr D:\localuser\ftp483451\Web\Home\Controller\WeixinController.class.php 第 20 行.
NOTIC: [8192] mysql_connect(): The mysql extension is deprecated and will be removed in the future: use mysqli or PDO instead D:\localuser\ftp483451\Web\ThinkPHP\Library\Think\Db\Driver\Mysql.class.php 第 52 行.
SQL: SHOW COLUMNS FROM `weixin_user` [ RunTime:0.002757s ]
SQL: SELECT * FROM `weixin_user` WHERE ( openid='o4oRrwJA55i-Ix7p_Bmc1k-4N_fg' )  [ RunTime:0.000326s ]
SQL: SHOW COLUMNS FROM `weixin_action` [ RunTime:0.002237s ]
SQL: SELECT * FROM `weixin_action` WHERE ( user_id="16" and action_type<>1 ) ORDER BY time desc LIMIT 1   [ RunTime:0.000565s ]
NOTIC: [8] Undefined variable: iskeyword D:\localuser\ftp483451\Web\Home\Controller\WeixinController.class.php 第 156 行.

[ 2016-04-28T22:04:57+08:00 ] 118.193.200.71 /index.php/Home/Weixin/index?signature=a09d01ee5f20fdc90fb8ac920c70c2fbcf4a295d&timestamp=1461852749&nonce=1430372277&encrypt_type=aes&msg_signature=5221e1b620728d6ecb93b23b534978c2578181cd
INFO: [ app_init ] --START--
INFO: [ app_init ] --END-- [ RunTime:0.000417s ]
INFO: [ path_info ] --START--
INFO: [ path_info ] --END-- [ RunTime:0.000036s ]
INFO: [ app_begin ] --START--
INFO: Run Behavior\ReadHtmlCache [ RunTime:0.000063s ]
INFO: [ app_begin ] --END-- [ RunTime:0.000159s ]
INFO: [ action_begin ] --START--
INFO: [ action_begin ] --END-- [ RunTime:0.000089s ]
NOTIC: [8] Undefined index: echostr D:\localuser\ftp483451\Web\Home\Controller\WeixinController.class.php 第 20 行.
NOTIC: [8192] mysql_connect(): The mysql extension is deprecated and will be removed in the future: use mysqli or PDO instead D:\localuser\ftp483451\Web\ThinkPHP\Library\Think\Db\Driver\Mysql.class.php 第 52 行.
SQL: SHOW COLUMNS FROM `weixin_user` [ RunTime:0.012358s ]
SQL: SELECT * FROM `weixin_user` WHERE ( openid='o4oRrwJA55i-Ix7p_Bmc1k-4N_fg' )  [ RunTime:0.000795s ]
SQL: SHOW COLUMNS FROM `weixin_action` [ RunTime:0.003133s ]
SQL: SELECT * FROM `weixin_action` WHERE ( user_id="16" and action_type<>1 ) ORDER BY time desc LIMIT 1   [ RunTime:0.000455s ]
NOTIC: [8] Undefined variable: iskeyword D:\localuser\ftp483451\Web\Home\Controller\WeixinController.class.php 第 156 行.

[ 2016-04-28T22:05:04+08:00 ] 118.193.200.71 /index.php/Home/Weixin/index?signature=6f6087c5f53491dff54bc0c3a853a762f794b76b&timestamp=1461852756&nonce=1525592858&encrypt_type=aes&msg_signature=846a3572ea522cec2069852c6f347db76e648efe
INFO: [ app_init ] --START--
INFO: [ app_init ] --END-- [ RunTime:0.000436s ]
INFO: [ path_info ] --START--
INFO: [ path_info ] --END-- [ RunTime:0.000045s ]
INFO: [ app_begin ] --START--
INFO: Run Behavior\ReadHtmlCache [ RunTime:0.000045s ]
INFO: [ app_begin ] --END-- [ RunTime:0.000117s ]
INFO: [ action_begin ] --START--
INFO: [ action_begin ] --END-- [ RunTime:0.000068s ]
NOTIC: [8] Undefined index: echostr D:\localuser\ftp483451\Web\Home\Controller\WeixinController.class.php 第 20 行.
NOTIC: [8192] mysql_connect(): The mysql extension is deprecated and will be removed in the future: use mysqli or PDO instead D:\localuser\ftp483451\Web\ThinkPHP\Library\Think\Db\Driver\Mysql.class.php 第 52 行.
SQL: SHOW COLUMNS FROM `weixin_user` [ RunTime:0.003187s ]
SQL: SELECT * FROM `weixin_user` WHERE ( openid='o4oRrwJA55i-Ix7p_Bmc1k-4N_fg' )  [ RunTime:0.000833s ]
SQL: SHOW COLUMNS FROM `weixin_action` [ RunTime:0.002865s ]
SQL: SELECT * FROM `weixin_action` WHERE ( user_id="16" and action_type<>1 ) ORDER BY time desc LIMIT 1   [ RunTime:0.000642s ]
NOTIC: [8] Undefined variable: iskeyword D:\localuser\ftp483451\Web\Home\Controller\WeixinController.class.php 第 156 行.

[ 2016-04-28T22:05:18+08:00 ] 118.193.200.71 /index.php/Home/Weixin/index?signature=56974d968f3f5acad2a8738ace222e0f2c0ccb12&timestamp=1461852771&nonce=1583650134&encrypt_type=aes&msg_signature=2e3b0a1023182fb6527007e5db796d392bdecd0d
INFO: [ app_init ] --START--
INFO: [ app_init ] --END-- [ RunTime:0.000425s ]
INFO: [ path_info ] --START--
INFO: [ path_info ] --END-- [ RunTime:0.000035s ]
INFO: [ app_begin ] --START--
INFO: Run Behavior\ReadHtmlCache [ RunTime:0.000078s ]
INFO: [ app_begin ] --END-- [ RunTime:0.000147s ]
INFO: [ action_begin ] --START--
INFO: [ action_begin ] --END-- [ RunTime:0.000059s ]
NOTIC: [8] Undefined index: echostr D:\localuser\ftp483451\Web\Home\Controller\WeixinController.class.php 第 20 行.
NOTIC: [8192] mysql_connect(): The mysql extension is deprecated and will be removed in the future: use mysqli or PDO instead D:\localuser\ftp483451\Web\ThinkPHP\Library\Think\Db\Driver\Mysql.class.php 第 52 行.
SQL: SHOW COLUMNS FROM `weixin_user` [ RunTime:0.014795s ]
SQL: SELECT * FROM `weixin_user` WHERE ( openid='o4oRrwJA55i-Ix7p_Bmc1k-4N_fg' )  [ RunTime:0.000503s ]
SQL: SHOW COLUMNS FROM `weixin_action` [ RunTime:0.002688s ]
SQL: SELECT * FROM `weixin_action` WHERE ( user_id="16" and action_type<>1 ) ORDER BY time desc LIMIT 1   [ RunTime:0.000541s ]
NOTIC: [8] Undefined variable: iskeyword D:\localuser\ftp483451\Web\Home\Controller\WeixinController.class.php 第 156 行.

[ 2016-04-28T22:05:36+08:00 ] 118.193.200.71 /index.php/Home/Weixin/index?signature=944fba50eb2eb28c8753702d7242e71036e99c89&timestamp=1461852789&nonce=285204015&encrypt_type=aes&msg_signature=de6f21bc91d52b0ca41931015cbece4ff19d4793
INFO: [ app_init ] --START--
INFO: [ app_init ] --END-- [ RunTime:0.000377s ]
INFO: [ path_info ] --START--
INFO: [ path_info ] --END-- [ RunTime:0.000049s ]
INFO: [ app_begin ] --START--
INFO: Run Behavior\ReadHtmlCache [ RunTime:0.000076s ]
INFO: [ app_begin ] --END-- [ RunTime:0.000184s ]
INFO: [ action_begin ] --START--
INFO: [ action_begin ] --END-- [ RunTime:0.000056s ]
NOTIC: [8] Undefined index: echostr D:\localuser\ftp483451\Web\Home\Controller\WeixinController.class.php 第 20 行.
NOTIC: [8192] mysql_connect(): The mysql extension is deprecated and will be removed in the future: use mysqli or PDO instead D:\localuser\ftp483451\Web\ThinkPHP\Library\Think\Db\Driver\Mysql.class.php 第 52 行.
SQL: SHOW COLUMNS FROM `weixin_user` [ RunTime:0.002342s ]
SQL: SELECT * FROM `weixin_user` WHERE ( openid='o4oRrwJA55i-Ix7p_Bmc1k-4N_fg' )  [ RunTime:0.000254s ]
SQL: SHOW COLUMNS FROM `weixin_action` [ RunTime:0.003259s ]
SQL: SELECT * FROM `weixin_action` WHERE ( user_id="16" and action_type<>1 ) ORDER BY time desc LIMIT 1   [ RunTime:0.000692s ]
NOTIC: [8] Undefined variable: iskeyword D:\localuser\ftp483451\Web\Home\Controller\WeixinController.class.php 第 156 行.

