[ 2016-04-22T09:06:35+08:00 ] 118.193.200.66 /index.php/Home/movie/movie_xiangqing
INFO: [ app_init ] --START--
INFO: [ app_init ] --END-- [ RunTime:0.010336s ]
INFO: [ path_info ] --START--
INFO: [ path_info ] --END-- [ RunTime:0.000041s ]
INFO: [ app_begin ] --START--
INFO: Run Behavior\ReadHtmlCache [ RunTime:0.000067s ]
INFO: [ app_begin ] --END-- [ RunTime:0.000147s ]
INFO: [ action_begin ] --START--
INFO: [ action_begin ] --END-- [ RunTime:0.000077s ]

[ 2016-04-22T09:06:35+08:00 ] 118.193.200.66 /index.php/Home/movie/movie_xiangqing
INFO: [ app_init ] --START--
INFO: [ app_init ] --END-- [ RunTime:0.010353s ]
INFO: [ path_info ] --START--
INFO: [ path_info ] --END-- [ RunTime:0.000039s ]
INFO: [ app_begin ] --START--
INFO: Run Behavior\ReadHtmlCache [ RunTime:0.000071s ]
INFO: [ app_begin ] --END-- [ RunTime:0.000228s ]
INFO: [ action_begin ] --START--
INFO: [ action_begin ] --END-- [ RunTime:0.000074s ]

[ 2016-04-22T09:06:37+08:00 ] 118.193.200.66 /index.php/Home/index/index
INFO: [ app_init ] --START--
INFO: [ app_init ] --END-- [ RunTime:0.000372s ]
INFO: [ path_info ] --START--
INFO: [ path_info ] --END-- [ RunTime:0.000032s ]
INFO: [ app_begin ] --START--
INFO: Run Behavior\ReadHtmlCache [ RunTime:0.000049s ]
INFO: [ app_begin ] --END-- [ RunTime:0.000111s ]
NOTIC: [8] A session had already been started - ignoring session_start() D:\localuser\ftp483451\Web\Connect2.1\qqConnectAPI.php 第 2 行.
INFO: [ action_begin ] --START--
INFO: [ action_begin ] --END-- [ RunTime:0.000050s ]
INFO: [ view_begin ] --START--
INFO: [ view_begin ] --END-- [ RunTime:0.000027s ]
INFO: [ view_parse ] --START--
INFO: Run Behavior\ParseTemplate [ RunTime:0.242726s ]
INFO: [ view_parse ] --END-- [ RunTime:0.242820s ]
INFO: [ view_filter ] --START--
INFO: Run Behavior\WriteHtmlCache [ RunTime:0.000018s ]
INFO: [ view_filter ] --END-- [ RunTime:0.000068s ]
INFO: [ view_end ] --START--
INFO: [ view_end ] --END-- [ RunTime:0.000024s ]
INFO: [ app_end ] --START--
INFO: Run Behavior\ShowPageTrace [ RunTime:0.000042s ]
INFO: [ app_end ] --END-- [ RunTime:0.000090s ]

[ 2016-04-22T09:06:40+08:00 ] 118.193.200.66 /index.php/Home/index/login
INFO: [ app_init ] --START--
INFO: [ app_init ] --END-- [ RunTime:0.000417s ]
INFO: [ path_info ] --START--
INFO: [ path_info ] --END-- [ RunTime:0.000035s ]
INFO: [ app_begin ] --START--
INFO: Run Behavior\ReadHtmlCache [ RunTime:0.000049s ]
INFO: [ app_begin ] --END-- [ RunTime:0.000115s ]
NOTIC: [8] A session had already been started - ignoring session_start() D:\localuser\ftp483451\Web\Connect2.1\qqConnectAPI.php 第 2 行.
INFO: [ action_begin ] --START--
INFO: [ action_begin ] --END-- [ RunTime:0.000042s ]
NOTIC: [8192] mysql_connect(): The mysql extension is deprecated and will be removed in the future: use mysqli or PDO instead D:\localuser\ftp483451\Web\ThinkPHP\Library\Think\Db\Driver\Mysql.class.php 第 52 行.
SQL: SHOW COLUMNS FROM `myweb_user` [ RunTime:0.035524s ]
NOTIC: [8] Undefined index: code D:\localuser\ftp483451\Web\Home\Controller\IndexController.class.php 第 24 行.
NOTIC: [8] Undefined index: state D:\localuser\ftp483451\Web\Home\Controller\IndexController.class.php 第 87 行.
SQL: SELECT * FROM `myweb_user` WHERE ( username='1' and password='1' and ispassword='1' )  [ RunTime:0.000312s ]
SQL: SHOW COLUMNS FROM `myweb_user_action` [ RunTime:0.029770s ]
SQL: INSERT INTO `myweb_user_action` (`ip`,`userid`,`area`,`action`,`action_time`) VALUES ('117.114.130.195',9,'中国北京北京','登陆系统','2016-04-22 09:06:40') [ RunTime:0.002049s ]
INFO: [ view_begin ] --START--
INFO: [ view_begin ] --END-- [ RunTime:0.000069s ]
INFO: [ view_parse ] --START--
INFO: Run Behavior\ParseTemplate [ RunTime:0.034596s ]
INFO: [ view_parse ] --END-- [ RunTime:0.034696s ]
INFO: [ view_filter ] --START--
INFO: Run Behavior\WriteHtmlCache [ RunTime:0.000020s ]
INFO: [ view_filter ] --END-- [ RunTime:0.000075s ]
INFO: [ view_end ] --START--
INFO: [ view_end ] --END-- [ RunTime:0.000043s ]
INFO: [ app_end ] --START--
INFO: Run Behavior\ShowPageTrace [ RunTime:0.000045s ]
INFO: [ app_end ] --END-- [ RunTime:0.000101s ]

[ 2016-04-22T09:06:54+08:00 ] 118.193.200.66 /index.php/Home/movie/index
INFO: [ app_init ] --START--
INFO: [ app_init ] --END-- [ RunTime:0.000391s ]
INFO: [ path_info ] --START--
INFO: [ path_info ] --END-- [ RunTime:0.000035s ]
INFO: [ app_begin ] --START--
INFO: Run Behavior\ReadHtmlCache [ RunTime:0.000051s ]
INFO: [ app_begin ] --END-- [ RunTime:0.000118s ]
INFO: [ action_begin ] --START--
INFO: [ action_begin ] --END-- [ RunTime:0.000056s ]
NOTIC: [8192] mysql_connect(): The mysql extension is deprecated and will be removed in the future: use mysqli or PDO instead D:\localuser\ftp483451\Web\ThinkPHP\Library\Think\Db\Driver\Mysql.class.php 第 52 行.
SQL: SHOW COLUMNS FROM `myweb_movie_info` [ RunTime:0.036332s ]
SQL: SELECT * FROM `myweb_movie_info` WHERE ( is_update_info=1 )  [ RunTime:0.000453s ]
INFO: [ view_begin ] --START--
INFO: [ view_begin ] --END-- [ RunTime:0.000037s ]
INFO: [ view_parse ] --START--
INFO: Run Behavior\ParseTemplate [ RunTime:0.019726s ]
INFO: [ view_parse ] --END-- [ RunTime:0.019817s ]
INFO: [ view_filter ] --START--
INFO: Run Behavior\WriteHtmlCache [ RunTime:0.000019s ]
INFO: [ view_filter ] --END-- [ RunTime:0.000077s ]
INFO: [ view_end ] --START--
INFO: [ view_end ] --END-- [ RunTime:0.000048s ]
INFO: [ app_end ] --START--
INFO: Run Behavior\ShowPageTrace [ RunTime:0.000046s ]
INFO: [ app_end ] --END-- [ RunTime:0.000107s ]

[ 2016-04-22T09:06:56+08:00 ] 118.193.200.66 /index.php/Home/movie/movie_xiangqing
INFO: [ app_init ] --START--
INFO: [ app_init ] --END-- [ RunTime:0.000366s ]
INFO: [ path_info ] --START--
INFO: [ path_info ] --END-- [ RunTime:0.000031s ]
INFO: [ app_begin ] --START--
INFO: Run Behavior\ReadHtmlCache [ RunTime:0.000047s ]
INFO: [ app_begin ] --END-- [ RunTime:0.000100s ]
INFO: [ action_begin ] --START--
INFO: [ action_begin ] --END-- [ RunTime:0.000068s ]
INFO: [ view_begin ] --START--
INFO: [ view_begin ] --END-- [ RunTime:0.000037s ]
INFO: [ view_parse ] --START--
INFO: Run Behavior\ParseTemplate [ RunTime:0.033092s ]
INFO: [ view_parse ] --END-- [ RunTime:0.033214s ]
INFO: [ view_filter ] --START--
INFO: Run Behavior\WriteHtmlCache [ RunTime:0.000026s ]
INFO: [ view_filter ] --END-- [ RunTime:0.000099s ]
INFO: [ view_end ] --START--
INFO: [ view_end ] --END-- [ RunTime:0.000041s ]
INFO: [ app_end ] --START--
INFO: Run Behavior\ShowPageTrace [ RunTime:0.000060s ]
INFO: [ app_end ] --END-- [ RunTime:0.000142s ]

[ 2016-04-22T09:06:56+08:00 ] 118.193.200.66 /index.php/Home/movie/movie_xiangqing
INFO: [ app_init ] --START--
INFO: [ app_init ] --END-- [ RunTime:0.000509s ]
INFO: [ path_info ] --START--
INFO: [ path_info ] --END-- [ RunTime:0.000042s ]
INFO: [ app_begin ] --START--
INFO: Run Behavior\ReadHtmlCache [ RunTime:0.000044s ]
INFO: [ app_begin ] --END-- [ RunTime:0.000098s ]
INFO: [ action_begin ] --START--
INFO: [ action_begin ] --END-- [ RunTime:0.000066s ]
INFO: [ view_begin ] --START--
INFO: [ view_begin ] --END-- [ RunTime:0.000037s ]
INFO: [ view_parse ] --START--
INFO: Run Behavior\ParseTemplate [ RunTime:0.013011s ]
INFO: [ view_parse ] --END-- [ RunTime:0.013106s ]
INFO: [ view_filter ] --START--
INFO: Run Behavior\WriteHtmlCache [ RunTime:0.000017s ]
INFO: [ view_filter ] --END-- [ RunTime:0.000059s ]
INFO: [ view_end ] --START--
INFO: [ view_end ] --END-- [ RunTime:0.000020s ]
INFO: [ app_end ] --START--
INFO: Run Behavior\ShowPageTrace [ RunTime:0.000036s ]
INFO: [ app_end ] --END-- [ RunTime:0.000078s ]

[ 2016-04-22T09:06:58+08:00 ] 118.193.200.66 /index.php/Home/movie/movie_xiangqing
INFO: [ app_init ] --START--
INFO: [ app_init ] --END-- [ RunTime:0.000367s ]
INFO: [ path_info ] --START--
INFO: [ path_info ] --END-- [ RunTime:0.000028s ]
INFO: [ app_begin ] --START--
INFO: Run Behavior\ReadHtmlCache [ RunTime:0.000043s ]
INFO: [ app_begin ] --END-- [ RunTime:0.000096s ]
INFO: [ action_begin ] --START--
INFO: [ action_begin ] --END-- [ RunTime:0.000048s ]
INFO: [ view_begin ] --START--
INFO: [ view_begin ] --END-- [ RunTime:0.000025s ]
INFO: [ view_parse ] --START--
INFO: Run Behavior\ParseTemplate [ RunTime:0.008046s ]
INFO: [ view_parse ] --END-- [ RunTime:0.008120s ]
INFO: [ view_filter ] --START--
INFO: Run Behavior\WriteHtmlCache [ RunTime:0.000013s ]
INFO: [ view_filter ] --END-- [ RunTime:0.000059s ]
INFO: [ view_end ] --START--
INFO: [ view_end ] --END-- [ RunTime:0.000021s ]
INFO: [ app_end ] --START--
INFO: Run Behavior\ShowPageTrace [ RunTime:0.000035s ]
INFO: [ app_end ] --END-- [ RunTime:0.000080s ]

[ 2016-04-22T09:45:05+08:00 ] 118.193.200.70 /
INFO: [ app_init ] --START--
INFO: [ app_init ] --END-- [ RunTime:0.000453s ]
INFO: [ app_begin ] --START--
INFO: Run Behavior\ReadHtmlCache [ RunTime:0.000060s ]
INFO: [ app_begin ] --END-- [ RunTime:0.000136s ]
NOTIC: [8] A session had already been started - ignoring session_start() D:\localuser\ftp483451\Web\Connect2.1\qqConnectAPI.php 第 2 行.
INFO: [ action_begin ] --START--
INFO: [ action_begin ] --END-- [ RunTime:0.000044s ]
INFO: [ view_begin ] --START--
INFO: [ view_begin ] --END-- [ RunTime:0.000033s ]
INFO: [ view_parse ] --START--
INFO: Run Behavior\ParseTemplate [ RunTime:0.045767s ]
INFO: [ view_parse ] --END-- [ RunTime:0.045859s ]
INFO: [ view_filter ] --START--
INFO: Run Behavior\WriteHtmlCache [ RunTime:0.000019s ]
INFO: [ view_filter ] --END-- [ RunTime:0.000077s ]
INFO: [ view_end ] --START--
INFO: [ view_end ] --END-- [ RunTime:0.000030s ]
INFO: [ app_end ] --START--
INFO: Run Behavior\ShowPageTrace [ RunTime:0.000046s ]
INFO: [ app_end ] --END-- [ RunTime:0.000104s ]

[ 2016-04-22T09:45:14+08:00 ] 118.193.200.66 /index.php/Home/index/login
INFO: [ app_init ] --START--
INFO: [ app_init ] --END-- [ RunTime:0.000399s ]
INFO: [ path_info ] --START--
INFO: [ path_info ] --END-- [ RunTime:0.000035s ]
INFO: [ app_begin ] --START--
INFO: Run Behavior\ReadHtmlCache [ RunTime:0.000050s ]
INFO: [ app_begin ] --END-- [ RunTime:0.000119s ]
NOTIC: [8] A session had already been started - ignoring session_start() D:\localuser\ftp483451\Web\Connect2.1\qqConnectAPI.php 第 2 行.
INFO: [ action_begin ] --START--
INFO: [ action_begin ] --END-- [ RunTime:0.000042s ]
NOTIC: [8192] mysql_connect(): The mysql extension is deprecated and will be removed in the future: use mysqli or PDO instead D:\localuser\ftp483451\Web\ThinkPHP\Library\Think\Db\Driver\Mysql.class.php 第 52 行.
SQL: SHOW COLUMNS FROM `myweb_user` [ RunTime:0.018780s ]
NOTIC: [8] Undefined index: code D:\localuser\ftp483451\Web\Home\Controller\IndexController.class.php 第 24 行.
NOTIC: [8] Undefined index: state D:\localuser\ftp483451\Web\Home\Controller\IndexController.class.php 第 87 行.
SQL: SELECT * FROM `myweb_user` WHERE ( username='1' and password='1' and ispassword='1' )  [ RunTime:0.000299s ]
SQL: SHOW COLUMNS FROM `myweb_user_action` [ RunTime:0.002446s ]
SQL: INSERT INTO `myweb_user_action` (`ip`,`userid`,`area`,`action`,`action_time`) VALUES ('117.114.130.195',9,'中国北京北京','登陆系统','2016-04-22 09:45:14') [ RunTime:0.001627s ]
INFO: [ view_begin ] --START--
INFO: [ view_begin ] --END-- [ RunTime:0.000088s ]
INFO: [ view_parse ] --START--
INFO: Run Behavior\ParseTemplate [ RunTime:0.014496s ]
INFO: [ view_parse ] --END-- [ RunTime:0.014645s ]
INFO: [ view_filter ] --START--
INFO: Run Behavior\WriteHtmlCache [ RunTime:0.000038s ]
INFO: [ view_filter ] --END-- [ RunTime:0.000152s ]
INFO: [ view_end ] --START--
INFO: [ view_end ] --END-- [ RunTime:0.000040s ]
INFO: [ app_end ] --START--
INFO: Run Behavior\ShowPageTrace [ RunTime:0.000049s ]
INFO: [ app_end ] --END-- [ RunTime:0.000108s ]

[ 2016-04-22T09:46:33+08:00 ] 118.193.200.66 /index.php/Home/movie/index
INFO: [ app_init ] --START--
INFO: [ app_init ] --END-- [ RunTime:0.000390s ]
INFO: [ path_info ] --START--
INFO: [ path_info ] --END-- [ RunTime:0.000035s ]
INFO: [ app_begin ] --START--
INFO: Run Behavior\ReadHtmlCache [ RunTime:0.000051s ]
INFO: [ app_begin ] --END-- [ RunTime:0.000118s ]
INFO: [ action_begin ] --START--
INFO: [ action_begin ] --END-- [ RunTime:0.000065s ]
NOTIC: [8192] mysql_connect(): The mysql extension is deprecated and will be removed in the future: use mysqli or PDO instead D:\localuser\ftp483451\Web\ThinkPHP\Library\Think\Db\Driver\Mysql.class.php 第 52 行.
SQL: SHOW COLUMNS FROM `myweb_movie_info` [ RunTime:0.002810s ]
SQL: SELECT * FROM `myweb_movie_info` WHERE ( is_update_info=1 )  [ RunTime:0.000440s ]
INFO: [ view_begin ] --START--
INFO: [ view_begin ] --END-- [ RunTime:0.000035s ]
INFO: [ view_parse ] --START--
INFO: Run Behavior\ParseTemplate [ RunTime:0.010782s ]
INFO: [ view_parse ] --END-- [ RunTime:0.010868s ]
INFO: [ view_filter ] --START--
INFO: Run Behavior\WriteHtmlCache [ RunTime:0.000019s ]
INFO: [ view_filter ] --END-- [ RunTime:0.000079s ]
INFO: [ view_end ] --START--
INFO: [ view_end ] --END-- [ RunTime:0.000035s ]
INFO: [ app_end ] --START--
INFO: Run Behavior\ShowPageTrace [ RunTime:0.000047s ]
INFO: [ app_end ] --END-- [ RunTime:0.000104s ]

[ 2016-04-22T09:46:36+08:00 ] 118.193.200.66 /index.php/Home/movie/movie_xiangqing
INFO: [ app_init ] --START--
INFO: [ app_init ] --END-- [ RunTime:0.000581s ]
INFO: [ path_info ] --START--
INFO: [ path_info ] --END-- [ RunTime:0.000054s ]
INFO: [ app_begin ] --START--
INFO: Run Behavior\ReadHtmlCache [ RunTime:0.000085s ]
INFO: [ app_begin ] --END-- [ RunTime:0.000185s ]
INFO: [ action_begin ] --START--
INFO: [ action_begin ] --END-- [ RunTime:0.000075s ]
INFO: [ view_begin ] --START--
INFO: [ view_begin ] --END-- [ RunTime:0.000046s ]
INFO: [ view_parse ] --START--
INFO: Run Behavior\ParseTemplate [ RunTime:0.184919s ]
INFO: [ view_parse ] --END-- [ RunTime:0.185033s ]
INFO: [ view_filter ] --START--
INFO: Run Behavior\WriteHtmlCache [ RunTime:0.000020s ]
INFO: [ view_filter ] --END-- [ RunTime:0.000073s ]
INFO: [ view_end ] --START--
INFO: [ view_end ] --END-- [ RunTime:0.000025s ]
INFO: [ app_end ] --START--
INFO: Run Behavior\ShowPageTrace [ RunTime:0.000101s ]
INFO: [ app_end ] --END-- [ RunTime:0.000153s ]

[ 2016-04-22T09:46:36+08:00 ] 118.193.200.66 /index.php/Home/movie/movie_xiangqing
INFO: [ app_init ] --START--
INFO: [ app_init ] --END-- [ RunTime:0.000445s ]
INFO: [ path_info ] --START--
INFO: [ path_info ] --END-- [ RunTime:0.000035s ]
INFO: [ app_begin ] --START--
INFO: Run Behavior\ReadHtmlCache [ RunTime:0.000052s ]
INFO: [ app_begin ] --END-- [ RunTime:0.000119s ]
INFO: [ action_begin ] --START--
INFO: [ action_begin ] --END-- [ RunTime:0.000068s ]
INFO: [ view_begin ] --START--
INFO: [ view_begin ] --END-- [ RunTime:0.000028s ]
INFO: [ view_parse ] --START--
INFO: Run Behavior\ParseTemplate [ RunTime:0.011062s ]
INFO: [ view_parse ] --END-- [ RunTime:0.011138s ]
INFO: [ view_filter ] --START--
INFO: Run Behavior\WriteHtmlCache [ RunTime:0.000017s ]
INFO: [ view_filter ] --END-- [ RunTime:0.000068s ]
INFO: [ view_end ] --START--
INFO: [ view_end ] --END-- [ RunTime:0.000023s ]
INFO: [ app_end ] --START--
INFO: Run Behavior\ShowPageTrace [ RunTime:0.000040s ]
INFO: [ app_end ] --END-- [ RunTime:0.000090s ]

[ 2016-04-22T09:46:37+08:00 ] 118.193.200.66 /index.php/Home/movie/movie_xiangqing
INFO: [ app_init ] --START--
INFO: [ app_init ] --END-- [ RunTime:0.000392s ]
INFO: [ path_info ] --START--
INFO: [ path_info ] --END-- [ RunTime:0.000035s ]
INFO: [ app_begin ] --START--
INFO: Run Behavior\ReadHtmlCache [ RunTime:0.000050s ]
INFO: [ app_begin ] --END-- [ RunTime:0.000116s ]
INFO: [ action_begin ] --START--
INFO: [ action_begin ] --END-- [ RunTime:0.000059s ]
INFO: [ view_begin ] --START--
INFO: [ view_begin ] --END-- [ RunTime:0.000031s ]
INFO: [ view_parse ] --START--
INFO: Run Behavior\ParseTemplate [ RunTime:0.009863s ]
INFO: [ view_parse ] --END-- [ RunTime:0.009945s ]
INFO: [ view_filter ] --START--
INFO: Run Behavior\WriteHtmlCache [ RunTime:0.000016s ]
INFO: [ view_filter ] --END-- [ RunTime:0.000072s ]
INFO: [ view_end ] --START--
INFO: [ view_end ] --END-- [ RunTime:0.000027s ]
INFO: [ app_end ] --START--
INFO: Run Behavior\ShowPageTrace [ RunTime:0.000043s ]
INFO: [ app_end ] --END-- [ RunTime:0.000099s ]

[ 2016-04-22T10:19:08+08:00 ] 118.193.200.66 /index.php/Home/movie/index
INFO: [ app_init ] --START--
INFO: [ app_init ] --END-- [ RunTime:0.000451s ]
INFO: [ path_info ] --START--
INFO: [ path_info ] --END-- [ RunTime:0.000036s ]
INFO: [ app_begin ] --START--
INFO: Run Behavior\ReadHtmlCache [ RunTime:0.000060s ]
INFO: [ app_begin ] --END-- [ RunTime:0.000134s ]
INFO: [ action_begin ] --START--
INFO: [ action_begin ] --END-- [ RunTime:0.000068s ]
NOTIC: [8192] mysql_connect(): The mysql extension is deprecated and will be removed in the future: use mysqli or PDO instead D:\localuser\ftp483451\Web\ThinkPHP\Library\Think\Db\Driver\Mysql.class.php 第 52 行.
SQL: SHOW COLUMNS FROM `myweb_movie_info` [ RunTime:0.003084s ]
SQL: SELECT * FROM `myweb_movie_info` WHERE ( is_update_info=1 )  [ RunTime:0.000415s ]
INFO: [ view_begin ] --START--
INFO: [ view_begin ] --END-- [ RunTime:0.000036s ]
INFO: [ view_parse ] --START--
INFO: Run Behavior\ParseTemplate [ RunTime:0.013293s ]
INFO: [ view_parse ] --END-- [ RunTime:0.013378s ]
INFO: [ view_filter ] --START--
INFO: Run Behavior\WriteHtmlCache [ RunTime:0.000018s ]
INFO: [ view_filter ] --END-- [ RunTime:0.000077s ]
INFO: [ view_end ] --START--
INFO: [ view_end ] --END-- [ RunTime:0.000038s ]
INFO: [ app_end ] --START--
INFO: Run Behavior\ShowPageTrace [ RunTime:0.000046s ]
INFO: [ app_end ] --END-- [ RunTime:0.000109s ]

[ 2016-04-22T10:19:11+08:00 ] 118.193.200.66 /index.php/Home/movie/movie_xiangqing
INFO: [ app_init ] --START--
INFO: [ app_init ] --END-- [ RunTime:0.000391s ]
INFO: [ path_info ] --START--
INFO: [ path_info ] --END-- [ RunTime:0.000057s ]
INFO: [ app_begin ] --START--
INFO: Run Behavior\ReadHtmlCache [ RunTime:0.000082s ]
INFO: [ app_begin ] --END-- [ RunTime:0.006561s ]
INFO: [ action_begin ] --START--
INFO: [ action_begin ] --END-- [ RunTime:0.000057s ]
INFO: [ view_begin ] --START--
INFO: [ view_begin ] --END-- [ RunTime:0.000028s ]
INFO: [ view_parse ] --START--
INFO: Run Behavior\ParseTemplate [ RunTime:0.016076s ]
INFO: [ view_parse ] --END-- [ RunTime:0.016197s ]
INFO: [ view_filter ] --START--
INFO: Run Behavior\WriteHtmlCache [ RunTime:0.000028s ]
INFO: [ view_filter ] --END-- [ RunTime:0.000121s ]
INFO: [ view_end ] --START--
INFO: [ view_end ] --END-- [ RunTime:0.000051s ]
INFO: [ app_end ] --START--
INFO: Run Behavior\ShowPageTrace [ RunTime:0.000072s ]
INFO: [ app_end ] --END-- [ RunTime:0.000173s ]

[ 2016-04-22T10:19:12+08:00 ] 118.193.200.66 /index.php/Home/movie/movie_xiangqing
INFO: [ app_init ] --START--
INFO: [ app_init ] --END-- [ RunTime:0.000398s ]
INFO: [ path_info ] --START--
INFO: [ path_info ] --END-- [ RunTime:0.000035s ]
INFO: [ app_begin ] --START--
INFO: Run Behavior\ReadHtmlCache [ RunTime:0.000052s ]
INFO: [ app_begin ] --END-- [ RunTime:0.000113s ]
INFO: [ action_begin ] --START--
INFO: [ action_begin ] --END-- [ RunTime:0.000063s ]
INFO: [ view_begin ] --START--
INFO: [ view_begin ] --END-- [ RunTime:0.000029s ]
INFO: [ view_parse ] --START--
INFO: Run Behavior\ParseTemplate [ RunTime:0.009991s ]
INFO: [ view_parse ] --END-- [ RunTime:0.010074s ]
INFO: [ view_filter ] --START--
INFO: Run Behavior\WriteHtmlCache [ RunTime:0.000017s ]
INFO: [ view_filter ] --END-- [ RunTime:0.000070s ]
INFO: [ view_end ] --START--
INFO: [ view_end ] --END-- [ RunTime:0.000024s ]
INFO: [ app_end ] --START--
INFO: Run Behavior\ShowPageTrace [ RunTime:0.000041s ]
INFO: [ app_end ] --END-- [ RunTime:0.000093s ]

[ 2016-04-22T10:19:12+08:00 ] 118.193.200.66 /index.php/Home/movie/movie_xiangqing
INFO: [ app_init ] --START--
INFO: [ app_init ] --END-- [ RunTime:0.000399s ]
INFO: [ path_info ] --START--
INFO: [ path_info ] --END-- [ RunTime:0.000034s ]
INFO: [ app_begin ] --START--
INFO: Run Behavior\ReadHtmlCache [ RunTime:0.000052s ]
INFO: [ app_begin ] --END-- [ RunTime:0.000118s ]
INFO: [ action_begin ] --START--
INFO: [ action_begin ] --END-- [ RunTime:0.000059s ]
INFO: [ view_begin ] --START--
INFO: [ view_begin ] --END-- [ RunTime:0.000032s ]
INFO: [ view_parse ] --START--
INFO: Run Behavior\ParseTemplate [ RunTime:0.011049s ]
INFO: [ view_parse ] --END-- [ RunTime:0.011135s ]
INFO: [ view_filter ] --START--
INFO: Run Behavior\WriteHtmlCache [ RunTime:0.000019s ]
INFO: [ view_filter ] --END-- [ RunTime:0.000075s ]
INFO: [ view_end ] --START--
INFO: [ view_end ] --END-- [ RunTime:0.000026s ]
INFO: [ app_end ] --START--
INFO: Run Behavior\ShowPageTrace [ RunTime:0.000045s ]
INFO: [ app_end ] --END-- [ RunTime:0.000103s ]

[ 2016-04-22T10:19:24+08:00 ] 118.193.200.66 /index.php/Home/movie/movie_xiangqing
INFO: [ app_init ] --START--
INFO: [ app_init ] --END-- [ RunTime:0.000494s ]
INFO: [ path_info ] --START--
INFO: [ path_info ] --END-- [ RunTime:0.000058s ]
INFO: [ app_begin ] --START--
INFO: Run Behavior\ReadHtmlCache [ RunTime:0.000090s ]
INFO: [ app_begin ] --END-- [ RunTime:0.000476s ]
INFO: [ action_begin ] --START--
INFO: [ action_begin ] --END-- [ RunTime:0.000492s ]
INFO: [ view_begin ] --START--
INFO: [ view_begin ] --END-- [ RunTime:0.000032s ]
INFO: [ view_parse ] --START--
INFO: Run Behavior\ParseTemplate [ RunTime:0.023704s ]
INFO: [ view_parse ] --END-- [ RunTime:0.023823s ]
INFO: [ view_filter ] --START--
INFO: Run Behavior\WriteHtmlCache [ RunTime:0.000028s ]
INFO: [ view_filter ] --END-- [ RunTime:0.000119s ]
INFO: [ view_end ] --START--
INFO: [ view_end ] --END-- [ RunTime:0.000042s ]
INFO: [ app_end ] --START--
INFO: Run Behavior\ShowPageTrace [ RunTime:0.000068s ]
INFO: [ app_end ] --END-- [ RunTime:0.000160s ]

[ 2016-04-22T10:20:12+08:00 ] 118.193.200.66 /index.php/Home/movie/movie_xiangqing
INFO: [ app_init ] --START--
INFO: [ app_init ] --END-- [ RunTime:0.000637s ]
INFO: [ path_info ] --START--
INFO: [ path_info ] --END-- [ RunTime:0.000035s ]
INFO: [ app_begin ] --START--
INFO: Run Behavior\ReadHtmlCache [ RunTime:0.000052s ]
INFO: [ app_begin ] --END-- [ RunTime:0.000118s ]
INFO: [ action_begin ] --START--
INFO: [ action_begin ] --END-- [ RunTime:0.000087s ]
INFO: [ view_begin ] --START--
INFO: [ view_begin ] --END-- [ RunTime:0.000056s ]
INFO: [ view_parse ] --START--
INFO: Run Behavior\ParseTemplate [ RunTime:0.061781s ]
INFO: [ view_parse ] --END-- [ RunTime:0.061935s ]
INFO: [ view_filter ] --START--
INFO: Run Behavior\WriteHtmlCache [ RunTime:0.000027s ]
INFO: [ view_filter ] --END-- [ RunTime:0.000119s ]
INFO: [ view_end ] --START--
INFO: [ view_end ] --END-- [ RunTime:0.000030s ]
INFO: [ app_end ] --START--
INFO: Run Behavior\ShowPageTrace [ RunTime:0.000048s ]
INFO: [ app_end ] --END-- [ RunTime:0.000106s ]

[ 2016-04-22T10:30:48+08:00 ] 118.193.200.66 /index.php/Home/movie/movie_xiangqing
INFO: [ app_init ] --START--
INFO: [ app_init ] --END-- [ RunTime:0.000450s ]
INFO: [ path_info ] --START--
INFO: [ path_info ] --END-- [ RunTime:0.000042s ]
INFO: [ app_begin ] --START--
INFO: Run Behavior\ReadHtmlCache [ RunTime:0.000060s ]
INFO: [ app_begin ] --END-- [ RunTime:0.000134s ]
INFO: [ action_begin ] --START--
INFO: [ action_begin ] --END-- [ RunTime:0.000064s ]
INFO: [ view_begin ] --START--
INFO: [ view_begin ] --END-- [ RunTime:0.000033s ]
INFO: [ view_parse ] --START--
ERR: Syntax Error in template "D:\localuser\ftp483451\Web/Home/View\movie\movie_xiangqing.html"  on line 7 "body      {width: 640px; margin: 0 auto 20px;"  - Unexpected ": ", expected one of: "}" , " "

[ 2016-04-22T10:31:29+08:00 ] 118.193.200.66 /index.php/Home/movie/movie_xiangqing
INFO: [ app_init ] --START--
INFO: [ app_init ] --END-- [ RunTime:0.000448s ]
INFO: [ path_info ] --START--
INFO: [ path_info ] --END-- [ RunTime:0.000035s ]
INFO: [ app_begin ] --START--
INFO: Run Behavior\ReadHtmlCache [ RunTime:0.000052s ]
INFO: [ app_begin ] --END-- [ RunTime:0.000117s ]
INFO: [ action_begin ] --START--
INFO: [ action_begin ] --END-- [ RunTime:0.000067s ]
INFO: [ view_begin ] --START--
INFO: [ view_begin ] --END-- [ RunTime:0.000030s ]
INFO: [ view_parse ] --START--
ERR: Syntax Error in template "D:\localuser\ftp483451\Web/Home/View\movie\movie_xiangqing.html"  on line 7 "body      {width: 640px; margin: 0 auto 20px;font: 11px &quot;Helvetica Neue&quot;, Arial, sans-serif; color: #3b3d3c;}"  - Unexpected ": ", expected one of: "}" , " "

[ 2016-04-22T10:32:29+08:00 ] 118.193.200.66 /index.php/Home/movie/movie_xiangqing
INFO: [ app_init ] --START--
INFO: [ app_init ] --END-- [ RunTime:0.000394s ]
INFO: [ path_info ] --START--
INFO: [ path_info ] --END-- [ RunTime:0.000035s ]
INFO: [ app_begin ] --START--
INFO: Run Behavior\ReadHtmlCache [ RunTime:0.000051s ]
INFO: [ app_begin ] --END-- [ RunTime:0.000117s ]
INFO: [ action_begin ] --START--
INFO: [ action_begin ] --END-- [ RunTime:0.000067s ]
INFO: [ view_begin ] --START--
INFO: [ view_begin ] --END-- [ RunTime:0.000031s ]
INFO: [ view_parse ] --START--
ERR: Syntax Error in template "D:\localuser\ftp483451\Web/Home/View\movie\movie_xiangqing.html"  on line 7 "body      {width: 640px; margin: 0 auto 20px;font: 11px ; color: #3b3d3c;}"  - Unexpected ": ", expected one of: "}" , " "

[ 2016-04-22T10:33:53+08:00 ] 118.193.200.66 /index.php/Home/movie/movie_xiangqing
INFO: [ app_init ] --START--
INFO: [ app_init ] --END-- [ RunTime:0.000453s ]
INFO: [ path_info ] --START--
INFO: [ path_info ] --END-- [ RunTime:0.000035s ]
INFO: [ app_begin ] --START--
INFO: Run Behavior\ReadHtmlCache [ RunTime:0.000053s ]
INFO: [ app_begin ] --END-- [ RunTime:0.000125s ]
INFO: [ action_begin ] --START--
INFO: [ action_begin ] --END-- [ RunTime:0.000071s ]
INFO: [ view_begin ] --START--
INFO: [ view_begin ] --END-- [ RunTime:0.000031s ]
INFO: [ view_parse ] --START--
INFO: Run Behavior\ParseTemplate [ RunTime:0.045109s ]
INFO: [ view_parse ] --END-- [ RunTime:0.045203s ]
INFO: [ view_filter ] --START--
INFO: Run Behavior\WriteHtmlCache [ RunTime:0.000019s ]
INFO: [ view_filter ] --END-- [ RunTime:0.000105s ]
INFO: [ view_end ] --START--
INFO: [ view_end ] --END-- [ RunTime:0.000028s ]
INFO: [ app_end ] --START--
INFO: Run Behavior\ShowPageTrace [ RunTime:0.000046s ]
INFO: [ app_end ] --END-- [ RunTime:0.000103s ]

[ 2016-04-22T10:34:08+08:00 ] 118.193.200.66 /index.php/Home/movie/movie_xiangqing
INFO: [ app_init ] --START--
INFO: [ app_init ] --END-- [ RunTime:0.000446s ]
INFO: [ path_info ] --START--
INFO: [ path_info ] --END-- [ RunTime:0.000035s ]
INFO: [ app_begin ] --START--
INFO: Run Behavior\ReadHtmlCache [ RunTime:0.000052s ]
INFO: [ app_begin ] --END-- [ RunTime:0.000124s ]
INFO: [ action_begin ] --START--
INFO: [ action_begin ] --END-- [ RunTime:0.000065s ]
INFO: [ view_begin ] --START--
INFO: [ view_begin ] --END-- [ RunTime:0.000030s ]
INFO: [ view_parse ] --START--
INFO: Run Behavior\ParseTemplate [ RunTime:0.010968s ]
INFO: [ view_parse ] --END-- [ RunTime:0.011050s ]
INFO: [ view_filter ] --START--
INFO: Run Behavior\WriteHtmlCache [ RunTime:0.000017s ]
INFO: [ view_filter ] --END-- [ RunTime:0.000073s ]
INFO: [ view_end ] --START--
INFO: [ view_end ] --END-- [ RunTime:0.000027s ]
INFO: [ app_end ] --START--
INFO: Run Behavior\ShowPageTrace [ RunTime:0.000043s ]
INFO: [ app_end ] --END-- [ RunTime:0.000098s ]

[ 2016-04-22T12:35:16+08:00 ] 118.193.200.70 /
INFO: [ app_init ] --START--
INFO: [ app_init ] --END-- [ RunTime:0.000424s ]
INFO: [ app_begin ] --START--
INFO: Run Behavior\ReadHtmlCache [ RunTime:0.000055s ]
INFO: [ app_begin ] --END-- [ RunTime:0.000125s ]
NOTIC: [8] A session had already been started - ignoring session_start() D:\localuser\ftp483451\Web\Connect2.1\qqConnectAPI.php 第 2 行.
INFO: [ action_begin ] --START--
INFO: [ action_begin ] --END-- [ RunTime:0.000040s ]
INFO: [ view_begin ] --START--
INFO: [ view_begin ] --END-- [ RunTime:0.000030s ]
INFO: [ view_parse ] --START--
INFO: Run Behavior\ParseTemplate [ RunTime:0.011025s ]
INFO: [ view_parse ] --END-- [ RunTime:0.011102s ]
INFO: [ view_filter ] --START--
INFO: Run Behavior\WriteHtmlCache [ RunTime:0.000015s ]
INFO: [ view_filter ] --END-- [ RunTime:0.000068s ]
INFO: [ view_end ] --START--
INFO: [ view_end ] --END-- [ RunTime:0.000026s ]
INFO: [ app_end ] --START--
INFO: Run Behavior\ShowPageTrace [ RunTime:0.000039s ]
INFO: [ app_end ] --END-- [ RunTime:0.000092s ]

[ 2016-04-22T12:35:19+08:00 ] 118.193.200.70 /index.php/Home/index/login
INFO: [ app_init ] --START--
INFO: [ app_init ] --END-- [ RunTime:0.000390s ]
INFO: [ path_info ] --START--
INFO: [ path_info ] --END-- [ RunTime:0.000035s ]
INFO: [ app_begin ] --START--
INFO: Run Behavior\ReadHtmlCache [ RunTime:0.000048s ]
INFO: [ app_begin ] --END-- [ RunTime:0.000117s ]
NOTIC: [8] A session had already been started - ignoring session_start() D:\localuser\ftp483451\Web\Connect2.1\qqConnectAPI.php 第 2 行.
INFO: [ action_begin ] --START--
INFO: [ action_begin ] --END-- [ RunTime:0.000041s ]
NOTIC: [8192] mysql_connect(): The mysql extension is deprecated and will be removed in the future: use mysqli or PDO instead D:\localuser\ftp483451\Web\ThinkPHP\Library\Think\Db\Driver\Mysql.class.php 第 52 行.
SQL: SHOW COLUMNS FROM `myweb_user` [ RunTime:0.002834s ]
NOTIC: [8] Undefined index: code D:\localuser\ftp483451\Web\Home\Controller\IndexController.class.php 第 24 行.
NOTIC: [8] Undefined index: state D:\localuser\ftp483451\Web\Home\Controller\IndexController.class.php 第 87 行.
SQL: SELECT * FROM `myweb_user` WHERE ( username='1' and password='1' and ispassword='1' )  [ RunTime:0.000326s ]
SQL: SHOW COLUMNS FROM `myweb_user_action` [ RunTime:0.002590s ]
SQL: INSERT INTO `myweb_user_action` (`ip`,`userid`,`area`,`action`,`action_time`) VALUES ('117.114.130.195',9,'中国北京北京','登陆系统','2016-04-22 12:35:19') [ RunTime:0.001438s ]
INFO: [ view_begin ] --START--
INFO: [ view_begin ] --END-- [ RunTime:0.000058s ]
INFO: [ view_parse ] --START--
INFO: Run Behavior\ParseTemplate [ RunTime:0.010844s ]
INFO: [ view_parse ] --END-- [ RunTime:0.010938s ]
INFO: [ view_filter ] --START--
INFO: Run Behavior\WriteHtmlCache [ RunTime:0.000020s ]
INFO: [ view_filter ] --END-- [ RunTime:0.000077s ]
INFO: [ view_end ] --START--
INFO: [ view_end ] --END-- [ RunTime:0.000053s ]
INFO: [ app_end ] --START--
INFO: Run Behavior\ShowPageTrace [ RunTime:0.000047s ]
INFO: [ app_end ] --END-- [ RunTime:0.000107s ]

[ 2016-04-22T12:35:23+08:00 ] 118.193.200.70 /index.php/Home/movie/index
INFO: [ app_init ] --START--
INFO: [ app_init ] --END-- [ RunTime:0.000399s ]
INFO: [ path_info ] --START--
INFO: [ path_info ] --END-- [ RunTime:0.000036s ]
INFO: [ app_begin ] --START--
INFO: Run Behavior\ReadHtmlCache [ RunTime:0.000052s ]
INFO: [ app_begin ] --END-- [ RunTime:0.000118s ]
INFO: [ action_begin ] --START--
INFO: [ action_begin ] --END-- [ RunTime:0.000081s ]
NOTIC: [8192] mysql_connect(): The mysql extension is deprecated and will be removed in the future: use mysqli or PDO instead D:\localuser\ftp483451\Web\ThinkPHP\Library\Think\Db\Driver\Mysql.class.php 第 52 行.
SQL: SHOW COLUMNS FROM `myweb_movie_info` [ RunTime:0.003149s ]
SQL: SELECT * FROM `myweb_movie_info` WHERE ( is_update_info=1 )  [ RunTime:0.000640s ]
INFO: [ view_begin ] --START--
INFO: [ view_begin ] --END-- [ RunTime:0.000035s ]
INFO: [ view_parse ] --START--
INFO: Run Behavior\ParseTemplate [ RunTime:0.012240s ]
INFO: [ view_parse ] --END-- [ RunTime:0.012324s ]
INFO: [ view_filter ] --START--
INFO: Run Behavior\WriteHtmlCache [ RunTime:0.000018s ]
INFO: [ view_filter ] --END-- [ RunTime:0.000078s ]
INFO: [ view_end ] --START--
INFO: [ view_end ] --END-- [ RunTime:0.000037s ]
INFO: [ app_end ] --START--
INFO: Run Behavior\ShowPageTrace [ RunTime:0.000059s ]
INFO: [ app_end ] --END-- [ RunTime:0.000660s ]

[ 2016-04-22T18:17:22+08:00 ] 118.193.200.70 /
INFO: [ app_init ] --START--
INFO: [ app_init ] --END-- [ RunTime:0.000455s ]
INFO: [ app_begin ] --START--
INFO: Run Behavior\ReadHtmlCache [ RunTime:0.000060s ]
INFO: [ app_begin ] --END-- [ RunTime:0.000133s ]
NOTIC: [8] A session had already been started - ignoring session_start() D:\localuser\ftp483451\Web\Connect2.1\qqConnectAPI.php 第 2 行.
INFO: [ action_begin ] --START--
INFO: [ action_begin ] --END-- [ RunTime:0.000042s ]
INFO: [ view_begin ] --START--
INFO: [ view_begin ] --END-- [ RunTime:0.000031s ]
INFO: [ view_parse ] --START--
INFO: Run Behavior\ParseTemplate [ RunTime:0.012011s ]
INFO: [ view_parse ] --END-- [ RunTime:0.012092s ]
INFO: [ view_filter ] --START--
INFO: Run Behavior\WriteHtmlCache [ RunTime:0.000017s ]
INFO: [ view_filter ] --END-- [ RunTime:0.000073s ]
INFO: [ view_end ] --START--
INFO: [ view_end ] --END-- [ RunTime:0.000028s ]
INFO: [ app_end ] --START--
INFO: Run Behavior\ShowPageTrace [ RunTime:0.000042s ]
INFO: [ app_end ] --END-- [ RunTime:0.000097s ]

[ 2016-04-22T18:18:57+08:00 ] 118.193.200.70 /
INFO: [ app_init ] --START--
INFO: [ app_init ] --END-- [ RunTime:0.000453s ]
INFO: [ app_begin ] --START--
INFO: Run Behavior\ReadHtmlCache [ RunTime:0.000059s ]
INFO: [ app_begin ] --END-- [ RunTime:0.000134s ]
NOTIC: [8] A session had already been started - ignoring session_start() D:\localuser\ftp483451\Web\Connect2.1\qqConnectAPI.php 第 2 行.
INFO: [ action_begin ] --START--
INFO: [ action_begin ] --END-- [ RunTime:0.000043s ]
INFO: [ view_begin ] --START--
INFO: [ view_begin ] --END-- [ RunTime:0.000032s ]
INFO: [ view_parse ] --START--
INFO: Run Behavior\ParseTemplate [ RunTime:0.012142s ]
INFO: [ view_parse ] --END-- [ RunTime:0.012222s ]
INFO: [ view_filter ] --START--
INFO: Run Behavior\WriteHtmlCache [ RunTime:0.000017s ]
INFO: [ view_filter ] --END-- [ RunTime:0.000072s ]
INFO: [ view_end ] --START--
INFO: [ view_end ] --END-- [ RunTime:0.000027s ]
INFO: [ app_end ] --START--
INFO: Run Behavior\ShowPageTrace [ RunTime:0.000044s ]
INFO: [ app_end ] --END-- [ RunTime:0.000101s ]

[ 2016-04-22T18:19:00+08:00 ] 118.193.200.70 /index.php/Home/index/login
INFO: [ app_init ] --START--
INFO: [ app_init ] --END-- [ RunTime:0.000609s ]
INFO: [ path_info ] --START--
INFO: [ path_info ] --END-- [ RunTime:0.000058s ]
INFO: [ app_begin ] --START--
INFO: Run Behavior\ReadHtmlCache [ RunTime:0.000269s ]
INFO: [ app_begin ] --END-- [ RunTime:0.000853s ]
NOTIC: [8] A session had already been started - ignoring session_start() D:\localuser\ftp483451\Web\Connect2.1\qqConnectAPI.php 第 2 行.
INFO: [ action_begin ] --START--
INFO: [ action_begin ] --END-- [ RunTime:0.000069s ]
NOTIC: [8192] mysql_connect(): The mysql extension is deprecated and will be removed in the future: use mysqli or PDO instead D:\localuser\ftp483451\Web\ThinkPHP\Library\Think\Db\Driver\Mysql.class.php 第 52 行.
SQL: SHOW COLUMNS FROM `myweb_user` [ RunTime:0.013827s ]
NOTIC: [8] Undefined index: code D:\localuser\ftp483451\Web\Home\Controller\IndexController.class.php 第 24 行.
NOTIC: [8] Undefined index: state D:\localuser\ftp483451\Web\Home\Controller\IndexController.class.php 第 87 行.
SQL: SELECT * FROM `myweb_user` WHERE ( username='1' and password='1' and ispassword='1' )  [ RunTime:0.000313s ]
SQL: SHOW COLUMNS FROM `myweb_user_action` [ RunTime:0.002852s ]
SQL: INSERT INTO `myweb_user_action` (`ip`,`userid`,`area`,`action`,`action_time`) VALUES ('117.114.130.195',9,'中国北京北京','登陆系统','2016-04-22 18:19:00') [ RunTime:0.001776s ]
INFO: [ view_begin ] --START--
INFO: [ view_begin ] --END-- [ RunTime:0.000061s ]
INFO: [ view_parse ] --START--
INFO: Run Behavior\ParseTemplate [ RunTime:0.011173s ]
INFO: [ view_parse ] --END-- [ RunTime:0.011265s ]
INFO: [ view_filter ] --START--
INFO: Run Behavior\WriteHtmlCache [ RunTime:0.000019s ]
INFO: [ view_filter ] --END-- [ RunTime:0.000077s ]
INFO: [ view_end ] --START--
INFO: [ view_end ] --END-- [ RunTime:0.000046s ]
INFO: [ app_end ] --START--
INFO: Run Behavior\ShowPageTrace [ RunTime:0.000047s ]
INFO: [ app_end ] --END-- [ RunTime:0.000105s ]

[ 2016-04-22T18:20:53+08:00 ] 118.193.200.70 /
INFO: [ app_init ] --START--
INFO: [ app_init ] --END-- [ RunTime:0.000558s ]
INFO: [ app_begin ] --START--
INFO: Run Behavior\ReadHtmlCache [ RunTime:0.000089s ]
INFO: [ app_begin ] --END-- [ RunTime:0.000201s ]
NOTIC: [8] A session had already been started - ignoring session_start() D:\localuser\ftp483451\Web\Connect2.1\qqConnectAPI.php 第 2 行.
INFO: [ action_begin ] --START--
INFO: [ action_begin ] --END-- [ RunTime:0.000063s ]
INFO: [ view_begin ] --START--
INFO: [ view_begin ] --END-- [ RunTime:0.000049s ]
INFO: [ view_parse ] --START--
INFO: Run Behavior\ParseTemplate [ RunTime:0.015236s ]
INFO: [ view_parse ] --END-- [ RunTime:0.015364s ]
INFO: [ view_filter ] --START--
INFO: Run Behavior\WriteHtmlCache [ RunTime:0.000029s ]
INFO: [ view_filter ] --END-- [ RunTime:0.000124s ]
INFO: [ view_end ] --START--
INFO: [ view_end ] --END-- [ RunTime:0.000044s ]
INFO: [ app_end ] --START--
INFO: Run Behavior\ShowPageTrace [ RunTime:0.000074s ]
INFO: [ app_end ] --END-- [ RunTime:0.000171s ]

[ 2016-04-22T18:21:08+08:00 ] 118.193.200.70 /index.php/Home/index/login
INFO: [ app_init ] --START--
INFO: [ app_init ] --END-- [ RunTime:0.000446s ]
INFO: [ path_info ] --START--
INFO: [ path_info ] --END-- [ RunTime:0.000034s ]
INFO: [ app_begin ] --START--
INFO: Run Behavior\ReadHtmlCache [ RunTime:0.000050s ]
INFO: [ app_begin ] --END-- [ RunTime:0.000121s ]
NOTIC: [8] A session had already been started - ignoring session_start() D:\localuser\ftp483451\Web\Connect2.1\qqConnectAPI.php 第 2 行.
INFO: [ action_begin ] --START--
INFO: [ action_begin ] --END-- [ RunTime:0.000042s ]
NOTIC: [8192] mysql_connect(): The mysql extension is deprecated and will be removed in the future: use mysqli or PDO instead D:\localuser\ftp483451\Web\ThinkPHP\Library\Think\Db\Driver\Mysql.class.php 第 52 行.
SQL: SHOW COLUMNS FROM `myweb_user` [ RunTime:0.002624s ]
NOTIC: [8] Undefined index: code D:\localuser\ftp483451\Web\Home\Controller\IndexController.class.php 第 24 行.
NOTIC: [8] Undefined index: state D:\localuser\ftp483451\Web\Home\Controller\IndexController.class.php 第 87 行.
SQL: SELECT * FROM `myweb_user` WHERE ( username='1' and password='1' and ispassword='1' )  [ RunTime:0.000395s ]
SQL: SHOW COLUMNS FROM `myweb_user_action` [ RunTime:0.002248s ]
SQL: INSERT INTO `myweb_user_action` (`ip`,`userid`,`area`,`action`,`action_time`) VALUES ('117.114.130.194',9,'中国北京北京','登陆系统','2016-04-22 18:21:07') [ RunTime:0.001781s ]
INFO: [ view_begin ] --START--
INFO: [ view_begin ] --END-- [ RunTime:0.000098s ]
INFO: [ view_parse ] --START--
INFO: Run Behavior\ParseTemplate [ RunTime:0.025449s ]
INFO: [ view_parse ] --END-- [ RunTime:0.025564s ]
INFO: [ view_filter ] --START--
INFO: Run Behavior\WriteHtmlCache [ RunTime:0.000020s ]
INFO: [ view_filter ] --END-- [ RunTime:0.000077s ]
INFO: [ view_end ] --START--
INFO: [ view_end ] --END-- [ RunTime:0.000067s ]
INFO: [ app_end ] --START--
INFO: Run Behavior\ShowPageTrace [ RunTime:0.000075s ]
INFO: [ app_end ] --END-- [ RunTime:0.000176s ]

[ 2016-04-22T18:21:15+08:00 ] 118.193.200.70 /index.php/Home/movie/index
INFO: [ app_init ] --START--
INFO: [ app_init ] --END-- [ RunTime:0.000392s ]
INFO: [ path_info ] --START--
INFO: [ path_info ] --END-- [ RunTime:0.000036s ]
INFO: [ app_begin ] --START--
INFO: Run Behavior\ReadHtmlCache [ RunTime:0.000052s ]
INFO: [ app_begin ] --END-- [ RunTime:0.000116s ]
INFO: [ action_begin ] --START--
INFO: [ action_begin ] --END-- [ RunTime:0.000038s ]
NOTIC: [8192] mysql_connect(): The mysql extension is deprecated and will be removed in the future: use mysqli or PDO instead D:\localuser\ftp483451\Web\ThinkPHP\Library\Think\Db\Driver\Mysql.class.php 第 52 行.
SQL: SHOW COLUMNS FROM `myweb_user_action` [ RunTime:0.002586s ]
SQL: INSERT INTO `myweb_user_action` (`ip`,`userid`,`area`,`action`,`action_time`) VALUES ('117.114.130.194',9,'中国北京北京','登陆个人影院','2016-04-22 18:21:14') [ RunTime:0.001621s ]
SQL: SHOW COLUMNS FROM `myweb_movie_info` [ RunTime:0.002658s ]
SQL: SELECT * FROM `myweb_movie_info` WHERE ( is_update_info=1 )  [ RunTime:0.000614s ]
INFO: [ view_begin ] --START--
INFO: [ view_begin ] --END-- [ RunTime:0.000035s ]
INFO: [ view_parse ] --START--
INFO: Run Behavior\ParseTemplate [ RunTime:0.241583s ]
INFO: [ view_parse ] --END-- [ RunTime:0.241677s ]
INFO: [ view_filter ] --START--
INFO: Run Behavior\WriteHtmlCache [ RunTime:0.000021s ]
INFO: [ view_filter ] --END-- [ RunTime:0.000079s ]
INFO: [ view_end ] --START--
INFO: [ view_end ] --END-- [ RunTime:0.000047s ]
INFO: [ app_end ] --START--
INFO: Run Behavior\ShowPageTrace [ RunTime:0.000048s ]
INFO: [ app_end ] --END-- [ RunTime:0.000107s ]

[ 2016-04-22T18:21:16+08:00 ] 118.193.200.70 /index.php/Home/movie/index
INFO: [ app_init ] --START--
INFO: [ app_init ] --END-- [ RunTime:0.000450s ]
INFO: [ path_info ] --START--
INFO: [ path_info ] --END-- [ RunTime:0.000033s ]
INFO: [ app_begin ] --START--
INFO: Run Behavior\ReadHtmlCache [ RunTime:0.000055s ]
INFO: [ app_begin ] --END-- [ RunTime:0.000121s ]
INFO: [ action_begin ] --START--
INFO: [ action_begin ] --END-- [ RunTime:0.000047s ]
NOTIC: [8192] mysql_connect(): The mysql extension is deprecated and will be removed in the future: use mysqli or PDO instead D:\localuser\ftp483451\Web\ThinkPHP\Library\Think\Db\Driver\Mysql.class.php 第 52 行.
SQL: SHOW COLUMNS FROM `myweb_user_action` [ RunTime:0.002497s ]
SQL: INSERT INTO `myweb_user_action` (`ip`,`userid`,`area`,`action`,`action_time`) VALUES ('117.114.130.194',9,'中国北京北京','登陆个人影院','2016-04-22 18:21:15') [ RunTime:0.001472s ]
SQL: SHOW COLUMNS FROM `myweb_movie_info` [ RunTime:0.002498s ]
SQL: SELECT * FROM `myweb_movie_info` WHERE ( is_update_info=1 )  [ RunTime:0.000646s ]
INFO: [ view_begin ] --START--
INFO: [ view_begin ] --END-- [ RunTime:0.000038s ]
INFO: [ view_parse ] --START--
INFO: Run Behavior\ParseTemplate [ RunTime:0.012634s ]
INFO: [ view_parse ] --END-- [ RunTime:0.012714s ]
INFO: [ view_filter ] --START--
INFO: Run Behavior\WriteHtmlCache [ RunTime:0.000019s ]
INFO: [ view_filter ] --END-- [ RunTime:0.000076s ]
INFO: [ view_end ] --START--
INFO: [ view_end ] --END-- [ RunTime:0.000035s ]
INFO: [ app_end ] --START--
INFO: Run Behavior\ShowPageTrace [ RunTime:0.000045s ]
INFO: [ app_end ] --END-- [ RunTime:0.000102s ]

[ 2016-04-22T18:21:50+08:00 ] 118.193.200.70 /index.php/Home/Movie/movie_detail?id=8
INFO: [ app_init ] --START--
INFO: [ app_init ] --END-- [ RunTime:0.000389s ]
INFO: [ path_info ] --START--
INFO: [ path_info ] --END-- [ RunTime:0.000035s ]
INFO: [ app_begin ] --START--
INFO: Run Behavior\ReadHtmlCache [ RunTime:0.000051s ]
INFO: [ app_begin ] --END-- [ RunTime:0.000116s ]
INFO: [ action_begin ] --START--
INFO: [ action_begin ] --END-- [ RunTime:0.000039s ]
NOTIC: [8192] mysql_connect(): The mysql extension is deprecated and will be removed in the future: use mysqli or PDO instead D:\localuser\ftp483451\Web\ThinkPHP\Library\Think\Db\Driver\Mysql.class.php 第 52 行.
SQL: SHOW COLUMNS FROM `myweb_movie_info` [ RunTime:0.003504s ]
SQL: SELECT * FROM `myweb_movie_info` WHERE ( id=8 )  [ RunTime:0.000770s ]
SQL: UPDATE `myweb_movie_info` SET `download_url`='http://sdl37.yunpan.cn/share.php?method=Share.download&cqid=0336153db3b57db9e7acfecaade69b17&dt=37.7db77de91657f92897411ad75c5fe184&e=1461493748&fhash=52ca2e07cf5a3926ccf18c809a871f803b7c062d&fname=%25E6%2597%25B6%25E7%25A9%25BA%25E6%2581%258B%25E6%2597%2585%25E4%25BA%25BA&fsize=742140413&nid=14611222436126475&st=93b3a47df0607538e949cfe28f9fb3c0&xqid=1479036130',`create_download_url_time`='2016-04-22 18:21:50' WHERE ( id=8 ) [ RunTime:0.001746s ]
SQL: SELECT * FROM `myweb_movie_info` WHERE ( id=8 )  [ RunTime:0.000433s ]
SQL: SHOW COLUMNS FROM `myweb_user_action` [ RunTime:0.002686s ]
SQL: INSERT INTO `myweb_user_action` (`ip`,`userid`,`area`,`action`,`action_time`) VALUES ('117.114.130.194',9,'中国北京北京','察看影片信息-时空恋旅人','2016-04-22 18:21:50') [ RunTime:0.001167s ]
INFO: [ view_begin ] --START--
INFO: [ view_begin ] --END-- [ RunTime:0.000033s ]
INFO: [ view_parse ] --START--
NOTIC: [2] filemtime(): stat failed for D:\localuser\ftp483451\Web/Runtime/Cache\30d32171e0a3a8c86cd27c500da87753ce4e80f6.file.movie_detail.html.php D:\localuser\ftp483451\Web\ThinkPHP\Library\Vendor\Smarty\sysplugins\smarty_resource.php 第 683 行.
NOTIC: [2] unlink(D:\localuser\ftp483451\Web/Runtime/Cache\30d32171e0a3a8c86cd27c500da87753ce4e80f6.file.movie_detail.html.php): No such file or directory D:\localuser\ftp483451\Web\ThinkPHP\Library\Vendor\Smarty\sysplugins\smarty_internal_write_file.php 第 49 行.
INFO: Run Behavior\ParseTemplate [ RunTime:0.131290s ]
INFO: [ view_parse ] --END-- [ RunTime:0.131371s ]
INFO: [ view_filter ] --START--
INFO: Run Behavior\WriteHtmlCache [ RunTime:0.000020s ]
INFO: [ view_filter ] --END-- [ RunTime:0.000077s ]
INFO: [ view_end ] --START--
INFO: [ view_end ] --END-- [ RunTime:0.000034s ]
INFO: [ app_end ] --START--
INFO: Run Behavior\ShowPageTrace [ RunTime:0.000047s ]
INFO: [ app_end ] --END-- [ RunTime:0.000111s ]

[ 2016-04-22T18:21:55+08:00 ] 118.193.200.70 /index.php/Home/movie/index
INFO: [ app_init ] --START--
INFO: [ app_init ] --END-- [ RunTime:0.000413s ]
INFO: [ path_info ] --START--
INFO: [ path_info ] --END-- [ RunTime:0.000032s ]
INFO: [ app_begin ] --START--
INFO: Run Behavior\ReadHtmlCache [ RunTime:0.000049s ]
INFO: [ app_begin ] --END-- [ RunTime:0.000115s ]
INFO: [ action_begin ] --START--
INFO: [ action_begin ] --END-- [ RunTime:0.000035s ]
NOTIC: [8] Undefined index: userip D:\localuser\ftp483451\Web\Home\Controller\MovieController.class.php 第 12 行.
NOTIC: [8] Undefined index: action_adress D:\localuser\ftp483451\Web\Home\Controller\MovieController.class.php 第 12 行.
NOTIC: [8] Undefined index: userid D:\localuser\ftp483451\Web\Home\Controller\MovieController.class.php 第 12 行.
NOTIC: [8192] mysql_connect(): The mysql extension is deprecated and will be removed in the future: use mysqli or PDO instead D:\localuser\ftp483451\Web\ThinkPHP\Library\Think\Db\Driver\Mysql.class.php 第 52 行.
SQL: SHOW COLUMNS FROM `myweb_user_action` [ RunTime:0.015195s ]
SQL: INSERT INTO `myweb_user_action` (`ip`,`userid`,`area`,`action`,`action_time`) VALUES (null,null,null,'登陆个人影院','2016-04-22 18:21:53') [ RunTime:0.007646s ]
ERR: 1048:Column 'ip' cannot be null
 [ SQL语句 ] : INSERT INTO `myweb_user_action` (`ip`,`userid`,`area`,`action`,`action_time`) VALUES (null,null,null,'登陆个人影院','2016-04-22 18:21:53')
SQL: SHOW COLUMNS FROM `myweb_movie_info` [ RunTime:0.002323s ]
SQL: SELECT * FROM `myweb_movie_info` WHERE ( is_update_info=1 )  [ RunTime:0.000772s ]

[ 2016-04-22T18:21:58+08:00 ] 118.193.200.70 /index.php/Home/index/index
INFO: [ app_init ] --START--
INFO: [ app_init ] --END-- [ RunTime:0.000394s ]
INFO: [ path_info ] --START--
INFO: [ path_info ] --END-- [ RunTime:0.000035s ]
INFO: [ app_begin ] --START--
INFO: Run Behavior\ReadHtmlCache [ RunTime:0.000051s ]
INFO: [ app_begin ] --END-- [ RunTime:0.000116s ]
NOTIC: [8] A session had already been started - ignoring session_start() D:\localuser\ftp483451\Web\Connect2.1\qqConnectAPI.php 第 2 行.
INFO: [ action_begin ] --START--
INFO: [ action_begin ] --END-- [ RunTime:0.000042s ]
INFO: [ view_begin ] --START--
INFO: [ view_begin ] --END-- [ RunTime:0.000029s ]
INFO: [ view_parse ] --START--
INFO: Run Behavior\ParseTemplate [ RunTime:0.011088s ]
INFO: [ view_parse ] --END-- [ RunTime:0.011169s ]
INFO: [ view_filter ] --START--
INFO: Run Behavior\WriteHtmlCache [ RunTime:0.000016s ]
INFO: [ view_filter ] --END-- [ RunTime:0.000073s ]
INFO: [ view_end ] --START--
INFO: [ view_end ] --END-- [ RunTime:0.000026s ]
INFO: [ app_end ] --START--
INFO: Run Behavior\ShowPageTrace [ RunTime:0.000042s ]
INFO: [ app_end ] --END-- [ RunTime:0.000098s ]

[ 2016-04-22T18:22:28+08:00 ] 118.193.200.70 /index.php/Home/movie/index
INFO: [ app_init ] --START--
INFO: [ app_init ] --END-- [ RunTime:0.000391s ]
INFO: [ path_info ] --START--
INFO: [ path_info ] --END-- [ RunTime:0.000035s ]
INFO: [ app_begin ] --START--
INFO: Run Behavior\ReadHtmlCache [ RunTime:0.000051s ]
INFO: [ app_begin ] --END-- [ RunTime:0.000118s ]
INFO: [ action_begin ] --START--
INFO: [ action_begin ] --END-- [ RunTime:0.000038s ]
NOTIC: [8192] mysql_connect(): The mysql extension is deprecated and will be removed in the future: use mysqli or PDO instead D:\localuser\ftp483451\Web\ThinkPHP\Library\Think\Db\Driver\Mysql.class.php 第 52 行.
SQL: SHOW COLUMNS FROM `myweb_user_action` [ RunTime:0.003424s ]
SQL: INSERT INTO `myweb_user_action` (`ip`,`userid`,`area`,`action`,`action_time`) VALUES ('117.114.130.195',9,'中国北京北京','登陆个人影院','2016-04-22 18:22:27') [ RunTime:0.001245s ]
SQL: SHOW COLUMNS FROM `myweb_movie_info` [ RunTime:0.003304s ]
SQL: SELECT * FROM `myweb_movie_info` WHERE ( is_update_info=1 )  [ RunTime:0.000860s ]
INFO: [ view_begin ] --START--
INFO: [ view_begin ] --END-- [ RunTime:0.000050s ]
INFO: [ view_parse ] --START--
INFO: Run Behavior\ParseTemplate [ RunTime:0.014609s ]
INFO: [ view_parse ] --END-- [ RunTime:0.014717s ]
INFO: [ view_filter ] --START--
INFO: Run Behavior\WriteHtmlCache [ RunTime:0.000029s ]
INFO: [ view_filter ] --END-- [ RunTime:0.000126s ]
INFO: [ view_end ] --START--
INFO: [ view_end ] --END-- [ RunTime:0.000050s ]
INFO: [ app_end ] --START--
INFO: Run Behavior\ShowPageTrace [ RunTime:0.000070s ]
INFO: [ app_end ] --END-- [ RunTime:0.000165s ]

[ 2016-04-22T18:22:39+08:00 ] 118.193.200.70 /index.php/Home/Movie/movie_detail?id=6
INFO: [ app_init ] --START--
INFO: [ app_init ] --END-- [ RunTime:0.000402s ]
INFO: [ path_info ] --START--
INFO: [ path_info ] --END-- [ RunTime:0.000071s ]
INFO: [ app_begin ] --START--
INFO: Run Behavior\ReadHtmlCache [ RunTime:0.000052s ]
INFO: [ app_begin ] --END-- [ RunTime:0.000123s ]
INFO: [ action_begin ] --START--
INFO: [ action_begin ] --END-- [ RunTime:0.000040s ]
NOTIC: [8192] mysql_connect(): The mysql extension is deprecated and will be removed in the future: use mysqli or PDO instead D:\localuser\ftp483451\Web\ThinkPHP\Library\Think\Db\Driver\Mysql.class.php 第 52 行.
SQL: SHOW COLUMNS FROM `myweb_movie_info` [ RunTime:0.003574s ]
SQL: SELECT * FROM `myweb_movie_info` WHERE ( id=6 )  [ RunTime:0.000724s ]
SQL: UPDATE `myweb_movie_info` SET `download_url`=null,`create_download_url_time`='2016-04-22 18:22:39' WHERE ( id=6 ) [ RunTime:0.002570s ]
SQL: SELECT * FROM `myweb_movie_info` WHERE ( id=6 )  [ RunTime:0.000635s ]
SQL: SHOW COLUMNS FROM `myweb_user_action` [ RunTime:0.003166s ]
SQL: INSERT INTO `myweb_user_action` (`ip`,`userid`,`area`,`action`,`action_time`) VALUES ('117.114.130.195',9,'中国北京北京','察看影片信息-怒海救援','2016-04-22 18:22:39') [ RunTime:0.001356s ]
INFO: [ view_begin ] --START--
INFO: [ view_begin ] --END-- [ RunTime:0.000031s ]
INFO: [ view_parse ] --START--
INFO: Run Behavior\ParseTemplate [ RunTime:0.010507s ]
INFO: [ view_parse ] --END-- [ RunTime:0.010592s ]
INFO: [ view_filter ] --START--
INFO: Run Behavior\WriteHtmlCache [ RunTime:0.000020s ]
INFO: [ view_filter ] --END-- [ RunTime:0.000076s ]
INFO: [ view_end ] --START--
INFO: [ view_end ] --END-- [ RunTime:0.000029s ]
INFO: [ app_end ] --START--
INFO: Run Behavior\ShowPageTrace [ RunTime:0.000047s ]
INFO: [ app_end ] --END-- [ RunTime:0.000105s ]

[ 2016-04-22T18:23:17+08:00 ] 118.193.200.70 /index.php/Home/Movie/index.html
INFO: [ app_init ] --START--
INFO: [ app_init ] --END-- [ RunTime:0.000395s ]
INFO: [ path_info ] --START--
INFO: [ path_info ] --END-- [ RunTime:0.000035s ]
INFO: [ app_begin ] --START--
INFO: Run Behavior\ReadHtmlCache [ RunTime:0.000052s ]
INFO: [ app_begin ] --END-- [ RunTime:0.000118s ]
INFO: [ action_begin ] --START--
INFO: [ action_begin ] --END-- [ RunTime:0.000040s ]
NOTIC: [8192] mysql_connect(): The mysql extension is deprecated and will be removed in the future: use mysqli or PDO instead D:\localuser\ftp483451\Web\ThinkPHP\Library\Think\Db\Driver\Mysql.class.php 第 52 行.
SQL: SHOW COLUMNS FROM `myweb_user_action` [ RunTime:0.012306s ]
SQL: INSERT INTO `myweb_user_action` (`ip`,`userid`,`area`,`action`,`action_time`) VALUES ('117.114.130.195',9,'中国北京北京','登陆个人影院','2016-04-22 18:23:16') [ RunTime:0.002246s ]
SQL: SHOW COLUMNS FROM `myweb_movie_info` [ RunTime:0.002548s ]
SQL: SELECT * FROM `myweb_movie_info` WHERE ( is_update_info=1 )  [ RunTime:0.001208s ]
INFO: [ view_begin ] --START--
INFO: [ view_begin ] --END-- [ RunTime:0.000035s ]
INFO: [ view_parse ] --START--
NOTIC: [2] filemtime(): stat failed for D:\localuser\ftp483451\Web/Runtime/Cache\341d5a44d90c211e83ccafbd89b66ac695c868dd.file.index.html.php D:\localuser\ftp483451\Web\ThinkPHP\Library\Vendor\Smarty\sysplugins\smarty_resource.php 第 683 行.
NOTIC: [2] unlink(D:\localuser\ftp483451\Web/Runtime/Cache\341d5a44d90c211e83ccafbd89b66ac695c868dd.file.index.html.php): No such file or directory D:\localuser\ftp483451\Web\ThinkPHP\Library\Vendor\Smarty\sysplugins\smarty_internal_write_file.php 第 49 行.
INFO: Run Behavior\ParseTemplate [ RunTime:0.142891s ]
INFO: [ view_parse ] --END-- [ RunTime:0.143007s ]
INFO: [ view_filter ] --START--
INFO: Run Behavior\WriteHtmlCache [ RunTime:0.000033s ]
INFO: [ view_filter ] --END-- [ RunTime:0.000134s ]
INFO: [ view_end ] --START--
INFO: [ view_end ] --END-- [ RunTime:0.000056s ]
INFO: [ app_end ] --START--
INFO: Run Behavior\ShowPageTrace [ RunTime:0.000077s ]
INFO: [ app_end ] --END-- [ RunTime:0.000189s ]

[ 2016-04-22T18:23:20+08:00 ] 118.193.200.70 /index.php/Home/Movie/movie_detail?id=8
INFO: [ app_init ] --START--
INFO: [ app_init ] --END-- [ RunTime:0.000611s ]
INFO: [ path_info ] --START--
INFO: [ path_info ] --END-- [ RunTime:0.000035s ]
INFO: [ app_begin ] --START--
INFO: Run Behavior\ReadHtmlCache [ RunTime:0.000053s ]
INFO: [ app_begin ] --END-- [ RunTime:0.000124s ]
INFO: [ action_begin ] --START--
INFO: [ action_begin ] --END-- [ RunTime:0.000038s ]
NOTIC: [8192] mysql_connect(): The mysql extension is deprecated and will be removed in the future: use mysqli or PDO instead D:\localuser\ftp483451\Web\ThinkPHP\Library\Think\Db\Driver\Mysql.class.php 第 52 行.
SQL: SHOW COLUMNS FROM `myweb_movie_info` [ RunTime:0.009049s ]
SQL: SELECT * FROM `myweb_movie_info` WHERE ( id=8 )  [ RunTime:0.000700s ]
SQL: SELECT * FROM `myweb_movie_info` WHERE ( id=8 )  [ RunTime:0.000388s ]
SQL: SHOW COLUMNS FROM `myweb_user_action` [ RunTime:0.002272s ]
SQL: INSERT INTO `myweb_user_action` (`ip`,`userid`,`area`,`action`,`action_time`) VALUES ('117.114.130.195',9,'中国北京北京','察看影片信息-时空恋旅人','2016-04-22 18:23:20') [ RunTime:0.001619s ]
INFO: [ view_begin ] --START--
INFO: [ view_begin ] --END-- [ RunTime:0.000058s ]
INFO: [ view_parse ] --START--
INFO: Run Behavior\ParseTemplate [ RunTime:0.025497s ]
INFO: [ view_parse ] --END-- [ RunTime:0.025653s ]
INFO: [ view_filter ] --START--
INFO: Run Behavior\WriteHtmlCache [ RunTime:0.000037s ]
INFO: [ view_filter ] --END-- [ RunTime:0.000152s ]
INFO: [ view_end ] --START--
INFO: [ view_end ] --END-- [ RunTime:0.000048s ]
INFO: [ app_end ] --START--
INFO: Run Behavior\ShowPageTrace [ RunTime:0.000060s ]
INFO: [ app_end ] --END-- [ RunTime:0.000129s ]

[ 2016-04-22T18:23:27+08:00 ] 118.193.200.70 /index.php/Home/Movie/index.html
INFO: [ app_init ] --START--
INFO: [ app_init ] --END-- [ RunTime:0.000389s ]
INFO: [ path_info ] --START--
INFO: [ path_info ] --END-- [ RunTime:0.000035s ]
INFO: [ app_begin ] --START--
INFO: Run Behavior\ReadHtmlCache [ RunTime:0.000051s ]
INFO: [ app_begin ] --END-- [ RunTime:0.000117s ]
INFO: [ action_begin ] --START--
INFO: [ action_begin ] --END-- [ RunTime:0.000038s ]
NOTIC: [8192] mysql_connect(): The mysql extension is deprecated and will be removed in the future: use mysqli or PDO instead D:\localuser\ftp483451\Web\ThinkPHP\Library\Think\Db\Driver\Mysql.class.php 第 52 行.
SQL: SHOW COLUMNS FROM `myweb_user_action` [ RunTime:0.002767s ]
SQL: INSERT INTO `myweb_user_action` (`ip`,`userid`,`area`,`action`,`action_time`) VALUES ('117.114.130.195',9,'中国北京北京','登陆个人影院','2016-04-22 18:23:26') [ RunTime:0.001250s ]
SQL: SHOW COLUMNS FROM `myweb_movie_info` [ RunTime:0.003301s ]
SQL: SELECT * FROM `myweb_movie_info` WHERE ( is_update_info=1 )  [ RunTime:0.000645s ]
INFO: [ view_begin ] --START--
INFO: [ view_begin ] --END-- [ RunTime:0.000063s ]
INFO: [ view_parse ] --START--
INFO: Run Behavior\ParseTemplate [ RunTime:0.010885s ]
INFO: [ view_parse ] --END-- [ RunTime:0.010993s ]
INFO: [ view_filter ] --START--
INFO: Run Behavior\WriteHtmlCache [ RunTime:0.000019s ]
INFO: [ view_filter ] --END-- [ RunTime:0.000078s ]
INFO: [ view_end ] --START--
INFO: [ view_end ] --END-- [ RunTime:0.000055s ]
INFO: [ app_end ] --START--
INFO: Run Behavior\ShowPageTrace [ RunTime:0.000059s ]
INFO: [ app_end ] --END-- [ RunTime:0.000122s ]

[ 2016-04-22T18:23:35+08:00 ] 118.193.200.70 /index.php/Home/Movie/movie_detail?id=9
INFO: [ app_init ] --START--
INFO: [ app_init ] --END-- [ RunTime:0.000390s ]
INFO: [ path_info ] --START--
INFO: [ path_info ] --END-- [ RunTime:0.000035s ]
INFO: [ app_begin ] --START--
INFO: Run Behavior\ReadHtmlCache [ RunTime:0.000051s ]
INFO: [ app_begin ] --END-- [ RunTime:0.000116s ]
INFO: [ action_begin ] --START--
INFO: [ action_begin ] --END-- [ RunTime:0.000038s ]
NOTIC: [8192] mysql_connect(): The mysql extension is deprecated and will be removed in the future: use mysqli or PDO instead D:\localuser\ftp483451\Web\ThinkPHP\Library\Think\Db\Driver\Mysql.class.php 第 52 行.
SQL: SHOW COLUMNS FROM `myweb_movie_info` [ RunTime:0.002704s ]
SQL: SELECT * FROM `myweb_movie_info` WHERE ( id=9 )  [ RunTime:0.000658s ]
SQL: UPDATE `myweb_movie_info` SET `download_url`='http://sdl43.yunpan.cn/share.php?method=Share.download&cqid=997fba4e8805706a4c595ec1c59e41d6&dt=43.4cdf422c58819f61523b9783377e06a7&e=1461493853&fhash=c18f5eaead48bff56b6c49ffb2b06ab793d00d40&fname=%25E5%25B7%25B4%25E6%2596%25AF%25E9%2587%2591&fsize=1220759735&nid=14611224876131553&st=49cd3c26d528a6f8178f720acf78e3da&xqid=1479036130',`create_download_url_time`='2016-04-22 18:23:35' WHERE ( id=9 ) [ RunTime:0.002164s ]
SQL: SELECT * FROM `myweb_movie_info` WHERE ( id=9 )  [ RunTime:0.000544s ]
SQL: SHOW COLUMNS FROM `myweb_user_action` [ RunTime:0.003547s ]
SQL: INSERT INTO `myweb_user_action` (`ip`,`userid`,`area`,`action`,`action_time`) VALUES ('117.114.130.195',9,'中国北京北京','察看影片信息-巴斯金','2016-04-22 18:23:35') [ RunTime:0.001304s ]
INFO: [ view_begin ] --START--
INFO: [ view_begin ] --END-- [ RunTime:0.000031s ]
INFO: [ view_parse ] --START--
INFO: Run Behavior\ParseTemplate [ RunTime:0.011481s ]
INFO: [ view_parse ] --END-- [ RunTime:0.011564s ]
INFO: [ view_filter ] --START--
INFO: Run Behavior\WriteHtmlCache [ RunTime:0.000019s ]
INFO: [ view_filter ] --END-- [ RunTime:0.000072s ]
INFO: [ view_end ] --START--
INFO: [ view_end ] --END-- [ RunTime:0.000027s ]
INFO: [ app_end ] --START--
INFO: Run Behavior\ShowPageTrace [ RunTime:0.000043s ]
INFO: [ app_end ] --END-- [ RunTime:0.000097s ]

[ 2016-04-22T18:24:30+08:00 ] 118.193.200.70 /index.php/Home/Movie/index.html
INFO: [ app_init ] --START--
INFO: [ app_init ] --END-- [ RunTime:0.000376s ]
INFO: [ path_info ] --START--
INFO: [ path_info ] --END-- [ RunTime:0.000033s ]
INFO: [ app_begin ] --START--
INFO: Run Behavior\ReadHtmlCache [ RunTime:0.000048s ]
INFO: [ app_begin ] --END-- [ RunTime:0.000108s ]
INFO: [ action_begin ] --START--
INFO: [ action_begin ] --END-- [ RunTime:0.000036s ]
NOTIC: [8192] mysql_connect(): The mysql extension is deprecated and will be removed in the future: use mysqli or PDO instead D:\localuser\ftp483451\Web\ThinkPHP\Library\Think\Db\Driver\Mysql.class.php 第 52 行.
SQL: SHOW COLUMNS FROM `myweb_user_action` [ RunTime:0.004050s ]
SQL: INSERT INTO `myweb_user_action` (`ip`,`userid`,`area`,`action`,`action_time`) VALUES ('117.114.130.195',9,'中国北京北京','登陆个人影院','2016-04-22 18:24:29') [ RunTime:0.001937s ]
SQL: SHOW COLUMNS FROM `myweb_movie_info` [ RunTime:0.003443s ]
SQL: SELECT * FROM `myweb_movie_info` WHERE ( is_update_info=1 )  [ RunTime:0.001394s ]
INFO: [ view_begin ] --START--
INFO: [ view_begin ] --END-- [ RunTime:0.000034s ]
INFO: [ view_parse ] --START--
INFO: Run Behavior\ParseTemplate [ RunTime:0.010939s ]
INFO: [ view_parse ] --END-- [ RunTime:0.011026s ]
INFO: [ view_filter ] --START--
INFO: Run Behavior\WriteHtmlCache [ RunTime:0.000020s ]
INFO: [ view_filter ] --END-- [ RunTime:0.000078s ]
INFO: [ view_end ] --START--
INFO: [ view_end ] --END-- [ RunTime:0.000053s ]
INFO: [ app_end ] --START--
INFO: Run Behavior\ShowPageTrace [ RunTime:0.000046s ]
INFO: [ app_end ] --END-- [ RunTime:0.000106s ]

[ 2016-04-22T18:25:07+08:00 ] 118.193.200.70 /index.php/Home/movie/search_movie
INFO: [ app_init ] --START--
INFO: [ app_init ] --END-- [ RunTime:0.000391s ]
INFO: [ path_info ] --START--
INFO: [ path_info ] --END-- [ RunTime:0.000035s ]
INFO: [ app_begin ] --START--
INFO: Run Behavior\ReadHtmlCache [ RunTime:0.000048s ]
INFO: [ app_begin ] --END-- [ RunTime:0.000114s ]
INFO: [ action_begin ] --START--
INFO: [ action_begin ] --END-- [ RunTime:0.000038s ]
NOTIC: [8192] mysql_connect(): The mysql extension is deprecated and will be removed in the future: use mysqli or PDO instead D:\localuser\ftp483451\Web\ThinkPHP\Library\Think\Db\Driver\Mysql.class.php 第 52 行.
SQL: SHOW COLUMNS FROM `myweb_movie_info` [ RunTime:0.003101s ]
SQL: SELECT * FROM `myweb_movie_info` WHERE ( `movie_name` LIKE '%时空%' )  [ RunTime:0.000628s ]
SQL: SELECT * FROM `myweb_movie_info` WHERE ( `douban_actor` LIKE '%时空%' )  [ RunTime:0.000480s ]
SQL: SHOW COLUMNS FROM `myweb_user_action` [ RunTime:0.002292s ]
SQL: INSERT INTO `myweb_user_action` (`ip`,`userid`,`area`,`action`,`action_time`) VALUES ('117.114.130.195',9,'中国北京北京','搜索信息-时空','2016-04-22 18:25:07') [ RunTime:0.002449s ]
NOTIC: [2] Invalid argument supplied for foreach() D:\localuser\ftp483451\Web\Home\Controller\MovieController.class.php 第 92 行.
INFO: [ view_begin ] --START--
INFO: [ view_begin ] --END-- [ RunTime:0.000041s ]
INFO: [ view_parse ] --START--
NOTIC: [2] filemtime(): stat failed for D:\localuser\ftp483451\Web/Runtime/Cache\4f399f30a12ea5f8beea304c9721fb1dd0e15ec8.file.search_movie.html.php D:\localuser\ftp483451\Web\ThinkPHP\Library\Vendor\Smarty\sysplugins\smarty_resource.php 第 683 行.
NOTIC: [2] unlink(D:\localuser\ftp483451\Web/Runtime/Cache\4f399f30a12ea5f8beea304c9721fb1dd0e15ec8.file.search_movie.html.php): No such file or directory D:\localuser\ftp483451\Web\ThinkPHP\Library\Vendor\Smarty\sysplugins\smarty_internal_write_file.php 第 49 行.
INFO: Run Behavior\ParseTemplate [ RunTime:0.155424s ]
INFO: [ view_parse ] --END-- [ RunTime:0.155513s ]
INFO: [ view_filter ] --START--
INFO: Run Behavior\WriteHtmlCache [ RunTime:0.000021s ]
INFO: [ view_filter ] --END-- [ RunTime:0.000077s ]
INFO: [ view_end ] --START--
INFO: [ view_end ] --END-- [ RunTime:0.000028s ]
INFO: [ app_end ] --START--
INFO: Run Behavior\ShowPageTrace [ RunTime:0.000046s ]
INFO: [ app_end ] --END-- [ RunTime:0.000104s ]

[ 2016-04-22T21:02:47+08:00 ] 118.193.200.70 /index.php/Home/Movie/movie_detail?id=8
INFO: [ app_init ] --START--
INFO: [ app_init ] --END-- [ RunTime:0.000450s ]
INFO: [ path_info ] --START--
INFO: [ path_info ] --END-- [ RunTime:0.000034s ]
INFO: [ app_begin ] --START--
INFO: Run Behavior\ReadHtmlCache [ RunTime:0.000060s ]
INFO: [ app_begin ] --END-- [ RunTime:0.000133s ]
INFO: [ action_begin ] --START--
INFO: [ action_begin ] --END-- [ RunTime:0.000038s ]
NOTIC: [8192] mysql_connect(): The mysql extension is deprecated and will be removed in the future: use mysqli or PDO instead D:\localuser\ftp483451\Web\ThinkPHP\Library\Think\Db\Driver\Mysql.class.php 第 52 行.
SQL: SHOW COLUMNS FROM `myweb_movie_info` [ RunTime:0.003057s ]
SQL: SELECT * FROM `myweb_movie_info` WHERE ( id=8 )  [ RunTime:0.000610s ]
SQL: SELECT * FROM `myweb_movie_info` WHERE ( id=8 )  [ RunTime:0.000298s ]
NOTIC: [8] Undefined index: userip D:\localuser\ftp483451\Web\Home\Controller\MovieController.class.php 第 45 行.
NOTIC: [8] Undefined index: action_adress D:\localuser\ftp483451\Web\Home\Controller\MovieController.class.php 第 45 行.
NOTIC: [8] Undefined index: userid D:\localuser\ftp483451\Web\Home\Controller\MovieController.class.php 第 45 行.
SQL: SHOW COLUMNS FROM `myweb_user_action` [ RunTime:0.002357s ]
SQL: INSERT INTO `myweb_user_action` (`ip`,`userid`,`area`,`action`,`action_time`) VALUES (null,null,null,'察看影片信息-时空恋旅人','2016-04-22 21:02:47') [ RunTime:0.000373s ]
ERR: 1048:Column 'ip' cannot be null
 [ SQL语句 ] : INSERT INTO `myweb_user_action` (`ip`,`userid`,`area`,`action`,`action_time`) VALUES (null,null,null,'察看影片信息-时空恋旅人','2016-04-22 21:02:47')
NOTIC: [8] Undefined index: username D:\localuser\ftp483451\Web\Home\Controller\MovieController.class.php 第 52 行.
NOTIC: [8] Undefined index: level D:\localuser\ftp483451\Web\Home\Controller\MovieController.class.php 第 53 行.
INFO: [ view_begin ] --START--
INFO: [ view_begin ] --END-- [ RunTime:0.000028s ]
INFO: [ view_parse ] --START--
INFO: Run Behavior\ParseTemplate [ RunTime:0.012494s ]
INFO: [ view_parse ] --END-- [ RunTime:0.012576s ]
INFO: [ view_filter ] --START--
INFO: Run Behavior\WriteHtmlCache [ RunTime:0.000018s ]
INFO: [ view_filter ] --END-- [ RunTime:0.000076s ]
INFO: [ view_end ] --START--
INFO: [ view_end ] --END-- [ RunTime:0.000047s ]
INFO: [ app_end ] --START--
INFO: Run Behavior\ShowPageTrace [ RunTime:0.000048s ]
INFO: [ app_end ] --END-- [ RunTime:0.000111s ]

