[ 2016-04-24T19:35:12+08:00 ] 118.193.200.70 /index.php/Home/Movie/movie_detail?id=10
INFO: [ app_init ] --START--
INFO: [ app_init ] --END-- [ RunTime:0.000551s ]
INFO: [ path_info ] --START--
INFO: [ path_info ] --END-- [ RunTime:0.000045s ]
INFO: [ app_begin ] --START--
INFO: Run Behavior\ReadHtmlCache [ RunTime:0.000082s ]
INFO: [ app_begin ] --END-- [ RunTime:0.000183s ]
INFO: [ action_begin ] --START--
INFO: [ action_begin ] --END-- [ RunTime:0.000050s ]
NOTIC: [8192] mysql_connect(): The mysql extension is deprecated and will be removed in the future: use mysqli or PDO instead D:\localuser\ftp483451\Web\ThinkPHP\Library\Think\Db\Driver\Mysql.class.php 第 52 行.
SQL: SHOW COLUMNS FROM `myweb_movie_info` [ RunTime:0.002921s ]
SQL: SELECT * FROM `myweb_movie_info` WHERE ( id=10 )  [ RunTime:0.002850s ]
SQL: UPDATE `myweb_movie_info` SET `download_url`='http://sdl42.yunpan.cn/share.php?method=Share.download&cqid=2f0d8106f59b420d753a001eea3d6618&dt=42.1684fbedacbd716c78377d1a8ab4151c&e=1461670955&fhash=b4f21e1cf4f539257d0e38308213845d10dab706&fname=%25E5%259C%25B0%25E9%259B%25B7%25E5%258C%25BA&fsize=1664749059&nid=14611224876131179&st=7dfee1bccb5a4b13fb05a2eb64696ca6&xqid=1479036130',`create_download_url_time`='2016-04-24 19:35:12' WHERE ( id=10 ) [ RunTime:0.002155s ]
SQL: SELECT * FROM `myweb_movie_info` WHERE ( id=10 )  [ RunTime:0.000477s ]
NOTIC: [8] Undefined index: userip D:\localuser\ftp483451\Web\Home\Controller\MovieController.class.php 第 45 行.
NOTIC: [8] Undefined index: action_adress D:\localuser\ftp483451\Web\Home\Controller\MovieController.class.php 第 45 行.
NOTIC: [8] Undefined index: userid D:\localuser\ftp483451\Web\Home\Controller\MovieController.class.php 第 45 行.
SQL: SHOW COLUMNS FROM `myweb_user_action` [ RunTime:0.002352s ]
SQL: INSERT INTO `myweb_user_action` (`ip`,`userid`,`area`,`action`,`action_time`) VALUES (null,null,null,'察看影片信息-地雷区','2016-04-24 19:35:12') [ RunTime:0.000448s ]
ERR: 1048:Column 'ip' cannot be null
 [ SQL语句 ] : INSERT INTO `myweb_user_action` (`ip`,`userid`,`area`,`action`,`action_time`) VALUES (null,null,null,'察看影片信息-地雷区','2016-04-24 19:35:12')
NOTIC: [8] Undefined index: username D:\localuser\ftp483451\Web\Home\Controller\MovieController.class.php 第 52 行.
NOTIC: [8] Undefined index: level D:\localuser\ftp483451\Web\Home\Controller\MovieController.class.php 第 53 行.
INFO: [ view_begin ] --START--
INFO: [ view_begin ] --END-- [ RunTime:0.000023s ]
INFO: [ view_parse ] --START--
INFO: Run Behavior\ParseTemplate [ RunTime:0.010265s ]
INFO: [ view_parse ] --END-- [ RunTime:0.010337s ]
INFO: [ view_filter ] --START--
INFO: Run Behavior\WriteHtmlCache [ RunTime:0.000015s ]
INFO: [ view_filter ] --END-- [ RunTime:0.000061s ]
INFO: [ view_end ] --START--
INFO: [ view_end ] --END-- [ RunTime:0.000024s ]
INFO: [ app_end ] --START--
INFO: Run Behavior\ShowPageTrace [ RunTime:0.000039s ]
INFO: [ app_end ] --END-- [ RunTime:0.000089s ]

