[ 2016-04-17T05:05:21+08:00 ] 118.193.200.66 /
INFO: [ app_init ] --START--
INFO: [ app_init ] --END-- [ RunTime:0.059792s ]
INFO: [ app_begin ] --START--
INFO: Run Behavior\ReadHtmlCache [ RunTime:0.000051s ]
INFO: [ app_begin ] --END-- [ RunTime:0.000121s ]
NOTIC: [8] A session had already been started - ignoring session_start() D:\localuser\ftp483451\Web\Connect2.1\qqConnectAPI.php 第 2 行.
INFO: [ action_begin ] --START--
INFO: [ action_begin ] --END-- [ RunTime:0.000046s ]
INFO: [ view_begin ] --START--
INFO: [ view_begin ] --END-- [ RunTime:0.000045s ]
INFO: [ view_parse ] --START--
INFO: Run Behavior\ParseTemplate [ RunTime:0.271546s ]
INFO: [ view_parse ] --END-- [ RunTime:0.271654s ]
INFO: [ view_filter ] --START--
INFO: Run Behavior\WriteHtmlCache [ RunTime:0.000021s ]
INFO: [ view_filter ] --END-- [ RunTime:0.000089s ]
INFO: [ view_end ] --START--
INFO: [ view_end ] --END-- [ RunTime:0.000031s ]
INFO: [ app_end ] --START--
INFO: Run Behavior\ShowPageTrace [ RunTime:0.000049s ]
INFO: [ app_end ] --END-- [ RunTime:0.000115s ]

[ 2016-04-17T22:57:04+08:00 ] 118.193.200.66 /
INFO: [ app_init ] --START--
INFO: [ app_init ] --END-- [ RunTime:0.000342s ]
INFO: [ app_begin ] --START--
INFO: Run Behavior\ReadHtmlCache [ RunTime:0.000044s ]
INFO: [ app_begin ] --END-- [ RunTime:0.000098s ]
NOTIC: [8] A session had already been started - ignoring session_start() D:\localuser\ftp483451\Web\Connect2.1\qqConnectAPI.php 第 2 行.
INFO: [ action_begin ] --START--
INFO: [ action_begin ] --END-- [ RunTime:0.000031s ]
INFO: [ view_begin ] --START--
INFO: [ view_begin ] --END-- [ RunTime:0.000024s ]
INFO: [ view_parse ] --START--
INFO: Run Behavior\ParseTemplate [ RunTime:0.010202s ]
INFO: [ view_parse ] --END-- [ RunTime:0.010273s ]
INFO: [ view_filter ] --START--
INFO: Run Behavior\WriteHtmlCache [ RunTime:0.000014s ]
INFO: [ view_filter ] --END-- [ RunTime:0.000053s ]
INFO: [ view_end ] --START--
INFO: [ view_end ] --END-- [ RunTime:0.000019s ]
INFO: [ app_end ] --START--
INFO: Run Behavior\ShowPageTrace [ RunTime:0.000033s ]
INFO: [ app_end ] --END-- [ RunTime:0.000075s ]

