[ 2016-05-10T05:10:27+08:00 ] 118.193.208.98 /
INFO: [ app_init ] --START--
INFO: [ app_init ] --END-- [ RunTime:0.009329s ]
INFO: [ app_begin ] --START--
INFO: Run Behavior\ReadHtmlCache [ RunTime:0.000067s ]
INFO: [ app_begin ] --END-- [ RunTime:0.000155s ]
NOTIC: [8] A session had already been started - ignoring session_start() D:\localuser\ftp483451\Web\Connect2.1\qqConnectAPI.php 第 2 行.
INFO: [ action_begin ] --START--
INFO: [ action_begin ] --END-- [ RunTime:0.000044s ]
INFO: [ view_begin ] --START--
INFO: [ view_begin ] --END-- [ RunTime:0.000061s ]
INFO: [ view_parse ] --START--
INFO: Run Behavior\ParseTemplate [ RunTime:0.202837s ]
INFO: [ view_parse ] --END-- [ RunTime:0.202944s ]
INFO: [ view_filter ] --START--
INFO: Run Behavior\WriteHtmlCache [ RunTime:0.000020s ]
INFO: [ view_filter ] --END-- [ RunTime:0.000077s ]
INFO: [ view_end ] --START--
INFO: [ view_end ] --END-- [ RunTime:0.000030s ]
INFO: [ app_end ] --START--
INFO: Run Behavior\ShowPageTrace [ RunTime:0.000049s ]
INFO: [ app_end ] --END-- [ RunTime:0.000109s ]

[ 2016-05-10T10:27:10+08:00 ] 118.193.208.98 /
INFO: [ app_init ] --START--
INFO: [ app_init ] --END-- [ RunTime:0.000378s ]
INFO: [ app_begin ] --START--
INFO: Run Behavior\ReadHtmlCache [ RunTime:0.000050s ]
INFO: [ app_begin ] --END-- [ RunTime:0.000111s ]
NOTIC: [8] A session had already been started - ignoring session_start() D:\localuser\ftp483451\Web\Connect2.1\qqConnectAPI.php 第 2 行.
INFO: [ action_begin ] --START--
INFO: [ action_begin ] --END-- [ RunTime:0.000036s ]
INFO: [ view_begin ] --START--
INFO: [ view_begin ] --END-- [ RunTime:0.000026s ]
INFO: [ view_parse ] --START--
INFO: Run Behavior\ParseTemplate [ RunTime:0.010084s ]
INFO: [ view_parse ] --END-- [ RunTime:0.010154s ]
INFO: [ view_filter ] --START--
INFO: Run Behavior\WriteHtmlCache [ RunTime:0.000014s ]
INFO: [ view_filter ] --END-- [ RunTime:0.000060s ]
INFO: [ view_end ] --START--
INFO: [ view_end ] --END-- [ RunTime:0.000021s ]
INFO: [ app_end ] --START--
INFO: Run Behavior\ShowPageTrace [ RunTime:0.000037s ]
INFO: [ app_end ] --END-- [ RunTime:0.000083s ]

