[ 2016-04-19T06:09:03+08:00 ] 118.193.200.70 /
INFO: [ app_init ] --START--
INFO: [ app_init ] --END-- [ RunTime:0.014907s ]
INFO: [ app_begin ] --START--
INFO: Run Behavior\ReadHtmlCache [ RunTime:0.000054s ]
INFO: [ app_begin ] --END-- [ RunTime:0.000118s ]
NOTIC: [8] A session had already been started - ignoring session_start() D:\localuser\ftp483451\Web\Connect2.1\qqConnectAPI.php 第 2 行.
INFO: [ action_begin ] --START--
INFO: [ action_begin ] --END-- [ RunTime:0.000049s ]
INFO: [ view_begin ] --START--
INFO: [ view_begin ] --END-- [ RunTime:0.000037s ]
INFO: [ view_parse ] --START--
INFO: Run Behavior\ParseTemplate [ RunTime:0.358805s ]
INFO: [ view_parse ] --END-- [ RunTime:0.358946s ]
INFO: [ view_filter ] --START--
INFO: Run Behavior\WriteHtmlCache [ RunTime:0.000036s ]
INFO: [ view_filter ] --END-- [ RunTime:0.000143s ]
INFO: [ view_end ] --START--
INFO: [ view_end ] --END-- [ RunTime:0.000048s ]
INFO: [ app_end ] --START--
INFO: Run Behavior\ShowPageTrace [ RunTime:0.000077s ]
INFO: [ app_end ] --END-- [ RunTime:0.000187s ]

[ 2016-04-19T08:48:02+08:00 ] 118.193.200.89 /
INFO: [ app_init ] --START--
INFO: [ app_init ] --END-- [ RunTime:0.000428s ]
INFO: [ app_begin ] --START--
INFO: Run Behavior\ReadHtmlCache [ RunTime:0.000056s ]
INFO: [ app_begin ] --END-- [ RunTime:0.000127s ]
NOTIC: [8] A session had already been started - ignoring session_start() D:\localuser\ftp483451\Web\Connect2.1\qqConnectAPI.php 第 2 行.
INFO: [ action_begin ] --START--
INFO: [ action_begin ] --END-- [ RunTime:0.000040s ]
INFO: [ view_begin ] --START--
INFO: [ view_begin ] --END-- [ RunTime:0.000030s ]
INFO: [ view_parse ] --START--
INFO: Run Behavior\ParseTemplate [ RunTime:0.011749s ]
INFO: [ view_parse ] --END-- [ RunTime:0.011833s ]
INFO: [ view_filter ] --START--
INFO: Run Behavior\WriteHtmlCache [ RunTime:0.000017s ]
INFO: [ view_filter ] --END-- [ RunTime:0.000069s ]
INFO: [ view_end ] --START--
INFO: [ view_end ] --END-- [ RunTime:0.000025s ]
INFO: [ app_end ] --START--
INFO: Run Behavior\ShowPageTrace [ RunTime:0.000040s ]
INFO: [ app_end ] --END-- [ RunTime:0.000093s ]

[ 2016-04-19T22:22:08+08:00 ] 118.193.200.89 /
INFO: [ app_init ] --START--
INFO: [ app_init ] --END-- [ RunTime:0.000332s ]
INFO: [ app_begin ] --START--
INFO: Run Behavior\ReadHtmlCache [ RunTime:0.000041s ]
INFO: [ app_begin ] --END-- [ RunTime:0.000090s ]
NOTIC: [8] A session had already been started - ignoring session_start() D:\localuser\ftp483451\Web\Connect2.1\qqConnectAPI.php 第 2 行.
INFO: [ action_begin ] --START--
INFO: [ action_begin ] --END-- [ RunTime:0.000044s ]
INFO: [ view_begin ] --START--
INFO: [ view_begin ] --END-- [ RunTime:0.000033s ]
INFO: [ view_parse ] --START--
INFO: Run Behavior\ParseTemplate [ RunTime:0.012096s ]
INFO: [ view_parse ] --END-- [ RunTime:0.012177s ]
INFO: [ view_filter ] --START--
INFO: Run Behavior\WriteHtmlCache [ RunTime:0.000017s ]
INFO: [ view_filter ] --END-- [ RunTime:0.000080s ]
INFO: [ view_end ] --START--
INFO: [ view_end ] --END-- [ RunTime:0.000030s ]
INFO: [ app_end ] --START--
INFO: Run Behavior\ShowPageTrace [ RunTime:0.000049s ]
INFO: [ app_end ] --END-- [ RunTime:0.000115s ]

